<?xml version="1.0" encoding="UTF-8"?>
<testsuite name="org.elasticsearch.upgrades.FullClusterRestartDownsampleIT" tests="2" skipped="0" failures="0" errors="0" timestamp="2025-12-04T07:31:44.135Z" hostname="bbee68ad056a" time="44.247">
  <properties/>
  <testcase name="testRollupIndex {cluster=OLD}" classname="org.elasticsearch.upgrades.FullClusterRestartDownsampleIT" time="1.981"/>
  <testcase name="testRollupIndex {cluster=UPGRADED}" classname="org.elasticsearch.upgrades.FullClusterRestartDownsampleIT" time="42.265"/>
  <system-out><![CDATA[[2025-12-04T07:31:13,310][INFO ][o.e.n.j.JdkVectorLibrary ] [[Test worker]] vec_caps=1
[2025-12-04T07:31:13,328][INFO ][o.e.n.NativeAccess       ] [[Test worker]] Using native vector library; to disable start with -Dorg.elasticsearch.nativeaccess.enableVectorLibrary=false
[2025-12-04T07:31:13,360][INFO ][o.e.n.NativeAccess       ] [[Test worker]] Using [jdk] native provider and native methods for [Linux]
[2025-12-04T00:31:14,444][INFO ][o.e.t.c.l.DefaultLocalClusterHandle] [suite] Starting Elasticsearch test cluster 'test-cluster'
[2025-12-04T00:31:14,453][INFO ][o.e.t.c.l.AbstractLocalClusterFactory] [[test-cluster-node-executor-0]] Starting Elasticsearch node 'test-cluster-1'
[2025-12-04T00:31:14,453][INFO ][o.e.t.c.l.AbstractLocalClusterFactory] [[test-cluster-node-executor-1]] Starting Elasticsearch node 'test-cluster-0'
[2025-12-04T00:31:14,453][INFO ][o.e.t.c.l.AbstractLocalClusterFactory] [[test-cluster-node-executor-0]] Creating installation for node 'test-cluster-1' in /repo/qa/full-cluster-restart/build/testrun/v8.19.0_bwcTest/temp/test-cluster7528365894742041216/test-cluster-1
[2025-12-04T00:31:14,453][INFO ][o.e.t.c.l.AbstractLocalClusterFactory] [[test-cluster-node-executor-1]] Creating installation for node 'test-cluster-0' in /repo/qa/full-cluster-restart/build/testrun/v8.19.0_bwcTest/temp/test-cluster7528365894742041216/test-cluster-0
[2025-12-04T00:31:14,456][INFO ][o.e.t.c.l.AbstractLocalClusterFactory] [[test-cluster-node-executor-1]] Distribution for node 'test-cluster-0': DefaultDistributionDescriptor{version=8.19.0, snapshot=true, distributionDir=/repo/distribution/archives/linux-tar/build/install, type=DEFAULT}
[2025-12-04T00:31:14,456][INFO ][o.e.t.c.l.AbstractLocalClusterFactory] [[test-cluster-node-executor-0]] Distribution for node 'test-cluster-1': DefaultDistributionDescriptor{version=8.19.0, snapshot=true, distributionDir=/repo/distribution/archives/linux-tar/build/install, type=DEFAULT}
[2025-12-04T00:31:15,909][INFO ][process-output           ] [[elasticsearch-keystore-log-forwarder]] Created elasticsearch keystore in /repo/qa/full-cluster-restart/build/testrun/v8.19.0_bwcTest/temp/test-cluster7528365894742041216/test-cluster-1/config/elasticsearch.keystore
[2025-12-04T00:31:15,945][INFO ][o.e.t.c.u.ProcessReaper  ] [[test-cluster-node-executor-0]] Launching reaper: /home/gradle/.gradle/jdks/oracle_corporation-24-amd64-linux.2/bin/java -Xms4m -Xmx16m -jar /repo/build-tools/reaper/build/libs/reaper.jar /repo/qa/full-cluster-restart/build/testrun/v8.19.0_bwcTest/temp/reaper-8690538124312102442
[2025-12-04T00:31:15,979][INFO ][process-output           ] [[elasticsearch-keystore-log-forwarder]] Created elasticsearch keystore in /repo/qa/full-cluster-restart/build/testrun/v8.19.0_bwcTest/temp/test-cluster7528365894742041216/test-cluster-0/config/elasticsearch.keystore
[2025-12-04T00:31:19,440][INFO ][o.e.n.j.JdkVectorLibrary ] [test-cluster-1] vec_caps=1
[2025-12-04T00:31:19,481][INFO ][o.e.n.NativeAccess       ] [test-cluster-1] Using native vector library; to disable start with -Dorg.elasticsearch.nativeaccess.enableVectorLibrary=false
[2025-12-04T00:31:19,510][INFO ][o.e.n.NativeAccess       ] [test-cluster-1] Using [jdk] native provider and native methods for [Linux]
[2025-12-04T00:31:19,620][INFO ][o.a.l.i.v.PanamaVectorizationProvider] [test-cluster-1] Java vector incubator API enabled; uses preferredBitSize=256; FMA enabled
[2025-12-04T00:31:19,647][INFO ][o.e.n.j.JdkVectorLibrary ] [test-cluster-0] vec_caps=1
[2025-12-04T00:31:19,686][INFO ][o.e.n.NativeAccess       ] [test-cluster-0] Using native vector library; to disable start with -Dorg.elasticsearch.nativeaccess.enableVectorLibrary=false
[2025-12-04T00:31:19,711][INFO ][o.e.n.NativeAccess       ] [test-cluster-0] Using [jdk] native provider and native methods for [Linux]
[2025-12-04T00:31:19,734][INFO ][o.e.b.Elasticsearch      ] [test-cluster-1] Bootstrapping Entitlements
[2025-12-04T00:31:19,838][INFO ][o.a.l.i.v.PanamaVectorizationProvider] [test-cluster-0] Java vector incubator API enabled; uses preferredBitSize=256; FMA enabled
[2025-12-04T00:31:19,934][INFO ][o.e.b.Elasticsearch      ] [test-cluster-0] Bootstrapping Entitlements
[2025-12-04T00:31:23,000][INFO ][o.e.n.Node               ] [test-cluster-1] version[8.19.0-SNAPSHOT], pid[3746], build[tar/e0c689bfd79b616caf2434dc7f1b9b5a65d232eb/2025-12-04T07:29:15.711961922Z], OS[Linux/6.8.0-1039-oracle/amd64], JVM[Oracle Corporation/OpenJDK 64-Bit Server VM/24/24+36-3646]
[2025-12-04T00:31:23,001][INFO ][o.e.n.Node               ] [test-cluster-1] JVM home [/home/gradle/.gradle/jdks/oracle_corporation-24-amd64-linux.2], using bundled JDK [false]
[2025-12-04T00:31:23,001][INFO ][o.e.n.Node               ] [test-cluster-1] JVM arguments [-Des.networkaddress.cache.ttl=60, -Des.networkaddress.cache.negative.ttl=10, -XX:+AlwaysPreTouch, -Xss1m, -Djava.awt.headless=true, -Dfile.encoding=UTF-8, -Djna.nosys=true, -XX:-OmitStackTraceInFastThrow, -Dio.netty.noUnsafe=true, -Dio.netty.noKeySetOptimization=true, -Dio.netty.recycler.maxCapacityPerThread=0, -Dlog4j.shutdownHookEnabled=false, -Dlog4j2.disable.jmx=true, -Dlog4j2.formatMsgNoLookups=true, -Djava.locale.providers=CLDR, -Dorg.apache.lucene.vectorization.upperJavaFeatureVersion=24, -Des.distribution.type=tar, -Des.java.type=null, --enable-native-access=org.elasticsearch.nativeaccess,org.apache.lucene.core, --enable-native-access=ALL-UNNAMED, --illegal-native-access=deny, -XX:ReplayDataFile=logs/replay_pid%p.log, -Des.entitlements.enabled=true, -XX:+EnableDynamicAgentLoading, -Djdk.attach.allowAttachSelf=true, --patch-module=java.base=lib/entitlement-bridge/elasticsearch-entitlement-bridge-8.19.0-SNAPSHOT.jar, --add-exports=java.base/org.elasticsearch.entitlement.bridge=org.elasticsearch.entitlement,java.logging,java.net.http,java.naming,jdk.net, -XX:+UseG1GC, -Djava.io.tmpdir=/repo/qa/full-cluster-restart/build/testrun/v8.19.0_bwcTest/temp/test-cluster7528365894742041216/test-cluster-1/tmp, --add-modules=jdk.incubator.vector, -XX:+HeapDumpOnOutOfMemoryError, -XX:+ExitOnOutOfMemoryError, -XX:HeapDumpPath=/repo/qa/full-cluster-restart/build/testrun/v8.19.0_bwcTest/temp/test-cluster7528365894742041216/test-cluster-1/logs, -XX:ErrorFile=/repo/qa/full-cluster-restart/build/testrun/v8.19.0_bwcTest/temp/test-cluster7528365894742041216/test-cluster-1/logs/hs_err_pid%p.log, -Xlog:gc*,gc+age=trace,safepoint:file=/repo/qa/full-cluster-restart/build/testrun/v8.19.0_bwcTest/temp/test-cluster7528365894742041216/test-cluster-1/logs/gc.log:utctime,level,pid,tags:filecount=32,filesize=64m, -Xms512m, -Xmx512m, -ea, -esa, -Dtests.testfeatures.enabled=true, -Dingest.geoip.downloader.enabled.default=false, -XX:MaxDirectMemorySize=268435456, -XX:G1HeapRegionSize=4m, -XX:InitiatingHeapOccupancyPercent=30, -XX:G1ReservePercent=15, --module-path=/repo/distribution/archives/linux-tar/build/install/elasticsearch-8.19.0-SNAPSHOT/lib, --add-modules=jdk.net, --add-modules=jdk.management.agent, --add-modules=ALL-MODULE-PATH, -Djdk.module.main=org.elasticsearch.server]
[2025-12-04T00:31:23,002][INFO ][o.e.n.Node               ] [test-cluster-1] Default Locale [en_US]
[2025-12-04T00:31:23,003][WARN ][o.e.n.Node               ] [test-cluster-1] version [8.19.0-SNAPSHOT] is a pre-release version of Elasticsearch and is not suitable for production
[2025-12-04T00:31:23,334][INFO ][o.e.n.Node               ] [test-cluster-0] version[8.19.0-SNAPSHOT], pid[3794], build[tar/e0c689bfd79b616caf2434dc7f1b9b5a65d232eb/2025-12-04T07:29:15.711961922Z], OS[Linux/6.8.0-1039-oracle/amd64], JVM[Oracle Corporation/OpenJDK 64-Bit Server VM/24/24+36-3646]
[2025-12-04T00:31:23,334][INFO ][o.e.n.Node               ] [test-cluster-0] JVM home [/home/gradle/.gradle/jdks/oracle_corporation-24-amd64-linux.2], using bundled JDK [false]
[2025-12-04T00:31:23,335][INFO ][o.e.n.Node               ] [test-cluster-0] JVM arguments [-Des.networkaddress.cache.ttl=60, -Des.networkaddress.cache.negative.ttl=10, -XX:+AlwaysPreTouch, -Xss1m, -Djava.awt.headless=true, -Dfile.encoding=UTF-8, -Djna.nosys=true, -XX:-OmitStackTraceInFastThrow, -Dio.netty.noUnsafe=true, -Dio.netty.noKeySetOptimization=true, -Dio.netty.recycler.maxCapacityPerThread=0, -Dlog4j.shutdownHookEnabled=false, -Dlog4j2.disable.jmx=true, -Dlog4j2.formatMsgNoLookups=true, -Djava.locale.providers=CLDR, -Dorg.apache.lucene.vectorization.upperJavaFeatureVersion=24, -Des.distribution.type=tar, -Des.java.type=null, --enable-native-access=org.elasticsearch.nativeaccess,org.apache.lucene.core, --enable-native-access=ALL-UNNAMED, --illegal-native-access=deny, -XX:ReplayDataFile=logs/replay_pid%p.log, -Des.entitlements.enabled=true, -XX:+EnableDynamicAgentLoading, -Djdk.attach.allowAttachSelf=true, --patch-module=java.base=lib/entitlement-bridge/elasticsearch-entitlement-bridge-8.19.0-SNAPSHOT.jar, --add-exports=java.base/org.elasticsearch.entitlement.bridge=org.elasticsearch.entitlement,java.logging,java.net.http,java.naming,jdk.net, -XX:+UseG1GC, -Djava.io.tmpdir=/repo/qa/full-cluster-restart/build/testrun/v8.19.0_bwcTest/temp/test-cluster7528365894742041216/test-cluster-0/tmp, --add-modules=jdk.incubator.vector, -XX:+HeapDumpOnOutOfMemoryError, -XX:+ExitOnOutOfMemoryError, -XX:HeapDumpPath=/repo/qa/full-cluster-restart/build/testrun/v8.19.0_bwcTest/temp/test-cluster7528365894742041216/test-cluster-0/logs, -XX:ErrorFile=/repo/qa/full-cluster-restart/build/testrun/v8.19.0_bwcTest/temp/test-cluster7528365894742041216/test-cluster-0/logs/hs_err_pid%p.log, -Xlog:gc*,gc+age=trace,safepoint:file=/repo/qa/full-cluster-restart/build/testrun/v8.19.0_bwcTest/temp/test-cluster7528365894742041216/test-cluster-0/logs/gc.log:utctime,level,pid,tags:filecount=32,filesize=64m, -Xms512m, -Xmx512m, -ea, -esa, -Dtests.testfeatures.enabled=true, -Dingest.geoip.downloader.enabled.default=false, -XX:MaxDirectMemorySize=268435456, -XX:G1HeapRegionSize=4m, -XX:InitiatingHeapOccupancyPercent=30, -XX:G1ReservePercent=15, --module-path=/repo/distribution/archives/linux-tar/build/install/elasticsearch-8.19.0-SNAPSHOT/lib, --add-modules=jdk.net, --add-modules=jdk.management.agent, --add-modules=ALL-MODULE-PATH, -Djdk.module.main=org.elasticsearch.server]
[2025-12-04T00:31:23,336][INFO ][o.e.n.Node               ] [test-cluster-0] Default Locale [en_US]
[2025-12-04T00:31:23,336][WARN ][o.e.n.Node               ] [test-cluster-0] version [8.19.0-SNAPSHOT] is a pre-release version of Elasticsearch and is not suitable for production
[2025-12-04T00:31:23,755][INFO ][o.e.c.u.FeatureFlag      ] [test-cluster-1] The current build is a snapshot, feature flag [esql_semantic_text] is enabled
[2025-12-04T00:31:23,755][INFO ][o.e.c.u.FeatureFlag      ] [test-cluster-1] The current build is a snapshot, feature flag [esql_aggregate_metric_double] is enabled
[2025-12-04T00:31:24,072][INFO ][o.e.c.u.FeatureFlag      ] [test-cluster-0] The current build is a snapshot, feature flag [esql_semantic_text] is enabled
[2025-12-04T00:31:24,073][INFO ][o.e.c.u.FeatureFlag      ] [test-cluster-0] The current build is a snapshot, feature flag [esql_aggregate_metric_double] is enabled
[2025-12-04T00:31:24,116][INFO ][o.e.c.u.FeatureFlag      ] [test-cluster-1] The current build is a snapshot, feature flag [esql_inlinestats] is enabled
[2025-12-04T00:31:24,414][INFO ][o.e.c.u.FeatureFlag      ] [test-cluster-0] The current build is a snapshot, feature flag [esql_inlinestats] is enabled
[2025-12-04T00:31:24,917][INFO ][o.e.p.PluginsService     ] [test-cluster-1] loaded module [repository-url]
[2025-12-04T00:31:24,918][INFO ][o.e.p.PluginsService     ] [test-cluster-1] loaded module [rest-root]
[2025-12-04T00:31:24,918][INFO ][o.e.p.PluginsService     ] [test-cluster-1] loaded module [x-pack-core]
[2025-12-04T00:31:24,918][INFO ][o.e.p.PluginsService     ] [test-cluster-1] loaded module [x-pack-redact]
[2025-12-04T00:31:24,918][INFO ][o.e.p.PluginsService     ] [test-cluster-1] loaded module [ingest-user-agent]
[2025-12-04T00:31:24,918][INFO ][o.e.p.PluginsService     ] [test-cluster-1] loaded module [x-pack-async-search]
[2025-12-04T00:31:24,918][INFO ][o.e.p.PluginsService     ] [test-cluster-1] loaded module [test-error-query]
[2025-12-04T00:31:24,919][INFO ][o.e.p.PluginsService     ] [test-cluster-1] loaded module [x-pack-monitoring]
[2025-12-04T00:31:24,919][INFO ][o.e.p.PluginsService     ] [test-cluster-1] loaded module [repository-s3]
[2025-12-04T00:31:24,919][INFO ][o.e.p.PluginsService     ] [test-cluster-1] loaded module [x-pack-analytics]
[2025-12-04T00:31:24,920][INFO ][o.e.p.PluginsService     ] [test-cluster-1] loaded module [x-pack-esql-core]
[2025-12-04T00:31:24,920][INFO ][o.e.p.PluginsService     ] [test-cluster-1] loaded module [x-pack-ent-search]
[2025-12-04T00:31:24,920][INFO ][o.e.p.PluginsService     ] [test-cluster-1] loaded module [x-pack-autoscaling]
[2025-12-04T00:31:24,921][INFO ][o.e.p.PluginsService     ] [test-cluster-1] loaded module [lang-painless]
[2025-12-04T00:31:24,921][INFO ][o.e.p.PluginsService     ] [test-cluster-1] loaded module [x-pack-ml]
[2025-12-04T00:31:24,922][INFO ][o.e.p.PluginsService     ] [test-cluster-1] loaded module [test-die-with-dignity]
[2025-12-04T00:31:24,923][INFO ][o.e.p.PluginsService     ] [test-cluster-1] loaded module [legacy-geo]
[2025-12-04T00:31:24,923][INFO ][o.e.p.PluginsService     ] [test-cluster-1] loaded module [lang-mustache]
[2025-12-04T00:31:24,924][INFO ][o.e.p.PluginsService     ] [test-cluster-1] loaded module [logsdb]
[2025-12-04T00:31:24,924][INFO ][o.e.p.PluginsService     ] [test-cluster-1] loaded module [x-pack-ql]
[2025-12-04T00:31:24,924][INFO ][o.e.p.PluginsService     ] [test-cluster-1] loaded module [rank-rrf]
[2025-12-04T00:31:24,924][INFO ][o.e.p.PluginsService     ] [test-cluster-1] loaded module [analysis-common]
[2025-12-04T00:31:24,925][INFO ][o.e.p.PluginsService     ] [test-cluster-1] loaded module [health-shards-availability]
[2025-12-04T00:31:24,925][INFO ][o.e.p.PluginsService     ] [test-cluster-1] loaded module [transport-netty4]
[2025-12-04T00:31:24,925][INFO ][o.e.p.PluginsService     ] [test-cluster-1] loaded module [aggregations]
[2025-12-04T00:31:24,926][INFO ][o.e.p.PluginsService     ] [test-cluster-1] loaded module [ingest-common]
[2025-12-04T00:31:24,926][INFO ][o.e.p.PluginsService     ] [test-cluster-1] loaded module [frozen-indices]
[2025-12-04T00:31:24,926][INFO ][o.e.p.PluginsService     ] [test-cluster-1] loaded module [x-pack-identity-provider]
[2025-12-04T00:31:24,926][INFO ][o.e.p.PluginsService     ] [test-cluster-1] loaded module [x-pack-text-structure]
[2025-12-04T00:31:24,926][INFO ][o.e.p.PluginsService     ] [test-cluster-1] loaded module [x-pack-shutdown]
[2025-12-04T00:31:24,926][INFO ][o.e.p.PluginsService     ] [test-cluster-1] loaded module [snapshot-repo-test-kit]
[2025-12-04T00:31:24,927][INFO ][o.e.p.PluginsService     ] [test-cluster-1] loaded module [test-delayed-aggs]
[2025-12-04T00:31:24,927][INFO ][o.e.p.PluginsService     ] [test-cluster-1] loaded module [ml-package-loader]
[2025-12-04T00:31:24,927][INFO ][o.e.p.PluginsService     ] [test-cluster-1] loaded module [kibana]
[2025-12-04T00:31:24,927][INFO ][o.e.p.PluginsService     ] [test-cluster-1] loaded module [test-esql-heap-attack]
[2025-12-04T00:31:24,928][INFO ][o.e.p.PluginsService     ] [test-cluster-1] loaded module [constant-keyword]
[2025-12-04T00:31:24,928][INFO ][o.e.p.PluginsService     ] [test-cluster-1] loaded module [x-pack-logstash]
[2025-12-04T00:31:24,928][INFO ][o.e.p.PluginsService     ] [test-cluster-1] loaded module [x-pack-graph]
[2025-12-04T00:31:24,928][INFO ][o.e.p.PluginsService     ] [test-cluster-1] loaded module [x-pack-ccr]
[2025-12-04T00:31:24,928][INFO ][o.e.p.PluginsService     ] [test-cluster-1] loaded module [rank-vectors]
[2025-12-04T00:31:24,929][INFO ][o.e.p.PluginsService     ] [test-cluster-1] loaded module [x-pack-esql]
[2025-12-04T00:31:24,929][INFO ][o.e.p.PluginsService     ] [test-cluster-1] loaded module [parent-join]
[2025-12-04T00:31:24,929][INFO ][o.e.p.PluginsService     ] [test-cluster-1] loaded module [counted-keyword]
[2025-12-04T00:31:24,929][INFO ][o.e.p.PluginsService     ] [test-cluster-1] loaded module [x-pack-enrich]
[2025-12-04T00:31:24,929][INFO ][o.e.p.PluginsService     ] [test-cluster-1] loaded module [repositories-metering-api]
[2025-12-04T00:31:24,929][INFO ][o.e.p.PluginsService     ] [test-cluster-1] loaded module [transform]
[2025-12-04T00:31:24,930][INFO ][o.e.p.PluginsService     ] [test-cluster-1] loaded module [repository-azure]
[2025-12-04T00:31:24,931][INFO ][o.e.p.PluginsService     ] [test-cluster-1] loaded module [dot-prefix-validation]
[2025-12-04T00:31:24,931][INFO ][o.e.p.PluginsService     ] [test-cluster-1] loaded module [repository-gcs]
[2025-12-04T00:31:24,931][INFO ][o.e.p.PluginsService     ] [test-cluster-1] loaded module [x-pack-otel-data]
[2025-12-04T00:31:24,931][INFO ][o.e.p.PluginsService     ] [test-cluster-1] loaded module [spatial]
[2025-12-04T00:31:24,933][INFO ][o.e.p.PluginsService     ] [test-cluster-1] loaded module [mapper-version]
[2025-12-04T00:31:24,933][INFO ][o.e.p.PluginsService     ] [test-cluster-1] loaded module [apm]
[2025-12-04T00:31:24,933][INFO ][o.e.p.PluginsService     ] [test-cluster-1] loaded module [mapper-extras]
[2025-12-04T00:31:24,934][INFO ][o.e.p.PluginsService     ] [test-cluster-1] loaded module [test-jvm-crash]
[2025-12-04T00:31:24,934][INFO ][o.e.p.PluginsService     ] [test-cluster-1] loaded module [x-pack-rollup]
[2025-12-04T00:31:24,934][INFO ][o.e.p.PluginsService     ] [test-cluster-1] loaded module [percolator]
[2025-12-04T00:31:24,934][INFO ][o.e.p.PluginsService     ] [test-cluster-1] loaded module [x-pack-migrate]
[2025-12-04T00:31:24,934][INFO ][o.e.p.PluginsService     ] [test-cluster-1] loaded module [data-streams]
[2025-12-04T00:31:24,935][INFO ][o.e.p.PluginsService     ] [test-cluster-1] loaded module [x-pack-stack]
[2025-12-04T00:31:24,935][INFO ][o.e.p.PluginsService     ] [test-cluster-1] loaded module [rank-eval]
[2025-12-04T00:31:24,936][INFO ][o.e.p.PluginsService     ] [test-cluster-1] loaded module [reindex]
[2025-12-04T00:31:24,936][INFO ][o.e.p.PluginsService     ] [test-cluster-1] loaded module [test-apm-integration]
[2025-12-04T00:31:24,936][INFO ][o.e.p.PluginsService     ] [test-cluster-1] loaded module [x-pack-security]
[2025-12-04T00:31:24,936][INFO ][o.e.p.PluginsService     ] [test-cluster-1] loaded module [blob-cache]
[2025-12-04T00:31:24,936][INFO ][o.e.p.PluginsService     ] [test-cluster-1] loaded module [searchable-snapshots]
[2025-12-04T00:31:24,936][INFO ][o.e.p.PluginsService     ] [test-cluster-1] loaded module [x-pack-slm]
[2025-12-04T00:31:24,937][INFO ][o.e.p.PluginsService     ] [test-cluster-1] loaded module [x-pack-geoip-enterprise-downloader]
[2025-12-04T00:31:24,937][INFO ][o.e.p.PluginsService     ] [test-cluster-1] loaded module [snapshot-based-recoveries]
[2025-12-04T00:31:24,937][INFO ][o.e.p.PluginsService     ] [test-cluster-1] loaded module [test-latency-simulating-directory]
[2025-12-04T00:31:24,937][INFO ][o.e.p.PluginsService     ] [test-cluster-1] loaded module [x-pack-watcher]
[2025-12-04T00:31:24,938][INFO ][o.e.p.PluginsService     ] [test-cluster-1] loaded module [old-lucene-versions]
[2025-12-04T00:31:24,938][INFO ][o.e.p.PluginsService     ] [test-cluster-1] loaded module [x-pack-ilm]
[2025-12-04T00:31:24,938][INFO ][o.e.p.PluginsService     ] [test-cluster-1] loaded module [x-pack-voting-only-node]
[2025-12-04T00:31:24,938][INFO ][o.e.p.PluginsService     ] [test-cluster-1] loaded module [x-pack-inference]
[2025-12-04T00:31:24,939][INFO ][o.e.p.PluginsService     ] [test-cluster-1] loaded module [x-pack-deprecation]
[2025-12-04T00:31:24,939][INFO ][o.e.p.PluginsService     ] [test-cluster-1] loaded module [x-pack-fleet]
[2025-12-04T00:31:24,939][INFO ][o.e.p.PluginsService     ] [test-cluster-1] loaded module [x-pack-profiling]
[2025-12-04T00:31:24,939][INFO ][o.e.p.PluginsService     ] [test-cluster-1] loaded module [x-pack-aggregate-metric]
[2025-12-04T00:31:24,939][INFO ][o.e.p.PluginsService     ] [test-cluster-1] loaded module [x-pack-downsample]
[2025-12-04T00:31:24,939][INFO ][o.e.p.PluginsService     ] [test-cluster-1] loaded module [ingest-geoip]
[2025-12-04T00:31:24,940][INFO ][o.e.p.PluginsService     ] [test-cluster-1] loaded module [x-pack-write-load-forecaster]
[2025-12-04T00:31:24,940][INFO ][o.e.p.PluginsService     ] [test-cluster-1] loaded module [search-business-rules]
[2025-12-04T00:31:24,940][INFO ][o.e.p.PluginsService     ] [test-cluster-1] loaded module [ingest-attachment]
[2025-12-04T00:31:24,940][INFO ][o.e.p.PluginsService     ] [test-cluster-1] loaded module [wildcard]
[2025-12-04T00:31:24,940][INFO ][o.e.p.PluginsService     ] [test-cluster-1] loaded module [x-pack-apm-data]
[2025-12-04T00:31:24,940][INFO ][o.e.p.PluginsService     ] [test-cluster-1] loaded module [x-pack-sql]
[2025-12-04T00:31:24,940][INFO ][o.e.p.PluginsService     ] [test-cluster-1] loaded module [unsigned-long]
[2025-12-04T00:31:24,941][INFO ][o.e.p.PluginsService     ] [test-cluster-1] loaded module [runtime-fields-common]
[2025-12-04T00:31:24,941][INFO ][o.e.p.PluginsService     ] [test-cluster-1] loaded module [x-pack-async]
[2025-12-04T00:31:24,941][INFO ][o.e.p.PluginsService     ] [test-cluster-1] loaded module [vector-tile]
[2025-12-04T00:31:24,943][INFO ][o.e.p.PluginsService     ] [test-cluster-1] loaded module [x-pack-kql]
[2025-12-04T00:31:24,943][INFO ][o.e.p.PluginsService     ] [test-cluster-1] loaded module [lang-expression]
[2025-12-04T00:31:24,943][INFO ][o.e.p.PluginsService     ] [test-cluster-1] loaded module [x-pack-eql]
[2025-12-04T00:31:25,131][INFO ][o.e.c.u.FeatureFlag      ] [test-cluster-1] The current build is a snapshot, feature flag [failure_store] is enabled
[2025-12-04T00:31:25,223][INFO ][o.e.p.PluginsService     ] [test-cluster-0] loaded module [repository-url]
[2025-12-04T00:31:25,224][INFO ][o.e.p.PluginsService     ] [test-cluster-0] loaded module [rest-root]
[2025-12-04T00:31:25,224][INFO ][o.e.p.PluginsService     ] [test-cluster-0] loaded module [x-pack-core]
[2025-12-04T00:31:25,224][INFO ][o.e.p.PluginsService     ] [test-cluster-0] loaded module [x-pack-redact]
[2025-12-04T00:31:25,224][INFO ][o.e.p.PluginsService     ] [test-cluster-0] loaded module [ingest-user-agent]
[2025-12-04T00:31:25,225][INFO ][o.e.p.PluginsService     ] [test-cluster-0] loaded module [x-pack-async-search]
[2025-12-04T00:31:25,225][INFO ][o.e.p.PluginsService     ] [test-cluster-0] loaded module [test-error-query]
[2025-12-04T00:31:25,225][INFO ][o.e.p.PluginsService     ] [test-cluster-0] loaded module [x-pack-monitoring]
[2025-12-04T00:31:25,225][INFO ][o.e.p.PluginsService     ] [test-cluster-0] loaded module [repository-s3]
[2025-12-04T00:31:25,225][INFO ][o.e.p.PluginsService     ] [test-cluster-0] loaded module [x-pack-analytics]
[2025-12-04T00:31:25,226][INFO ][o.e.p.PluginsService     ] [test-cluster-0] loaded module [x-pack-esql-core]
[2025-12-04T00:31:25,226][INFO ][o.e.p.PluginsService     ] [test-cluster-0] loaded module [x-pack-ent-search]
[2025-12-04T00:31:25,226][INFO ][o.e.p.PluginsService     ] [test-cluster-0] loaded module [x-pack-autoscaling]
[2025-12-04T00:31:25,226][INFO ][o.e.p.PluginsService     ] [test-cluster-0] loaded module [lang-painless]
[2025-12-04T00:31:25,227][INFO ][o.e.p.PluginsService     ] [test-cluster-0] loaded module [x-pack-ml]
[2025-12-04T00:31:25,227][INFO ][o.e.p.PluginsService     ] [test-cluster-0] loaded module [test-die-with-dignity]
[2025-12-04T00:31:25,227][INFO ][o.e.p.PluginsService     ] [test-cluster-0] loaded module [legacy-geo]
[2025-12-04T00:31:25,228][INFO ][o.e.p.PluginsService     ] [test-cluster-0] loaded module [lang-mustache]
[2025-12-04T00:31:25,228][INFO ][o.e.p.PluginsService     ] [test-cluster-0] loaded module [logsdb]
[2025-12-04T00:31:25,228][INFO ][o.e.p.PluginsService     ] [test-cluster-0] loaded module [x-pack-ql]
[2025-12-04T00:31:25,228][INFO ][o.e.p.PluginsService     ] [test-cluster-0] loaded module [rank-rrf]
[2025-12-04T00:31:25,229][INFO ][o.e.p.PluginsService     ] [test-cluster-0] loaded module [analysis-common]
[2025-12-04T00:31:25,229][INFO ][o.e.p.PluginsService     ] [test-cluster-0] loaded module [health-shards-availability]
[2025-12-04T00:31:25,229][INFO ][o.e.p.PluginsService     ] [test-cluster-0] loaded module [transport-netty4]
[2025-12-04T00:31:25,229][INFO ][o.e.p.PluginsService     ] [test-cluster-0] loaded module [aggregations]
[2025-12-04T00:31:25,229][INFO ][o.e.p.PluginsService     ] [test-cluster-0] loaded module [ingest-common]
[2025-12-04T00:31:25,230][INFO ][o.e.p.PluginsService     ] [test-cluster-0] loaded module [frozen-indices]
[2025-12-04T00:31:25,230][INFO ][o.e.p.PluginsService     ] [test-cluster-0] loaded module [x-pack-identity-provider]
[2025-12-04T00:31:25,230][INFO ][o.e.p.PluginsService     ] [test-cluster-0] loaded module [x-pack-text-structure]
[2025-12-04T00:31:25,230][INFO ][o.e.p.PluginsService     ] [test-cluster-0] loaded module [x-pack-shutdown]
[2025-12-04T00:31:25,231][INFO ][o.e.p.PluginsService     ] [test-cluster-0] loaded module [snapshot-repo-test-kit]
[2025-12-04T00:31:25,231][INFO ][o.e.p.PluginsService     ] [test-cluster-0] loaded module [test-delayed-aggs]
[2025-12-04T00:31:25,231][INFO ][o.e.p.PluginsService     ] [test-cluster-0] loaded module [ml-package-loader]
[2025-12-04T00:31:25,231][INFO ][o.e.p.PluginsService     ] [test-cluster-0] loaded module [kibana]
[2025-12-04T00:31:25,231][INFO ][o.e.p.PluginsService     ] [test-cluster-0] loaded module [test-esql-heap-attack]
[2025-12-04T00:31:25,232][INFO ][o.e.p.PluginsService     ] [test-cluster-0] loaded module [constant-keyword]
[2025-12-04T00:31:25,232][INFO ][o.e.p.PluginsService     ] [test-cluster-0] loaded module [x-pack-logstash]
[2025-12-04T00:31:25,232][INFO ][o.e.p.PluginsService     ] [test-cluster-0] loaded module [x-pack-graph]
[2025-12-04T00:31:25,232][INFO ][o.e.p.PluginsService     ] [test-cluster-0] loaded module [x-pack-ccr]
[2025-12-04T00:31:25,232][INFO ][o.e.p.PluginsService     ] [test-cluster-0] loaded module [rank-vectors]
[2025-12-04T00:31:25,233][INFO ][o.e.p.PluginsService     ] [test-cluster-0] loaded module [x-pack-esql]
[2025-12-04T00:31:25,233][INFO ][o.e.p.PluginsService     ] [test-cluster-0] loaded module [parent-join]
[2025-12-04T00:31:25,233][INFO ][o.e.p.PluginsService     ] [test-cluster-0] loaded module [counted-keyword]
[2025-12-04T00:31:25,233][INFO ][o.e.p.PluginsService     ] [test-cluster-0] loaded module [x-pack-enrich]
[2025-12-04T00:31:25,233][INFO ][o.e.p.PluginsService     ] [test-cluster-0] loaded module [repositories-metering-api]
[2025-12-04T00:31:25,233][INFO ][o.e.p.PluginsService     ] [test-cluster-0] loaded module [transform]
[2025-12-04T00:31:25,233][INFO ][o.e.p.PluginsService     ] [test-cluster-0] loaded module [repository-azure]
[2025-12-04T00:31:25,234][INFO ][o.e.p.PluginsService     ] [test-cluster-0] loaded module [dot-prefix-validation]
[2025-12-04T00:31:25,234][INFO ][o.e.p.PluginsService     ] [test-cluster-0] loaded module [repository-gcs]
[2025-12-04T00:31:25,234][INFO ][o.e.p.PluginsService     ] [test-cluster-0] loaded module [x-pack-otel-data]
[2025-12-04T00:31:25,234][INFO ][o.e.p.PluginsService     ] [test-cluster-0] loaded module [spatial]
[2025-12-04T00:31:25,234][INFO ][o.e.p.PluginsService     ] [test-cluster-0] loaded module [mapper-version]
[2025-12-04T00:31:25,234][INFO ][o.e.p.PluginsService     ] [test-cluster-0] loaded module [apm]
[2025-12-04T00:31:25,235][INFO ][o.e.p.PluginsService     ] [test-cluster-0] loaded module [mapper-extras]
[2025-12-04T00:31:25,235][INFO ][o.e.p.PluginsService     ] [test-cluster-0] loaded module [test-jvm-crash]
[2025-12-04T00:31:25,235][INFO ][o.e.p.PluginsService     ] [test-cluster-0] loaded module [x-pack-rollup]
[2025-12-04T00:31:25,235][INFO ][o.e.p.PluginsService     ] [test-cluster-0] loaded module [percolator]
[2025-12-04T00:31:25,235][INFO ][o.e.p.PluginsService     ] [test-cluster-0] loaded module [x-pack-migrate]
[2025-12-04T00:31:25,235][INFO ][o.e.p.PluginsService     ] [test-cluster-0] loaded module [data-streams]
[2025-12-04T00:31:25,235][INFO ][o.e.p.PluginsService     ] [test-cluster-0] loaded module [x-pack-stack]
[2025-12-04T00:31:25,235][INFO ][o.e.p.PluginsService     ] [test-cluster-0] loaded module [rank-eval]
[2025-12-04T00:31:25,236][INFO ][o.e.p.PluginsService     ] [test-cluster-0] loaded module [reindex]
[2025-12-04T00:31:25,236][INFO ][o.e.p.PluginsService     ] [test-cluster-0] loaded module [test-apm-integration]
[2025-12-04T00:31:25,236][INFO ][o.e.p.PluginsService     ] [test-cluster-0] loaded module [x-pack-security]
[2025-12-04T00:31:25,236][INFO ][o.e.p.PluginsService     ] [test-cluster-0] loaded module [blob-cache]
[2025-12-04T00:31:25,236][INFO ][o.e.p.PluginsService     ] [test-cluster-0] loaded module [searchable-snapshots]
[2025-12-04T00:31:25,237][INFO ][o.e.p.PluginsService     ] [test-cluster-0] loaded module [x-pack-slm]
[2025-12-04T00:31:25,237][INFO ][o.e.p.PluginsService     ] [test-cluster-0] loaded module [x-pack-geoip-enterprise-downloader]
[2025-12-04T00:31:25,237][INFO ][o.e.p.PluginsService     ] [test-cluster-0] loaded module [snapshot-based-recoveries]
[2025-12-04T00:31:25,237][INFO ][o.e.p.PluginsService     ] [test-cluster-0] loaded module [test-latency-simulating-directory]
[2025-12-04T00:31:25,237][INFO ][o.e.p.PluginsService     ] [test-cluster-0] loaded module [x-pack-watcher]
[2025-12-04T00:31:25,238][INFO ][o.e.p.PluginsService     ] [test-cluster-0] loaded module [old-lucene-versions]
[2025-12-04T00:31:25,239][INFO ][o.e.p.PluginsService     ] [test-cluster-0] loaded module [x-pack-ilm]
[2025-12-04T00:31:25,239][INFO ][o.e.p.PluginsService     ] [test-cluster-0] loaded module [x-pack-voting-only-node]
[2025-12-04T00:31:25,239][INFO ][o.e.p.PluginsService     ] [test-cluster-0] loaded module [x-pack-inference]
[2025-12-04T00:31:25,239][INFO ][o.e.p.PluginsService     ] [test-cluster-0] loaded module [x-pack-deprecation]
[2025-12-04T00:31:25,239][INFO ][o.e.p.PluginsService     ] [test-cluster-0] loaded module [x-pack-fleet]
[2025-12-04T00:31:25,239][INFO ][o.e.p.PluginsService     ] [test-cluster-0] loaded module [x-pack-profiling]
[2025-12-04T00:31:25,240][INFO ][o.e.p.PluginsService     ] [test-cluster-0] loaded module [x-pack-aggregate-metric]
[2025-12-04T00:31:25,240][INFO ][o.e.p.PluginsService     ] [test-cluster-0] loaded module [x-pack-downsample]
[2025-12-04T00:31:25,240][INFO ][o.e.p.PluginsService     ] [test-cluster-0] loaded module [ingest-geoip]
[2025-12-04T00:31:25,240][INFO ][o.e.p.PluginsService     ] [test-cluster-0] loaded module [x-pack-write-load-forecaster]
[2025-12-04T00:31:25,240][INFO ][o.e.p.PluginsService     ] [test-cluster-0] loaded module [search-business-rules]
[2025-12-04T00:31:25,240][INFO ][o.e.p.PluginsService     ] [test-cluster-0] loaded module [ingest-attachment]
[2025-12-04T00:31:25,241][INFO ][o.e.p.PluginsService     ] [test-cluster-0] loaded module [wildcard]
[2025-12-04T00:31:25,241][INFO ][o.e.p.PluginsService     ] [test-cluster-0] loaded module [x-pack-apm-data]
[2025-12-04T00:31:25,241][INFO ][o.e.p.PluginsService     ] [test-cluster-0] loaded module [x-pack-sql]
[2025-12-04T00:31:25,241][INFO ][o.e.p.PluginsService     ] [test-cluster-0] loaded module [unsigned-long]
[2025-12-04T00:31:25,241][INFO ][o.e.p.PluginsService     ] [test-cluster-0] loaded module [runtime-fields-common]
[2025-12-04T00:31:25,241][INFO ][o.e.p.PluginsService     ] [test-cluster-0] loaded module [x-pack-async]
[2025-12-04T00:31:25,242][INFO ][o.e.p.PluginsService     ] [test-cluster-0] loaded module [vector-tile]
[2025-12-04T00:31:25,243][INFO ][o.e.p.PluginsService     ] [test-cluster-0] loaded module [x-pack-kql]
[2025-12-04T00:31:25,243][INFO ][o.e.p.PluginsService     ] [test-cluster-0] loaded module [lang-expression]
[2025-12-04T00:31:25,243][INFO ][o.e.p.PluginsService     ] [test-cluster-0] loaded module [x-pack-eql]
[2025-12-04T00:31:25,566][INFO ][o.e.c.u.FeatureFlag      ] [test-cluster-0] The current build is a snapshot, feature flag [failure_store] is enabled
[2025-12-04T00:31:26,789][INFO ][o.e.e.NodeEnvironment    ] [test-cluster-1] using [1] data paths, mounts [[/ (overlay)]], net usable_space [891gb], net total_space [968.9gb], types [overlay]
[2025-12-04T00:31:26,789][INFO ][o.e.e.NodeEnvironment    ] [test-cluster-1] heap size [512mb], compressed ordinary object pointers [true]
[2025-12-04T00:31:26,810][INFO ][o.e.n.Node               ] [test-cluster-1] node name [test-cluster-1], node ID [6cXKlQ1dS_OCrJ30vHDG-A], cluster name [test-cluster], roles [ml, data_hot, transform, data_content, data_warm, master, remote_cluster_client, data, data_cold, ingest, data_frozen]
[2025-12-04T00:31:27,276][INFO ][o.e.e.NodeEnvironment    ] [test-cluster-0] using [1] data paths, mounts [[/ (overlay)]], net usable_space [890.9gb], net total_space [968.9gb], types [overlay]
[2025-12-04T00:31:27,277][INFO ][o.e.e.NodeEnvironment    ] [test-cluster-0] heap size [512mb], compressed ordinary object pointers [true]
[2025-12-04T00:31:27,291][INFO ][o.e.n.Node               ] [test-cluster-0] node name [test-cluster-0], node ID [L7eb3qwvRNa8noL06qQV8w], cluster name [test-cluster], roles [ml, data_hot, transform, data_content, data_warm, master, remote_cluster_client, data, data_cold, ingest, data_frozen]
[2025-12-04T00:31:29,836][INFO ][o.e.c.u.FeatureFlag      ] [test-cluster-1] The current build is a snapshot, feature flag [connector_secrets] is enabled
[2025-12-04T00:31:30,282][INFO ][o.e.c.u.FeatureFlag      ] [test-cluster-0] The current build is a snapshot, feature flag [connector_secrets] is enabled
[2025-12-04T00:31:31,151][INFO ][o.e.i.r.RecoverySettings ] [test-cluster-1] using rate limit [40mb] with [default=40mb, read=0b, write=0b, max=0b]
[2025-12-04T00:31:31,331][WARN ][o.e.f.FeatureData        ] [test-cluster-1] WARNING: Test features are enabled. This should ONLY be used in automated tests.
[2025-12-04T00:31:31,345][INFO ][o.e.c.u.FeatureFlag      ] [test-cluster-1] The current build is a snapshot, feature flag [sub_objects_auto] is enabled
[2025-12-04T00:31:31,438][INFO ][o.e.f.FeatureService     ] [test-cluster-1] Registered local node features [cluster.stats.source_modes, data_stream.auto_sharding, data_stream.downsample.default_aggregate_metric_fix, data_stream.failure_store.tsdb_fix, data_stream.lifecycle.global_retention, data_stream.rollover.lazy, desired_node.version_deprecated, esql.agg_values, esql.async_query, esql.base64_decode_encode, esql.casting_operator, esql.counter_types, esql.disable_nullable_opts, esql.from_options, esql.metadata_fields, esql.metrics_counter_fields, esql.metrics_syntax, esql.mv_ordering_sorted_ascending, esql.mv_sort, esql.resolve_fields_api, esql.spatial_points_from_source, esql.spatial_shapes, esql.st_centroid_agg, esql.st_contains_within, esql.st_disjoint, esql.st_intersects, esql.st_x_y, esql.string_literal_auto_casting, esql.string_literal_auto_casting_extended, esql.timespan_abbreviations, features_supported, file_settings, flattened.ignore_above_support, geoip.downloader.database.configuration, get_database_configuration_action.multi_node, health.dsl.info, health.extended_repository_indicator, index.logsdb_no_host_name_field, inner_retrievers_filter_support, knn_retriever_supported, license-trial-independent-version, linear_retriever_supported, logsdb_telemetry, logsdb_telemetry_stats, mapper.boolean_dimension, mapper.constant_keyword.synthetic_source_write_fix, mapper.copy_to.dynamic_handling, mapper.counted_keyword.synthetic_source_native_support, mapper.fix_parsing_subobjects_false_dynamic_false, mapper.flattened.ignore_above_with_arrays_support, mapper.ignore_above_index_level_setting, mapper.ignored_source.always_store_object_arrays_in_nested, mapper.ignored_source.dont_expand_dots, mapper.index_sorting_on_nested, mapper.keyword_dimension_ignore_above, mapper.keyword_normalizer_synthetic_source, mapper.logsdb_default_ignore_dynamic_beyond_limit, mapper.nested.sorting_fields_check_fix, mapper.pass_through_priority, mapper.query_index_mode, mapper.range.date_range_indexing_fix, mapper.range.null_values_off_by_one_fix, mapper.segment_level_fields_stats, mapper.source.mode_from_index_setting, mapper.source.remove_synthetic_source_only_validation, mapper.source.synthetic_source_copy_to_fix, mapper.source.synthetic_source_copy_to_inside_objects_fix, mapper.source.synthetic_source_fallback, mapper.source.synthetic_source_stored_fields_advance_fix, mapper.source.synthetic_source_with_copy_to_and_doc_values_false, mapper.sparse_vector.store_support, mapper.subobjects_auto, mapper.subobjects_auto_fixes, mapper.subobjects_false_mapping_update_fix, mapper.synthetic_recovery_source, mapper.synthetic_source_keep, mapper.track_ignored_source, mapper.tsdb_nested_field_support, mapper.unknown_field_mapping_update_error_message, mapper.vectors.bbq, mapper.vectors.bit_vectors, mapper.vectors.int4_quantization, meta_fetch_fields_error_code_changed, put_database_configuration_action.ipinfo, query_rule_list_types, query_rule_retriever_supported, query_rules.numeric_validation, query_rules.test, random_reranker_retriever_supported, rank_vectors, repositories.supports_usage_stats, rest.capabilities_action, rest.local_only_capabilities, retrievers_supported, routing.boolean_routing_path, routing.logsb_route_on_sort_fields, routing.multi_value_routing_path, rrf_retriever_composition_supported, rrf_retriever_supported, script.hamming, script.term_stats, search.completion_field.duplicate.support, search.retriever.rescorer.enabled, search.semantic_knn_filter_fix, search.semantic_knn_vector_query_rewrite_interception_supported, search.semantic_match_query_rewrite_interception_supported, search.semantic_sparse_vector_query_rewrite_interception_supported, search.vectors.k_param_supported, security.migration_framework, security.queryable_built_in_roles, security.role_mapping_cleanup, security.roles_metadata_flattened, semantic_text.always_emit_inference_id_fix, semantic_text.bit_vector_support, semantic_text.default_elser_2, semantic_text.delete_fix, semantic_text.handle_empty_input, semantic_text.highlighter, semantic_text.highlighter.default, semantic_text.in_object_field_fix, semantic_text.inference_metadata_fields.enabled_by_default, semantic_text.inference_metadata_fields.explicit_null_fixes, semantic_text.search_inference_id, semantic_text.single_field_update_fix, semantic_text.skip_inference_fields, semantic_text.zero_size_fix, simulate.component.template.substitutions, simulate.ignored.fields, simulate.index.template.substitutions, simulate.mapping.addition, simulate.mapping.validation, simulate.mapping.validation.templates, simulate.support.non.template.mapping, slm.interval_schedule, snapshot.repository_verify_integrity, standard_retriever_supported, stats.include_disk_thresholds, test_features_enabled, test_reranking_service.parse_text_as_score, text_similarity_reranker_alias_handling_fix, text_similarity_reranker_retriever_composition_supported, text_similarity_reranker_retriever_supported, tsdb.ts_routing_hash_doc_value_parse_byte_ref, unified_highlighter_matched_fields, usage.data_tiers.precalculate_stats]
[2025-12-04T00:31:31,477][INFO ][o.e.c.m.DataStreamGlobalRetentionSettings] [test-cluster-1] Updated default factory retention to [null]
[2025-12-04T00:31:31,477][INFO ][o.e.c.m.DataStreamGlobalRetentionSettings] [test-cluster-1] Updated max factory retention to [null]
[2025-12-04T00:31:31,478][INFO ][o.e.c.m.DataStreamFailureStoreSettings] [test-cluster-1] Updated data stream name patterns for enabling failure store to [[]]
[2025-12-04T00:31:31,704][INFO ][o.e.i.r.RecoverySettings ] [test-cluster-0] using rate limit [40mb] with [default=40mb, read=0b, write=0b, max=0b]
[2025-12-04T00:31:31,817][INFO ][o.e.x.m.p.l.CppLogMessageHandler] [test-cluster-1] [controller/3890] [Main.cc@123] controller (64 bit): Version 8.19.0-SNAPSHOT (Build b81eec921bbb2f) Copyright (c) 2025 Elasticsearch BV
[2025-12-04T00:31:31,920][WARN ][o.e.f.FeatureData        ] [test-cluster-0] WARNING: Test features are enabled. This should ONLY be used in automated tests.
[2025-12-04T00:31:31,996][INFO ][o.e.c.u.FeatureFlag      ] [test-cluster-0] The current build is a snapshot, feature flag [sub_objects_auto] is enabled
[2025-12-04T00:31:32,076][INFO ][o.e.f.FeatureService     ] [test-cluster-0] Registered local node features [cluster.stats.source_modes, data_stream.auto_sharding, data_stream.downsample.default_aggregate_metric_fix, data_stream.failure_store.tsdb_fix, data_stream.lifecycle.global_retention, data_stream.rollover.lazy, desired_node.version_deprecated, esql.agg_values, esql.async_query, esql.base64_decode_encode, esql.casting_operator, esql.counter_types, esql.disable_nullable_opts, esql.from_options, esql.metadata_fields, esql.metrics_counter_fields, esql.metrics_syntax, esql.mv_ordering_sorted_ascending, esql.mv_sort, esql.resolve_fields_api, esql.spatial_points_from_source, esql.spatial_shapes, esql.st_centroid_agg, esql.st_contains_within, esql.st_disjoint, esql.st_intersects, esql.st_x_y, esql.string_literal_auto_casting, esql.string_literal_auto_casting_extended, esql.timespan_abbreviations, features_supported, file_settings, flattened.ignore_above_support, geoip.downloader.database.configuration, get_database_configuration_action.multi_node, health.dsl.info, health.extended_repository_indicator, index.logsdb_no_host_name_field, inner_retrievers_filter_support, knn_retriever_supported, license-trial-independent-version, linear_retriever_supported, logsdb_telemetry, logsdb_telemetry_stats, mapper.boolean_dimension, mapper.constant_keyword.synthetic_source_write_fix, mapper.copy_to.dynamic_handling, mapper.counted_keyword.synthetic_source_native_support, mapper.fix_parsing_subobjects_false_dynamic_false, mapper.flattened.ignore_above_with_arrays_support, mapper.ignore_above_index_level_setting, mapper.ignored_source.always_store_object_arrays_in_nested, mapper.ignored_source.dont_expand_dots, mapper.index_sorting_on_nested, mapper.keyword_dimension_ignore_above, mapper.keyword_normalizer_synthetic_source, mapper.logsdb_default_ignore_dynamic_beyond_limit, mapper.nested.sorting_fields_check_fix, mapper.pass_through_priority, mapper.query_index_mode, mapper.range.date_range_indexing_fix, mapper.range.null_values_off_by_one_fix, mapper.segment_level_fields_stats, mapper.source.mode_from_index_setting, mapper.source.remove_synthetic_source_only_validation, mapper.source.synthetic_source_copy_to_fix, mapper.source.synthetic_source_copy_to_inside_objects_fix, mapper.source.synthetic_source_fallback, mapper.source.synthetic_source_stored_fields_advance_fix, mapper.source.synthetic_source_with_copy_to_and_doc_values_false, mapper.sparse_vector.store_support, mapper.subobjects_auto, mapper.subobjects_auto_fixes, mapper.subobjects_false_mapping_update_fix, mapper.synthetic_recovery_source, mapper.synthetic_source_keep, mapper.track_ignored_source, mapper.tsdb_nested_field_support, mapper.unknown_field_mapping_update_error_message, mapper.vectors.bbq, mapper.vectors.bit_vectors, mapper.vectors.int4_quantization, meta_fetch_fields_error_code_changed, put_database_configuration_action.ipinfo, query_rule_list_types, query_rule_retriever_supported, query_rules.numeric_validation, query_rules.test, random_reranker_retriever_supported, rank_vectors, repositories.supports_usage_stats, rest.capabilities_action, rest.local_only_capabilities, retrievers_supported, routing.boolean_routing_path, routing.logsb_route_on_sort_fields, routing.multi_value_routing_path, rrf_retriever_composition_supported, rrf_retriever_supported, script.hamming, script.term_stats, search.completion_field.duplicate.support, search.retriever.rescorer.enabled, search.semantic_knn_filter_fix, search.semantic_knn_vector_query_rewrite_interception_supported, search.semantic_match_query_rewrite_interception_supported, search.semantic_sparse_vector_query_rewrite_interception_supported, search.vectors.k_param_supported, security.migration_framework, security.queryable_built_in_roles, security.role_mapping_cleanup, security.roles_metadata_flattened, semantic_text.always_emit_inference_id_fix, semantic_text.bit_vector_support, semantic_text.default_elser_2, semantic_text.delete_fix, semantic_text.handle_empty_input, semantic_text.highlighter, semantic_text.highlighter.default, semantic_text.in_object_field_fix, semantic_text.inference_metadata_fields.enabled_by_default, semantic_text.inference_metadata_fields.explicit_null_fixes, semantic_text.search_inference_id, semantic_text.single_field_update_fix, semantic_text.skip_inference_fields, semantic_text.zero_size_fix, simulate.component.template.substitutions, simulate.ignored.fields, simulate.index.template.substitutions, simulate.mapping.addition, simulate.mapping.validation, simulate.mapping.validation.templates, simulate.support.non.template.mapping, slm.interval_schedule, snapshot.repository_verify_integrity, standard_retriever_supported, stats.include_disk_thresholds, test_features_enabled, test_reranking_service.parse_text_as_score, text_similarity_reranker_alias_handling_fix, text_similarity_reranker_retriever_composition_supported, text_similarity_reranker_retriever_supported, tsdb.ts_routing_hash_doc_value_parse_byte_ref, unified_highlighter_matched_fields, usage.data_tiers.precalculate_stats]
[2025-12-04T00:31:32,110][INFO ][o.e.c.m.DataStreamGlobalRetentionSettings] [test-cluster-0] Updated default factory retention to [null]
[2025-12-04T00:31:32,132][INFO ][o.e.c.m.DataStreamGlobalRetentionSettings] [test-cluster-0] Updated max factory retention to [null]
[2025-12-04T00:31:32,133][INFO ][o.e.c.m.DataStreamFailureStoreSettings] [test-cluster-0] Updated data stream name patterns for enabling failure store to [[]]
[2025-12-04T00:31:32,238][INFO ][o.e.x.o.OTelPlugin       ] [test-cluster-1] OTel ingest plugin is enabled
[2025-12-04T00:31:32,284][INFO ][o.e.x.c.t.YamlTemplateRegistry] [test-cluster-1] OpenTelemetry index template registry is enabled
[2025-12-04T00:31:32,289][INFO ][o.e.t.a.APM              ] [test-cluster-1] Sending apm metrics is disabled
[2025-12-04T00:31:32,289][INFO ][o.e.t.a.APM              ] [test-cluster-1] Sending apm tracing is disabled
[2025-12-04T00:31:32,367][INFO ][o.e.x.s.Security         ] [test-cluster-1] Security is disabled
[2025-12-04T00:31:32,408][INFO ][o.e.x.m.p.l.CppLogMessageHandler] [test-cluster-0] [controller/3897] [Main.cc@123] controller (64 bit): Version 8.19.0-SNAPSHOT (Build b81eec921bbb2f) Copyright (c) 2025 Elasticsearch BV
[2025-12-04T00:31:32,709][INFO ][o.e.x.w.Watcher          ] [test-cluster-1] Watcher initialized components at 2025-12-04T07:31:32.708Z
[2025-12-04T00:31:32,810][INFO ][o.e.x.o.OTelPlugin       ] [test-cluster-0] OTel ingest plugin is enabled
[2025-12-04T00:31:32,812][INFO ][o.e.c.u.FeatureFlag      ] [test-cluster-1] The current build is a snapshot, feature flag [inference_cluster_aware_rate_limiting] is enabled
[2025-12-04T00:31:32,827][INFO ][o.e.x.p.ProfilingPlugin  ] [test-cluster-1] Profiling is enabled
[2025-12-04T00:31:32,849][INFO ][o.e.x.p.ProfilingPlugin  ] [test-cluster-1] profiling index templates will not be installed or reinstalled
[2025-12-04T00:31:32,849][INFO ][o.e.x.c.t.YamlTemplateRegistry] [test-cluster-0] OpenTelemetry index template registry is enabled
[2025-12-04T00:31:32,853][INFO ][o.e.t.a.APM              ] [test-cluster-0] Sending apm metrics is disabled
[2025-12-04T00:31:32,854][INFO ][o.e.t.a.APM              ] [test-cluster-0] Sending apm tracing is disabled
[2025-12-04T00:31:32,865][INFO ][o.e.x.a.APMPlugin        ] [test-cluster-1] APM ingest plugin is enabled
[2025-12-04T00:31:32,892][INFO ][o.e.x.s.Security         ] [test-cluster-0] Security is disabled
[2025-12-04T00:31:32,911][INFO ][o.e.x.c.t.YamlTemplateRegistry] [test-cluster-1] apm index template registry is enabled
[2025-12-04T00:31:33,153][INFO ][o.e.x.w.Watcher          ] [test-cluster-0] Watcher initialized components at 2025-12-04T07:31:33.152Z
[2025-12-04T00:31:33,158][INFO ][o.e.c.u.FeatureFlag      ] [test-cluster-1] The current build is a snapshot, feature flag [connector_api] is enabled
[2025-12-04T00:31:33,243][INFO ][o.e.c.u.FeatureFlag      ] [test-cluster-0] The current build is a snapshot, feature flag [inference_cluster_aware_rate_limiting] is enabled
[2025-12-04T00:31:33,255][INFO ][o.e.x.p.ProfilingPlugin  ] [test-cluster-0] Profiling is enabled
[2025-12-04T00:31:33,296][INFO ][o.e.x.p.ProfilingPlugin  ] [test-cluster-0] profiling index templates will not be installed or reinstalled
[2025-12-04T00:31:33,313][INFO ][o.e.x.a.APMPlugin        ] [test-cluster-0] APM ingest plugin is enabled
[2025-12-04T00:31:33,357][INFO ][o.e.x.c.t.YamlTemplateRegistry] [test-cluster-0] apm index template registry is enabled
[2025-12-04T00:31:33,410][INFO ][o.e.t.n.NettyAllocator   ] [test-cluster-1] creating NettyAllocator with the following configs: [name=unpooled, suggested_max_allocation_size=1mb, factors={es.unsafe.use_unpooled_allocator=null, g1gc_enabled=true, g1gc_region_size=4mb, heap_size=512mb}]
[2025-12-04T00:31:33,475][INFO ][o.e.d.DiscoveryModule    ] [test-cluster-1] using discovery type [multi-node] and seed hosts providers [settings, file]
[2025-12-04T00:31:33,574][INFO ][o.e.c.u.FeatureFlag      ] [test-cluster-0] The current build is a snapshot, feature flag [connector_api] is enabled
[2025-12-04T00:31:33,783][INFO ][o.e.t.n.NettyAllocator   ] [test-cluster-0] creating NettyAllocator with the following configs: [name=unpooled, suggested_max_allocation_size=1mb, factors={es.unsafe.use_unpooled_allocator=null, g1gc_enabled=true, g1gc_region_size=4mb, heap_size=512mb}]
[2025-12-04T00:31:33,840][INFO ][o.e.d.DiscoveryModule    ] [test-cluster-0] using discovery type [multi-node] and seed hosts providers [settings, file]
[2025-12-04T00:31:34,902][INFO ][o.e.n.Node               ] [test-cluster-1] initialized
[2025-12-04T00:31:34,903][INFO ][o.e.n.Node               ] [test-cluster-1] starting ...
[2025-12-04T00:31:34,936][INFO ][o.e.x.s.c.f.PersistentCache] [test-cluster-1] persistent cache index loaded
[2025-12-04T00:31:34,936][INFO ][o.e.x.d.l.DeprecationIndexingComponent] [test-cluster-1] deprecation component started
[2025-12-04T00:31:35,030][INFO ][o.e.t.TransportService   ] [test-cluster-1] publish_address {127.0.0.1:35169}, bound_addresses {[::1]:34231}, {127.0.0.1:35169}
[2025-12-04T00:31:35,148][WARN ][o.e.b.BootstrapChecks    ] [test-cluster-1] max virtual memory areas vm.max_map_count [65530] is too low, increase to at least [262144]; for more information see [https://www.elastic.co/guide/en/elasticsearch/reference/master/bootstrap-checks-max-map-count.html]
[2025-12-04T00:31:35,150][INFO ][o.e.c.c.ClusterBootstrapService] [test-cluster-1] this node has not joined a bootstrapped cluster yet; [cluster.initial_master_nodes] is set to [test-cluster-0, test-cluster-1]
[2025-12-04T00:31:35,155][WARN ][o.e.d.FileBasedSeedHostsProvider] [test-cluster-1] expected, but did not find, a dynamic hosts list at [/repo/qa/full-cluster-restart/build/testrun/v8.19.0_bwcTest/temp/test-cluster7528365894742041216/test-cluster-1/config/unicast_hosts.txt]
[2025-12-04T00:31:35,165][INFO ][o.e.h.AbstractHttpServerTransport] [test-cluster-1] publish_address {127.0.0.1:43867}, bound_addresses {[::1]:46103}, {127.0.0.1:43867}
[2025-12-04T00:31:35,188][INFO ][o.e.n.Node               ] [test-cluster-1] started {test-cluster-1}{6cXKlQ1dS_OCrJ30vHDG-A}{aQkfZ9i9TE2lT2dWNsxjSg}{test-cluster-1}{127.0.0.1}{127.0.0.1:35169}{cdfhilmrstw}{8.19.0}{7000099-8527000}{testattr=test, ml.allocated_processors_double=16.0, ml.machine_memory=135065120768, ml.config_version=12.0.0, ml.max_jvm_size=536870912, ml.allocated_processors=16, xpack.installed=true, transform.config_version=10.0.0}
[2025-12-04T00:31:35,214][WARN ][o.e.x.i.s.e.a.ElasticInferenceServiceAuthorizationHandler] [test-cluster-1] Failed to revoke access to default inference endpoint IDs: [rainbow-sprinkles, elser-v2], error: org.elasticsearch.cluster.block.ClusterBlockException: blocked by: [SERVICE_UNAVAILABLE/1/state not recovered / initialized];
[2025-12-04T00:31:35,319][INFO ][o.e.n.Node               ] [test-cluster-0] initialized
[2025-12-04T00:31:35,320][INFO ][o.e.n.Node               ] [test-cluster-0] starting ...
[2025-12-04T00:31:35,341][INFO ][o.e.x.s.c.f.PersistentCache] [test-cluster-0] persistent cache index loaded
[2025-12-04T00:31:35,342][INFO ][o.e.x.d.l.DeprecationIndexingComponent] [test-cluster-0] deprecation component started
[2025-12-04T00:31:35,431][INFO ][o.e.t.TransportService   ] [test-cluster-0] publish_address {127.0.0.1:42243}, bound_addresses {[::1]:46091}, {127.0.0.1:42243}
[2025-12-04T00:31:35,537][WARN ][o.e.b.BootstrapChecks    ] [test-cluster-0] max virtual memory areas vm.max_map_count [65530] is too low, increase to at least [262144]; for more information see [https://www.elastic.co/guide/en/elasticsearch/reference/master/bootstrap-checks-max-map-count.html]
[2025-12-04T00:31:35,538][INFO ][o.e.c.c.ClusterBootstrapService] [test-cluster-0] this node has not joined a bootstrapped cluster yet; [cluster.initial_master_nodes] is set to [test-cluster-0, test-cluster-1]
[2025-12-04T00:31:35,545][WARN ][o.e.d.FileBasedSeedHostsProvider] [test-cluster-0] expected, but did not find, a dynamic hosts list at [/repo/qa/full-cluster-restart/build/testrun/v8.19.0_bwcTest/temp/test-cluster7528365894742041216/test-cluster-0/config/unicast_hosts.txt]
[2025-12-04T00:31:35,553][INFO ][o.e.h.AbstractHttpServerTransport] [test-cluster-0] publish_address {127.0.0.1:36861}, bound_addresses {[::1]:40721}, {127.0.0.1:36861}
[2025-12-04T00:31:35,569][INFO ][o.e.n.Node               ] [test-cluster-0] started {test-cluster-0}{L7eb3qwvRNa8noL06qQV8w}{x5qSNAdFQQebxy6O4JBjVw}{test-cluster-0}{127.0.0.1}{127.0.0.1:42243}{cdfhilmrstw}{8.19.0}{7000099-8527000}{testattr=test, ml.allocated_processors_double=16.0, ml.machine_memory=135065120768, ml.config_version=12.0.0, ml.max_jvm_size=536870912, ml.allocated_processors=16, xpack.installed=true, transform.config_version=10.0.0}
[2025-12-04T00:31:35,593][WARN ][o.e.x.i.s.e.a.ElasticInferenceServiceAuthorizationHandler] [test-cluster-0] Failed to revoke access to default inference endpoint IDs: [rainbow-sprinkles, elser-v2], error: org.elasticsearch.cluster.block.ClusterBlockException: blocked by: [SERVICE_UNAVAILABLE/1/state not recovered / initialized];
[2025-12-04T00:31:36,014][INFO ][o.e.t.c.l.DefaultLocalClusterHandle] [[test-cluster-node-executor-0]] Writing unicast hosts file /repo/qa/full-cluster-restart/build/testrun/v8.19.0_bwcTest/temp/test-cluster7528365894742041216/test-cluster-1/config/unicast_hosts.txt for node test-cluster-1
[2025-12-04T00:31:36,014][INFO ][o.e.t.c.l.DefaultLocalClusterHandle] [[test-cluster-node-executor-1]] Writing unicast hosts file /repo/qa/full-cluster-restart/build/testrun/v8.19.0_bwcTest/temp/test-cluster7528365894742041216/test-cluster-0/config/unicast_hosts.txt for node test-cluster-0
[2025-12-04T00:31:36,245][INFO ][o.e.c.c.Coordinator      ] [test-cluster-1] setting initial configuration to VotingConfiguration{6cXKlQ1dS_OCrJ30vHDG-A,L7eb3qwvRNa8noL06qQV8w}
[2025-12-04T00:31:36,292][INFO ][o.e.c.c.Coordinator      ] [test-cluster-0] setting initial configuration to VotingConfiguration{6cXKlQ1dS_OCrJ30vHDG-A,L7eb3qwvRNa8noL06qQV8w}
[2025-12-04T00:31:36,425][INFO ][o.e.c.s.MasterService    ] [test-cluster-0] elected-as-master ([2] nodes joined in term 1)[_FINISH_ELECTION_, {test-cluster-0}{L7eb3qwvRNa8noL06qQV8w}{x5qSNAdFQQebxy6O4JBjVw}{test-cluster-0}{127.0.0.1}{127.0.0.1:42243}{cdfhilmrstw}{8.19.0}{7000099-8527000} completing election, {test-cluster-1}{6cXKlQ1dS_OCrJ30vHDG-A}{aQkfZ9i9TE2lT2dWNsxjSg}{test-cluster-1}{127.0.0.1}{127.0.0.1:35169}{cdfhilmrstw}{8.19.0}{7000099-8527000} completing election], term: 1, version: 1, delta: master node changed {previous [], current [{test-cluster-0}{L7eb3qwvRNa8noL06qQV8w}{x5qSNAdFQQebxy6O4JBjVw}{test-cluster-0}{127.0.0.1}{127.0.0.1:42243}{cdfhilmrstw}{8.19.0}{7000099-8527000}]}, added {{test-cluster-1}{6cXKlQ1dS_OCrJ30vHDG-A}{aQkfZ9i9TE2lT2dWNsxjSg}{test-cluster-1}{127.0.0.1}{127.0.0.1:35169}{cdfhilmrstw}{8.19.0}{7000099-8527000}}
[2025-12-04T00:31:36,430][WARN ][o.e.c.s.MasterService    ] [test-cluster-0] failing [elected-as-master ([2] nodes joined in term 1)[_FINISH_ELECTION_, {test-cluster-0}{L7eb3qwvRNa8noL06qQV8w}{x5qSNAdFQQebxy6O4JBjVw}{test-cluster-0}{127.0.0.1}{127.0.0.1:42243}{cdfhilmrstw}{8.19.0}{7000099-8527000} completing election, {test-cluster-1}{6cXKlQ1dS_OCrJ30vHDG-A}{aQkfZ9i9TE2lT2dWNsxjSg}{test-cluster-1}{127.0.0.1}{127.0.0.1:35169}{cdfhilmrstw}{8.19.0}{7000099-8527000} completing election]]: failed to commit cluster state version [1] org.elasticsearch.cluster.coordination.FailedToCommitClusterStateException: node is no longer master for term 1 while handling publication
	at org.elasticsearch.server@8.19.0-SNAPSHOT/org.elasticsearch.cluster.coordination.Coordinator.publish(Coordinator.java:1551)
	at org.elasticsearch.server@8.19.0-SNAPSHOT/org.elasticsearch.cluster.service.MasterService.publish(MasterService.java:488)
	at org.elasticsearch.server@8.19.0-SNAPSHOT/org.elasticsearch.cluster.service.MasterService.publishClusterStateUpdate(MasterService.java:366)
	at org.elasticsearch.server@8.19.0-SNAPSHOT/org.elasticsearch.cluster.service.MasterService.lambda$executeAndPublishBatch$2(MasterService.java:305)
	at org.elasticsearch.server@8.19.0-SNAPSHOT/org.elasticsearch.action.ActionListener.run(ActionListener.java:454)
	at org.elasticsearch.server@8.19.0-SNAPSHOT/org.elasticsearch.cluster.service.MasterService.executeAndPublishBatch(MasterService.java:287)
	at org.elasticsearch.server@8.19.0-SNAPSHOT/org.elasticsearch.cluster.service.MasterService$BatchingTaskQueue$Processor.lambda$run$2(MasterService.java:1691)
	at org.elasticsearch.server@8.19.0-SNAPSHOT/org.elasticsearch.action.ActionListener.run(ActionListener.java:454)
	at org.elasticsearch.server@8.19.0-SNAPSHOT/org.elasticsearch.cluster.service.MasterService$BatchingTaskQueue$Processor.run(MasterService.java:1688)
	at org.elasticsearch.server@8.19.0-SNAPSHOT/org.elasticsearch.cluster.service.MasterService$5.lambda$doRun$0(MasterService.java:1283)
	at org.elasticsearch.server@8.19.0-SNAPSHOT/org.elasticsearch.action.ActionListener.run(ActionListener.java:454)
	at org.elasticsearch.server@8.19.0-SNAPSHOT/org.elasticsearch.cluster.service.MasterService$5.doRun(MasterService.java:1262)
	at org.elasticsearch.server@8.19.0-SNAPSHOT/org.elasticsearch.common.util.concurrent.ThreadContext$ContextPreservingAbstractRunnable.doRun(ThreadContext.java:1044)
	at org.elasticsearch.server@8.19.0-SNAPSHOT/org.elasticsearch.common.util.concurrent.AbstractRunnable.run(AbstractRunnable.java:27)
	at java.base/java.util.concurrent.ThreadPoolExecutor.runWorker(ThreadPoolExecutor.java:1095)
	at java.base/java.util.concurrent.ThreadPoolExecutor$Worker.run(ThreadPoolExecutor.java:619)
	at java.base/java.lang.Thread.run(Thread.java:1447)

[2025-12-04T00:31:36,434][INFO ][o.e.c.s.MasterService    ] [test-cluster-1] elected-as-master ([2] nodes joined in term 2)[_FINISH_ELECTION_, {test-cluster-0}{L7eb3qwvRNa8noL06qQV8w}{x5qSNAdFQQebxy6O4JBjVw}{test-cluster-0}{127.0.0.1}{127.0.0.1:42243}{cdfhilmrstw}{8.19.0}{7000099-8527000} completing election, {test-cluster-1}{6cXKlQ1dS_OCrJ30vHDG-A}{aQkfZ9i9TE2lT2dWNsxjSg}{test-cluster-1}{127.0.0.1}{127.0.0.1:35169}{cdfhilmrstw}{8.19.0}{7000099-8527000} completing election], term: 2, version: 1, delta: master node changed {previous [], current [{test-cluster-1}{6cXKlQ1dS_OCrJ30vHDG-A}{aQkfZ9i9TE2lT2dWNsxjSg}{test-cluster-1}{127.0.0.1}{127.0.0.1:35169}{cdfhilmrstw}{8.19.0}{7000099-8527000}]}, added {{test-cluster-0}{L7eb3qwvRNa8noL06qQV8w}{x5qSNAdFQQebxy6O4JBjVw}{test-cluster-0}{127.0.0.1}{127.0.0.1:42243}{cdfhilmrstw}{8.19.0}{7000099-8527000}}
[2025-12-04T00:31:36,508][INFO ][o.e.c.c.CoordinationState] [test-cluster-1] cluster UUID set to [vHFCgjsWS-ysd-yjFd4s9A]
[2025-12-04T00:31:36,509][INFO ][o.e.c.c.CoordinationState] [test-cluster-0] cluster UUID set to [vHFCgjsWS-ysd-yjFd4s9A]
[2025-12-04T00:31:36,536][INFO ][o.e.c.s.ClusterApplierService] [test-cluster-0] master node changed {previous [], current [{test-cluster-1}{6cXKlQ1dS_OCrJ30vHDG-A}{aQkfZ9i9TE2lT2dWNsxjSg}{test-cluster-1}{127.0.0.1}{127.0.0.1:35169}{cdfhilmrstw}{8.19.0}{7000099-8527000}]}, added {{test-cluster-1}{6cXKlQ1dS_OCrJ30vHDG-A}{aQkfZ9i9TE2lT2dWNsxjSg}{test-cluster-1}{127.0.0.1}{127.0.0.1:35169}{cdfhilmrstw}{8.19.0}{7000099-8527000}}, term: 2, version: 1, reason: ApplyCommitRequest{term=2, version=1, sourceNode={test-cluster-1}{6cXKlQ1dS_OCrJ30vHDG-A}{aQkfZ9i9TE2lT2dWNsxjSg}{test-cluster-1}{127.0.0.1}{127.0.0.1:35169}{cdfhilmrstw}{8.19.0}{7000099-8527000}{testattr=test, ml.allocated_processors_double=16.0, ml.machine_memory=135065120768, ml.config_version=12.0.0, ml.max_jvm_size=536870912, ml.allocated_processors=16, xpack.installed=true, transform.config_version=10.0.0}}
[2025-12-04T00:31:36,557][INFO ][o.e.c.s.ClusterApplierService] [test-cluster-1] master node changed {previous [], current [{test-cluster-1}{6cXKlQ1dS_OCrJ30vHDG-A}{aQkfZ9i9TE2lT2dWNsxjSg}{test-cluster-1}{127.0.0.1}{127.0.0.1:35169}{cdfhilmrstw}{8.19.0}{7000099-8527000}]}, added {{test-cluster-0}{L7eb3qwvRNa8noL06qQV8w}{x5qSNAdFQQebxy6O4JBjVw}{test-cluster-0}{127.0.0.1}{127.0.0.1:42243}{cdfhilmrstw}{8.19.0}{7000099-8527000}}, term: 2, version: 1, reason: Publication{term=2, version=1}
[2025-12-04T00:31:36,595][INFO ][o.e.c.c.NodeJoinExecutor ] [test-cluster-1] node-join: [{test-cluster-0}{L7eb3qwvRNa8noL06qQV8w}{x5qSNAdFQQebxy6O4JBjVw}{test-cluster-0}{127.0.0.1}{127.0.0.1:42243}{cdfhilmrstw}{8.19.0}{7000099-8527000}] with reason [completing election]
[2025-12-04T00:31:36,596][INFO ][o.e.c.c.NodeJoinExecutor ] [test-cluster-1] node-join: [{test-cluster-1}{6cXKlQ1dS_OCrJ30vHDG-A}{aQkfZ9i9TE2lT2dWNsxjSg}{test-cluster-1}{127.0.0.1}{127.0.0.1:35169}{cdfhilmrstw}{8.19.0}{7000099-8527000}] with reason [completing election]
[2025-12-04T00:31:36,622][INFO ][o.e.c.c.NodeJoinExecutor ] [test-cluster-1] node-join: [{test-cluster-0}{L7eb3qwvRNa8noL06qQV8w}{x5qSNAdFQQebxy6O4JBjVw}{test-cluster-0}{127.0.0.1}{127.0.0.1:42243}{cdfhilmrstw}{8.19.0}{7000099-8527000}] with reason [joining]
[2025-12-04T00:31:36,815][INFO ][o.e.c.f.AbstractFileWatchingService] [test-cluster-1] starting file watcher ...
[2025-12-04T00:31:36,819][INFO ][o.e.x.m.MlIndexRollover  ] [test-cluster-1] ML legacy indices rolled over
[2025-12-04T00:31:36,820][INFO ][o.e.x.m.MlAnomaliesIndexUpdate] [test-cluster-1] legacy ml anomalies indices rolled over and aliases updated
[2025-12-04T00:31:36,821][INFO ][o.e.c.f.AbstractFileWatchingService] [test-cluster-1] file settings service up and running [tid=118]
[2025-12-04T00:31:36,822][INFO ][o.e.r.s.FileSettingsService] [test-cluster-1] setting file [/repo/qa/full-cluster-restart/build/testrun/v8.19.0_bwcTest/temp/test-cluster7528365894742041216/test-cluster-1/config/operator/settings.json] not found, initializing [file_settings] as empty
[2025-12-04T00:31:36,826][INFO ][o.e.g.GatewayService     ] [test-cluster-1] recovered [0] indices into cluster_state
[2025-12-04T00:31:36,998][INFO ][o.e.c.m.MetadataIndexTemplateService] [test-cluster-1] adding template [.monitoring-alerts-7] for index patterns [.monitoring-alerts-7]
[2025-12-04T00:31:37,063][INFO ][o.e.c.m.MetadataIndexTemplateService] [test-cluster-1] adding index template [.monitoring-logstash-mb] for index patterns [.monitoring-logstash-8-*]
[2025-12-04T00:31:37,109][INFO ][o.e.c.m.MetadataIndexTemplateService] [test-cluster-1] adding index template [.monitoring-ent-search-mb] for index patterns [.monitoring-ent-search-8-*]
[2025-12-04T00:31:37,156][INFO ][o.e.c.m.MetadataIndexTemplateService] [test-cluster-1] adding index template [.monitoring-kibana-mb] for index patterns [.monitoring-kibana-8-*]
[2025-12-04T00:31:37,206][INFO ][o.e.c.m.MetadataIndexTemplateService] [test-cluster-1] adding template [.monitoring-es] for index patterns [.monitoring-es-7-*]
[2025-12-04T00:31:37,238][INFO ][o.e.c.m.MetadataIndexTemplateService] [test-cluster-1] adding template [.monitoring-beats] for index patterns [.monitoring-beats-7-*]
[2025-12-04T00:31:37,250][INFO ][o.e.c.m.MetadataIndexTemplateService] [test-cluster-1] adding template [.monitoring-kibana] for index patterns [.monitoring-kibana-7-*]
[2025-12-04T00:31:37,258][INFO ][o.e.c.m.MetadataIndexTemplateService] [test-cluster-1] adding index template [search-acl-filter] for index patterns [.search-acl-filter-*]
[2025-12-04T00:31:37,267][INFO ][o.e.c.m.MetadataIndexTemplateService] [test-cluster-1] adding index template [.ml-state] for index patterns [.ml-state*]
[2025-12-04T00:31:37,288][INFO ][o.e.c.m.MetadataIndexTemplateService] [test-cluster-1] adding component template [behavioral_analytics-events-mappings]
[2025-12-04T00:31:37,303][INFO ][o.e.c.m.MetadataIndexTemplateService] [test-cluster-1] adding template [.monitoring-logstash] for index patterns [.monitoring-logstash-7-*]
[2025-12-04T00:31:37,309][INFO ][o.e.c.m.MetadataIndexTemplateService] [test-cluster-1] adding component template [elastic-connectors-sync-jobs-settings]
[2025-12-04T00:31:37,323][INFO ][o.e.c.m.MetadataIndexTemplateService] [test-cluster-1] adding index template [.ml-stats] for index patterns [.ml-stats-*]
[2025-12-04T00:31:37,361][INFO ][o.e.c.m.MetadataIndexTemplateService] [test-cluster-1] adding index template [.ml-anomalies-] for index patterns [.ml-anomalies-*]
[2025-12-04T00:31:37,378][INFO ][o.e.c.m.MetadataIndexTemplateService] [test-cluster-1] adding component template [elastic-connectors-mappings]
[2025-12-04T00:31:37,389][INFO ][o.e.c.m.MetadataIndexTemplateService] [test-cluster-1] adding index template [.ml-notifications-000002] for index patterns [.ml-notifications-*]
[2025-12-04T00:31:37,392][INFO ][o.e.c.m.MetadataIndexTemplateService] [test-cluster-1] adding component template [elastic-connectors-settings]
[2025-12-04T00:31:37,402][INFO ][o.e.c.m.MetadataIndexTemplateService] [test-cluster-1] adding component template [elastic-connectors-sync-jobs-mappings]
[2025-12-04T00:31:37,455][INFO ][o.e.c.m.MetadataIndexTemplateService] [test-cluster-1] adding index template [.monitoring-beats-mb] for index patterns [.monitoring-beats-8-*]
[2025-12-04T00:31:37,552][INFO ][o.e.c.m.MetadataIndexTemplateService] [test-cluster-1] adding index template [.monitoring-es-mb] for index patterns [.monitoring-es-8-*]
[2025-12-04T00:31:37,561][INFO ][o.e.c.m.MetadataIndexTemplateService] [test-cluster-1] adding component template [ecs-tsdb@mappings]
[2025-12-04T00:31:37,576][INFO ][o.e.c.m.MetadataIndexTemplateService] [test-cluster-1] adding component template [otel@mappings]
[2025-12-04T00:31:37,582][INFO ][o.e.c.m.MetadataIndexTemplateService] [test-cluster-1] adding component template [metrics-otel@mappings]
[2025-12-04T00:31:37,607][INFO ][o.e.c.m.MetadataIndexTemplateService] [test-cluster-1] adding component template [logs-otel@mappings]
[2025-12-04T00:31:37,613][INFO ][o.e.c.m.MetadataIndexTemplateService] [test-cluster-1] adding component template [traces-otel@mappings]
[2025-12-04T00:31:37,621][INFO ][o.e.c.m.MetadataIndexTemplateService] [test-cluster-1] adding component template [semconv-resource-to-ecs@mappings]
[2025-12-04T00:31:37,625][INFO ][o.e.c.m.MetadataIndexTemplateService] [test-cluster-1] adding component template [synthetics-mappings]
[2025-12-04T00:31:37,628][INFO ][o.e.c.m.MetadataIndexTemplateService] [test-cluster-1] adding component template [synthetics-settings]
[2025-12-04T00:31:37,631][INFO ][o.e.c.m.MetadataIndexTemplateService] [test-cluster-1] adding component template [metrics-tsdb-settings]
[2025-12-04T00:31:37,638][INFO ][o.e.c.m.MetadataIndexTemplateService] [test-cluster-1] adding component template [logs-mappings]
[2025-12-04T00:31:37,649][INFO ][o.e.c.m.MetadataIndexTemplateService] [test-cluster-1] adding component template [ecs@dynamic_templates]
[2025-12-04T00:31:37,653][INFO ][o.e.c.m.MetadataIndexTemplateService] [test-cluster-1] adding component template [metrics@settings]
[2025-12-04T00:31:37,657][INFO ][o.e.c.m.MetadataIndexTemplateService] [test-cluster-1] adding component template [traces@mappings]
[2025-12-04T00:31:37,661][INFO ][o.e.c.m.MetadataIndexTemplateService] [test-cluster-1] adding component template [synthetics@mappings]
[2025-12-04T00:31:37,669][INFO ][o.e.c.m.MetadataIndexTemplateService] [test-cluster-1] adding component template [ecs@mappings]
[2025-12-04T00:31:37,676][INFO ][o.e.c.m.MetadataIndexTemplateService] [test-cluster-1] adding component template [data-streams-mappings]
[2025-12-04T00:31:37,687][INFO ][o.e.c.m.MetadataIndexTemplateService] [test-cluster-1] adding component template [metrics-mappings]
[2025-12-04T00:31:37,691][INFO ][o.e.c.m.MetadataIndexTemplateService] [test-cluster-1] adding component template [agentless@settings]
[2025-12-04T00:31:37,697][INFO ][o.e.c.m.MetadataIndexTemplateService] [test-cluster-1] adding component template [metrics@mappings]
[2025-12-04T00:31:37,700][INFO ][o.e.c.m.MetadataIndexTemplateService] [test-cluster-1] adding component template [synthetics@settings]
[2025-12-04T00:31:37,705][INFO ][o.e.c.m.MetadataIndexTemplateService] [test-cluster-1] adding component template [traces@settings]
[2025-12-04T00:31:37,711][INFO ][o.e.c.m.MetadataIndexTemplateService] [test-cluster-1] adding component template [data-streams@mappings]
[2025-12-04T00:31:37,718][INFO ][o.e.c.m.MetadataIndexTemplateService] [test-cluster-1] adding index template [.slm-history-7] for index patterns [.slm-history-7*]
[2025-12-04T00:31:37,722][INFO ][o.e.c.m.MetadataIndexTemplateService] [test-cluster-1] adding component template [agentless@mappings]
[2025-12-04T00:31:37,727][INFO ][o.e.c.m.MetadataIndexTemplateService] [test-cluster-1] adding component template [logs@mappings]
[2025-12-04T00:31:37,750][INFO ][o.e.c.m.MetadataIndexTemplateService] [test-cluster-1] adding index template [.watch-history-17] for index patterns [.watcher-history-17*]
[2025-12-04T00:31:37,753][INFO ][o.e.c.m.MetadataIndexTemplateService] [test-cluster-1] adding component template [metrics@tsdb-settings]
[2025-12-04T00:31:37,755][INFO ][o.e.c.m.MetadataIndexTemplateService] [test-cluster-1] adding component template [kibana-reporting@settings]
[2025-12-04T00:31:37,757][INFO ][o.e.c.m.MetadataIndexTemplateService] [test-cluster-1] adding component template [metrics-settings]
[2025-12-04T00:31:37,766][INFO ][o.e.c.m.MetadataIndexTemplateService] [test-cluster-1] adding index template [ilm-history-7] for index patterns [ilm-history-7*]
[2025-12-04T00:31:37,777][INFO ][o.e.c.m.MetadataIndexTemplateService] [test-cluster-1] adding index template [.fleet-fileds-fromhost-data] for index patterns [.fleet-fileds-fromhost-data-*]
[2025-12-04T00:31:37,788][INFO ][o.e.c.m.MetadataIndexTemplateService] [test-cluster-1] adding index template [.fleet-fileds-tohost-data] for index patterns [.fleet-fileds-tohost-data-*]
[2025-12-04T00:31:37,796][INFO ][o.e.c.m.MetadataIndexTemplateService] [test-cluster-1] adding index template [.fleet-fileds-fromhost-meta] for index patterns [.fleet-fileds-fromhost-meta-*]
[2025-12-04T00:31:37,803][INFO ][o.e.c.m.MetadataIndexTemplateService] [test-cluster-1] adding index template [.fleet-fileds-tohost-meta] for index patterns [.fleet-fileds-tohost-meta-*]
[2025-12-04T00:31:37,809][INFO ][o.e.c.m.MetadataIndexTemplateService] [test-cluster-1] adding component template [.deprecation-indexing-mappings]
[2025-12-04T00:31:37,813][INFO ][o.e.c.m.MetadataIndexTemplateService] [test-cluster-1] adding component template [.deprecation-indexing-settings]
[2025-12-04T00:31:37,817][INFO ][o.e.c.m.MetadataIndexTemplateService] [test-cluster-1] adding component template [apm@settings]
[2025-12-04T00:31:37,819][INFO ][o.e.c.m.MetadataIndexTemplateService] [test-cluster-1] adding component template [traces-apm.sampled-fallback@ilm]
[2025-12-04T00:31:37,821][INFO ][o.e.c.m.MetadataIndexTemplateService] [test-cluster-1] adding component template [apm-10d@lifecycle]
[2025-12-04T00:31:37,824][INFO ][o.e.c.m.MetadataIndexTemplateService] [test-cluster-1] adding component template [metrics-apm.service_destination.10m-fallback@ilm]
[2025-12-04T00:31:37,829][INFO ][o.e.c.m.MetadataIndexTemplateService] [test-cluster-1] adding component template [metrics-apm.service_destination.60m-fallback@ilm]
[2025-12-04T00:31:37,842][INFO ][o.e.c.m.MetadataIndexTemplateService] [test-cluster-1] adding component template [metrics-apm.service_destination@mappings]
[2025-12-04T00:31:37,845][INFO ][o.e.c.m.MetadataIndexTemplateService] [test-cluster-1] adding component template [metrics-apm.service_summary.1m-fallback@ilm]
[2025-12-04T00:31:37,852][INFO ][o.e.c.m.MetadataIndexTemplateService] [test-cluster-1] adding component template [metrics-apm.service_summary@mappings]
[2025-12-04T00:31:37,857][INFO ][o.e.c.m.MetadataIndexTemplateService] [test-cluster-1] adding component template [traces-apm.rum@mappings]
[2025-12-04T00:31:37,860][INFO ][o.e.c.m.MetadataIndexTemplateService] [test-cluster-1] adding component template [traces-apm.rum-fallback@ilm]
[2025-12-04T00:31:37,865][INFO ][o.e.c.m.MetadataIndexTemplateService] [test-cluster-1] adding component template [metrics-apm.transaction@mappings]
[2025-12-04T00:31:37,874][INFO ][o.e.c.m.MetadataIndexTemplateService] [test-cluster-1] adding component template [apm-180d@lifecycle]
[2025-12-04T00:31:37,878][INFO ][o.e.c.m.MetadataIndexTemplateService] [test-cluster-1] adding component template [logs-apm.app-fallback@ilm]
[2025-12-04T00:31:37,881][INFO ][o.e.c.m.MetadataIndexTemplateService] [test-cluster-1] adding component template [metrics-apm.service_transaction.10m-fallback@ilm]
[2025-12-04T00:31:37,883][INFO ][o.e.c.m.MetadataIndexTemplateService] [test-cluster-1] adding component template [apm-90d@lifecycle]
[2025-12-04T00:31:37,887][INFO ][o.e.c.m.MetadataIndexTemplateService] [test-cluster-1] adding component template [metrics-apm.transaction.1m-fallback@ilm]
[2025-12-04T00:31:37,890][INFO ][o.e.c.m.MetadataIndexTemplateService] [test-cluster-1] adding component template [metrics-apm.internal-fallback@ilm]
[2025-12-04T00:31:37,894][INFO ][o.e.c.m.MetadataIndexTemplateService] [test-cluster-1] adding component template [apm@mappings]
[2025-12-04T00:31:37,897][INFO ][o.e.c.m.MetadataIndexTemplateService] [test-cluster-1] adding component template [metrics-apm.transaction.10m-fallback@ilm]
[2025-12-04T00:31:37,899][INFO ][o.e.c.m.MetadataIndexTemplateService] [test-cluster-1] adding component template [logs-apm.error-fallback@ilm]
[2025-12-04T00:31:37,902][INFO ][o.e.c.m.MetadataIndexTemplateService] [test-cluster-1] adding component template [metrics-apm.service_transaction.60m-fallback@ilm]
[2025-12-04T00:31:37,905][INFO ][o.e.c.m.MetadataIndexTemplateService] [test-cluster-1] adding component template [apm-390d@lifecycle]
[2025-12-04T00:31:37,910][INFO ][o.e.c.m.MetadataIndexTemplateService] [test-cluster-1] adding component template [metrics-apm.transaction.60m-fallback@ilm]
[2025-12-04T00:31:37,914][INFO ][o.e.c.m.MetadataIndexTemplateService] [test-cluster-1] adding component template [metrics-apm@mappings]
[2025-12-04T00:31:37,919][INFO ][o.e.c.m.MetadataIndexTemplateService] [test-cluster-1] adding component template [metrics-apm.service_summary.60m-fallback@ilm]
[2025-12-04T00:31:37,922][INFO ][o.e.c.m.MetadataIndexTemplateService] [test-cluster-1] adding component template [metrics-apm.app-fallback@ilm]
[2025-12-04T00:31:37,926][INFO ][o.e.c.m.MetadataIndexTemplateService] [test-cluster-1] adding component template [metrics-apm.service_transaction@mappings]
[2025-12-04T00:31:37,929][INFO ][o.e.c.m.MetadataIndexTemplateService] [test-cluster-1] adding component template [metrics-apm@settings]
[2025-12-04T00:31:37,933][INFO ][o.e.c.m.MetadataIndexTemplateService] [test-cluster-1] adding component template [metrics-apm.service_transaction.1m-fallback@ilm]
[2025-12-04T00:31:37,937][INFO ][o.e.c.m.MetadataIndexTemplateService] [test-cluster-1] adding component template [metrics-apm.service_summary.10m-fallback@ilm]
[2025-12-04T00:31:37,944][INFO ][o.e.c.m.MetadataIndexTemplateService] [test-cluster-1] adding component template [traces-apm@mappings]
[2025-12-04T00:31:37,946][INFO ][o.e.c.m.MetadataIndexTemplateService] [test-cluster-1] adding component template [metrics-apm.service_destination.1m-fallback@ilm]
[2025-12-04T00:31:37,949][INFO ][o.e.c.m.MetadataIndexTemplateService] [test-cluster-1] adding component template [traces-apm-fallback@ilm]
[2025-12-04T00:31:38,000][INFO ][o.e.c.m.MetadataIndexTemplateService] [test-cluster-1] adding component template [logs-apm.error@mappings]
[2025-12-04T00:31:38,003][INFO ][o.e.c.m.MetadataIndexTemplateService] [test-cluster-1] adding component template [logs-apm@settings]
[2025-12-04T00:31:38,264][INFO ][o.e.c.m.MetadataIndexTemplateService] [test-cluster-1] adding index template [elastic-connectors] for index patterns [.elastic-connectors-v1]
[2025-12-04T00:31:38,274][INFO ][o.e.c.m.MetadataIndexTemplateService] [test-cluster-1] adding index template [elastic-connectors-sync-jobs] for index patterns [.elastic-connectors-sync-jobs-v1]
[2025-12-04T00:31:38,317][INFO ][o.e.c.m.MetadataIndexTemplateService] [test-cluster-1] adding index template [metrics-service_summary.60m.otel@template] for index patterns [metrics-service_summary.60m.otel-*]
[2025-12-04T00:31:38,356][INFO ][o.e.c.m.MetadataIndexTemplateService] [test-cluster-1] adding index template [metrics-transaction.1m.otel@template] for index patterns [metrics-transaction.1m.otel-*]
[2025-12-04T00:31:38,388][INFO ][o.e.c.m.MetadataIndexTemplateService] [test-cluster-1] adding index template [metrics-service_destination.1m@template] for index patterns [metrics-service_destination.1m.otel-*]
[2025-12-04T00:31:38,432][INFO ][o.e.c.m.MetadataIndexTemplateService] [test-cluster-1] adding index template [metrics-service_destination.60m@template] for index patterns [metrics-service_destination.60m.otel-*]
[2025-12-04T00:31:38,476][INFO ][o.e.c.m.MetadataIndexTemplateService] [test-cluster-1] adding index template [metrics-transaction.60m.otel@template] for index patterns [metrics-transaction.60m.otel-*]
[2025-12-04T00:31:38,504][INFO ][o.e.c.m.MetadataIndexTemplateService] [test-cluster-1] adding index template [traces-otel@template] for index patterns [traces-*.otel-*]
[2025-12-04T00:31:38,544][INFO ][o.e.c.m.MetadataIndexTemplateService] [test-cluster-1] adding index template [metrics-service_transaction.1m.otel@template] for index patterns [metrics-service_transaction.1m.otel-*]
[2025-12-04T00:31:38,585][INFO ][o.e.c.m.MetadataIndexTemplateService] [test-cluster-1] adding index template [metrics-transaction.10m.otel@template] for index patterns [metrics-transaction.10m.otel-*]
[2025-12-04T00:31:38,615][INFO ][o.e.c.m.MetadataIndexTemplateService] [test-cluster-1] adding index template [metrics-service_summary.10m.otel@template] for index patterns [metrics-service_summary.10m.otel-*]
[...]
[2025-12-04T00:32:14,478][WARN ][o.e.u.FullClusterRestartDownsampleIT] [testRollupIndex] --> No matching rollup name for path [/downsample-1h-.ds-ds-fzxhsuqqbb-*/?expand_wildcards=all]
[2025-12-04T00:32:15,483][WARN ][o.e.u.FullClusterRestartDownsampleIT] [testRollupIndex] --> No matching rollup name for path [/downsample-1h-.ds-ds-fzxhsuqqbb-*/?expand_wildcards=all]
[2025-12-04T00:32:16,391][WARN ][o.e.x.c.i.WaitForRolloverReadyStep] [test-cluster-1] index [.ds-ds-fzxhsuqqbb-2025.12.04-000001] is not the write index for data stream [ds-fzxhsuqqbb]. skipping rollover for policy [policy-ODnVl]
[2025-12-04T00:32:16,395][INFO ][o.e.x.i.IndexLifecycleTransition] [test-cluster-1] moving index [.ds-ds-fzxhsuqqbb-2025.12.04-000001] from [{"phase":"hot","action":"rollover","name":"check-rollover-ready"}] to [{"phase":"hot","action":"rollover","name":"attempt-rollover"}] in policy [policy-ODnVl]
[2025-12-04T00:32:16,490][WARN ][o.e.u.FullClusterRestartDownsampleIT] [testRollupIndex] --> No matching rollup name for path [/downsample-1h-.ds-ds-fzxhsuqqbb-*/?expand_wildcards=all]
[2025-12-04T00:32:16,492][WARN ][o.e.x.c.i.RolloverStep   ] [test-cluster-1] index [.ds-ds-fzxhsuqqbb-2025.12.04-000001] is not the write index for data stream [ds-fzxhsuqqbb]. skipping rollover for policy [policy-ODnVl]
[2025-12-04T00:32:16,494][INFO ][o.e.x.i.IndexLifecycleTransition] [test-cluster-1] moving index [.ds-ds-fzxhsuqqbb-2025.12.04-000001] from [{"phase":"hot","action":"rollover","name":"attempt-rollover"}] to [{"phase":"hot","action":"rollover","name":"wait-for-active-shards"}] in policy [policy-ODnVl]
[2025-12-04T00:32:16,581][INFO ][o.e.x.i.IndexLifecycleTransition] [test-cluster-1] moving index [.ds-ds-fzxhsuqqbb-2025.12.04-000001] from [{"phase":"hot","action":"rollover","name":"wait-for-active-shards"}] to [{"phase":"hot","action":"rollover","name":"update-rollover-lifecycle-date"}] in policy [policy-ODnVl]
[2025-12-04T00:32:16,584][INFO ][o.e.x.i.IndexLifecycleTransition] [test-cluster-1] moving index [.ds-ds-fzxhsuqqbb-2025.12.04-000001] from [{"phase":"hot","action":"rollover","name":"update-rollover-lifecycle-date"}] to [{"phase":"hot","action":"rollover","name":"set-indexing-complete"}] in policy [policy-ODnVl]
[2025-12-04T00:32:16,767][INFO ][o.e.x.i.IndexLifecycleTransition] [test-cluster-1] moving index [.ds-ds-fzxhsuqqbb-2025.12.04-000001] from [{"phase":"hot","action":"rollover","name":"set-indexing-complete"}] to [{"phase":"hot","action":"downsample","name":"branch-on-timeseries-check"}] in policy [policy-ODnVl]
[2025-12-04T00:32:16,852][INFO ][o.e.x.i.IndexLifecycleTransition] [test-cluster-1] moving index [.ds-ds-fzxhsuqqbb-2025.12.04-000001] from [{"phase":"hot","action":"downsample","name":"branch-on-timeseries-check"}] to [{"phase":"hot","action":"downsample","name":"check-not-write-index"}] in policy [policy-ODnVl]
[2025-12-04T00:32:16,854][INFO ][o.e.x.i.IndexLifecycleTransition] [test-cluster-1] moving index [.ds-ds-fzxhsuqqbb-2025.12.04-000001] from [{"phase":"hot","action":"downsample","name":"check-not-write-index"}] to [{"phase":"hot","action":"downsample","name":"wait-for-shard-history-leases"}] in policy [policy-ODnVl]
[2025-12-04T00:32:17,495][WARN ][o.e.u.FullClusterRestartDownsampleIT] [testRollupIndex] --> No matching rollup name for path [/downsample-1h-.ds-ds-fzxhsuqqbb-*/?expand_wildcards=all]
[2025-12-04T00:32:18,503][WARN ][o.e.u.FullClusterRestartDownsampleIT] [testRollupIndex] --> No matching rollup name for path [/downsample-1h-.ds-ds-fzxhsuqqbb-*/?expand_wildcards=all]
[2025-12-04T00:32:19,509][WARN ][o.e.u.FullClusterRestartDownsampleIT] [testRollupIndex] --> No matching rollup name for path [/downsample-1h-.ds-ds-fzxhsuqqbb-*/?expand_wildcards=all]
[2025-12-04T00:32:20,516][WARN ][o.e.u.FullClusterRestartDownsampleIT] [testRollupIndex] --> No matching rollup name for path [/downsample-1h-.ds-ds-fzxhsuqqbb-*/?expand_wildcards=all]
[2025-12-04T00:32:21,394][INFO ][o.e.x.i.IndexLifecycleTransition] [test-cluster-1] moving index [.ds-ds-fzxhsuqqbb-2025.12.04-000001] from [{"phase":"hot","action":"downsample","name":"wait-for-shard-history-leases"}] to [{"phase":"hot","action":"downsample","name":"check-ts-end-time-passed"}] in policy [policy-ODnVl]
[2025-12-04T00:32:21,522][WARN ][o.e.u.FullClusterRestartDownsampleIT] [testRollupIndex] --> No matching rollup name for path [/downsample-1h-.ds-ds-fzxhsuqqbb-*/?expand_wildcards=all]
[2025-12-04T00:32:21,548][INFO ][o.e.c.m.MetadataCreateIndexService] [test-cluster-1] [.ds-ilm-history-7-2025.12.04-000001] creating index, cause [initialize_data_stream], templates [ilm-history-7], shards [1]/[1]
[2025-12-04T00:32:21,553][INFO ][o.e.c.m.MetadataCreateDataStreamService] [test-cluster-1] adding data stream [ilm-history-7] with write index [.ds-ilm-history-7-2025.12.04-000001], backing indices [], and aliases []
[2025-12-04T00:32:22,511][INFO ][o.e.c.r.a.AllocationService] [test-cluster-1] current.health="GREEN" message="Cluster health status changed from [YELLOW] to [GREEN] (reason: [shards started [[.ds-ilm-history-7-2025.12.04-000001][0]]])." previous.health="YELLOW" reason="shards started [[.ds-ilm-history-7-2025.12.04-000001][0]]"
[2025-12-04T00:32:22,549][WARN ][o.e.u.FullClusterRestartDownsampleIT] [testRollupIndex] --> No matching rollup name for path [/downsample-1h-.ds-ds-fzxhsuqqbb-*/?expand_wildcards=all]
[2025-12-04T00:32:23,574][WARN ][o.e.u.FullClusterRestartDownsampleIT] [testRollupIndex] --> No matching rollup name for path [/downsample-1h-.ds-ds-fzxhsuqqbb-*/?expand_wildcards=all]
[2025-12-04T00:32:24,607][WARN ][o.e.u.FullClusterRestartDownsampleIT] [testRollupIndex] --> No matching rollup name for path [/downsample-1h-.ds-ds-fzxhsuqqbb-*/?expand_wildcards=all]
[2025-12-04T00:32:25,617][WARN ][o.e.u.FullClusterRestartDownsampleIT] [testRollupIndex] --> No matching rollup name for path [/downsample-1h-.ds-ds-fzxhsuqqbb-*/?expand_wildcards=all]
[2025-12-04T00:32:26,389][INFO ][o.e.x.i.IndexLifecycleTransition] [test-cluster-1] moving index [.ds-ds-fzxhsuqqbb-2025.12.04-000001] from [{"phase":"hot","action":"downsample","name":"check-ts-end-time-passed"}] to [{"phase":"hot","action":"downsample","name":"readonly"}] in policy [policy-ODnVl]
[2025-12-04T00:32:26,644][WARN ][o.e.u.FullClusterRestartDownsampleIT] [testRollupIndex] --> No matching rollup name for path [/downsample-1h-.ds-ds-fzxhsuqqbb-*/?expand_wildcards=all]
[2025-12-04T00:32:26,735][INFO ][o.e.c.m.MetadataIndexStateService] [test-cluster-1] adding [index.blocks.write] block to indices [[.ds-ds-fzxhsuqqbb-2025.12.04-000001/rHwiwB0vTAKd_eqpxyX_SA]]
[2025-12-04T00:32:27,019][INFO ][o.e.c.m.MetadataIndexStateService] [test-cluster-1] completed adding [index.blocks.write] block to indices [.ds-ds-fzxhsuqqbb-2025.12.04-000001]
[2025-12-04T00:32:27,090][INFO ][o.e.x.i.IndexLifecycleTransition] [test-cluster-1] moving index [.ds-ds-fzxhsuqqbb-2025.12.04-000001] from [{"phase":"hot","action":"downsample","name":"readonly"}] to [{"phase":"hot","action":"downsample","name":"generate-downsampled-index-name"}] in policy [policy-ODnVl]
[2025-12-04T00:32:27,177][INFO ][o.e.x.i.IndexLifecycleTransition] [test-cluster-1] moving index [.ds-ds-fzxhsuqqbb-2025.12.04-000001] from [{"phase":"hot","action":"downsample","name":"generate-downsampled-index-name"}] to [{"phase":"hot","action":"downsample","name":"rollup"}] in policy [policy-ODnVl]
[2025-12-04T00:32:27,558][INFO ][o.e.c.r.a.AllocationService] [test-cluster-1] current.health="GREEN" message="Cluster health status changed from [YELLOW] to [GREEN] (reason: [shards started [[downsample-1h-.ds-ds-fzxhsuqqbb-2025.12.04-000001][0]]])." previous.health="YELLOW" reason="shards started [[downsample-1h-.ds-ds-fzxhsuqqbb-2025.12.04-000001][0]]"
[2025-12-04T00:32:27,614][INFO ][o.e.x.d.DownsampleShardIndexer] [test-cluster-1] Downsampling task [downsample-downsample-1h-.ds-ds-fzxhsuqqbb-2025.12.04-000001-0-1h on shard [.ds-ds-fzxhsuqqbb-2025.12.04-000001][0] started
[2025-12-04T00:32:27,645][INFO ][o.e.x.d.DownsampleShardIndexer] [test-cluster-1] Shard [.ds-ds-fzxhsuqqbb-2025.12.04-000001][0] processed [8] docs, created [4] downsample buckets
[2025-12-04T00:32:27,658][INFO ][o.e.u.FullClusterRestartDownsampleIT] [testRollupIndex] --> original index name is [.ds-ds-fzxhsuqqbb], rollup index name is [downsample-1h-.ds-ds-fzxhsuqqbb-2025.12.04-000001]
[2025-12-04T00:32:27,711][INFO ][o.e.x.d.DownsampleShardIndexer] [test-cluster-1] Shard [[.ds-ds-fzxhsuqqbb-2025.12.04-000001][0]] successfully sent [8], received source doc [4], indexed downsampled doc [4], failed [0], took [0s]
[2025-12-04T00:32:27,712][INFO ][o.e.x.d.DownsampleShardIndexer] [test-cluster-1] Downsampling task [downsample-downsample-1h-.ds-ds-fzxhsuqqbb-2025.12.04-000001-0-1h on shard [.ds-ds-fzxhsuqqbb-2025.12.04-000001][0] completed
[2025-12-04T00:32:27,810][INFO ][o.e.x.d.TransportDownsampleAction] [test-cluster-1] Downsampling task [downsample-downsample-1h-.ds-ds-fzxhsuqqbb-2025.12.04-000001-0-1h completed for shard [.ds-ds-fzxhsuqqbb-2025.12.04-000001][0]
[2025-12-04T00:32:27,811][INFO ][o.e.x.d.TransportDownsampleAction] [test-cluster-1] All downsampling tasks completed [1]
[2025-12-04T00:32:27,919][WARN ][o.e.p.PersistentTasksClusterService] [test-cluster-1] trying to update state on non-existing task downsample-downsample-1h-.ds-ds-fzxhsuqqbb-2025.12.04-000001-0-1h
[2025-12-04T00:32:28,075][INFO ][o.e.x.i.IndexLifecycleTransition] [test-cluster-1] moving index [.ds-ds-fzxhsuqqbb-2025.12.04-000001] from [{"phase":"hot","action":"downsample","name":"rollup"}] to [{"phase":"hot","action":"downsample","name":"wait-for-index-color"}] in policy [policy-ODnVl]
[2025-12-04T00:32:28,145][INFO ][o.e.x.i.IndexLifecycleTransition] [test-cluster-1] moving index [.ds-ds-fzxhsuqqbb-2025.12.04-000001] from [{"phase":"hot","action":"downsample","name":"wait-for-index-color"}] to [{"phase":"hot","action":"downsample","name":"copy-execution-state"}] in policy [policy-ODnVl]
[2025-12-04T00:32:28,149][INFO ][o.e.x.i.IndexLifecycleTransition] [test-cluster-1] moving index [.ds-ds-fzxhsuqqbb-2025.12.04-000001] from [{"phase":"hot","action":"downsample","name":"copy-execution-state"}] to [{"phase":"hot","action":"downsample","name":"copy-settings"}] in policy [policy-ODnVl]
[2025-12-04T00:32:28,151][INFO ][o.e.x.i.IndexLifecycleTransition] [test-cluster-1] moving index [.ds-ds-fzxhsuqqbb-2025.12.04-000001] from [{"phase":"hot","action":"downsample","name":"copy-settings"}] to [{"phase":"hot","action":"downsample","name":"branch-on-datastream-check"}] in policy [policy-ODnVl]
[2025-12-04T00:32:28,154][INFO ][o.e.x.i.IndexLifecycleTransition] [test-cluster-1] moving index [.ds-ds-fzxhsuqqbb-2025.12.04-000001] from [{"phase":"hot","action":"downsample","name":"branch-on-datastream-check"}] to [{"phase":"hot","action":"downsample","name":"replace-datastream-backing-index"}] in policy [policy-ODnVl]
[2025-12-04T00:32:28,163][INFO ][o.e.x.i.IndexLifecycleTransition] [test-cluster-1] moving index [.ds-ds-fzxhsuqqbb-2025.12.04-000001] from [{"phase":"hot","action":"downsample","name":"replace-datastream-backing-index"}] to [{"phase":"hot","action":"downsample","name":"delete"}] in policy [policy-ODnVl]
[2025-12-04T00:32:28,277][INFO ][o.e.c.m.MetadataDeleteIndexService] [test-cluster-1] [.ds-ds-fzxhsuqqbb-2025.12.04-000001/rHwiwB0vTAKd_eqpxyX_SA] deleting index
[2025-12-04T00:32:28,381][INFO ][o.e.u.FullClusterRestartDownsampleIT] [testRollupIndex] [cluster=UPGRADED] after test
[2025-12-04T00:32:28,396][INFO ][o.e.t.c.l.DefaultLocalClusterHandle] [suite] Stopping Elasticsearch test cluster 'test-cluster', forcibly: true
[2025-12-04T00:32:28,397][INFO ][o.e.t.c.l.AbstractLocalClusterFactory] [[test-cluster-node-executor-3]] Shutting down node 'test-cluster-0'
[2025-12-04T00:32:28,399][INFO ][o.e.t.c.u.ProcessUtils   ] [[test-cluster-node-executor-3]] Terminating Elasticsearch process  forcibly : [user: Optional[gradle], cmd: /home/gradle/.gradle/jdks/oracle_corporation-24-amd64-linux.2/bin/java, args: [-Xms4m, -Xmx64m, -XX:+UseSerialGC, -ea, -esa, -Dtests.testfeatures.enabled=true, -Dingest.geoip.downloader.enabled.default=false, -Dcli.name=server, -Dcli.script=../../../../../../../../distribution/archives/linux-tar/build/install/elasticsearch-8.19.0-SNAPSHOT/bin/elasticsearch, -Dcli.libs=lib/tools/server-cli, -Des.path.home=/repo/distribution/archives/linux-tar/build/install/elasticsearch-8.19.0-SNAPSHOT, -Des.path.conf=/repo/qa/full-cluster-restart/build/testrun/v8.19.0_bwcTest/temp/test-cluster7528365894742041216/test-cluster-0/config, -Des.distribution.type=tar, -cp, /repo/distribution/archives/linux-tar/build/install/elasticsearch-8.19.0-SNAPSHOT/lib/*:/repo/distribution/archives/linux-tar/build/install/elasticsearch-8.19.0-SNAPSHOT/lib/cli-launcher/*, org.elasticsearch.launcher.CliToolLauncher], startTime: Optional[2025-12-04T07:31:50.760Z], totalTime: Optional[PT5.35S]]
[2025-12-04T00:32:28,399][INFO ][o.e.t.c.l.AbstractLocalClusterFactory] [[test-cluster-node-executor-0]] Shutting down node 'test-cluster-1'
[2025-12-04T00:32:28,401][INFO ][o.e.t.c.u.ProcessUtils   ] [[test-cluster-node-executor-0]] Terminating Elasticsearch process  forcibly : [user: Optional[gradle], cmd: /home/gradle/.gradle/jdks/oracle_corporation-24-amd64-linux.2/bin/java, args: [-Xms4m, -Xmx64m, -XX:+UseSerialGC, -ea, -esa, -Dtests.testfeatures.enabled=true, -Dingest.geoip.downloader.enabled.default=false, -Dcli.name=server, -Dcli.script=../../../../../../../../distribution/archives/linux-tar/build/install/elasticsearch-8.19.0-SNAPSHOT/bin/elasticsearch, -Dcli.libs=lib/tools/server-cli, -Des.path.home=/repo/distribution/archives/linux-tar/build/install/elasticsearch-8.19.0-SNAPSHOT, -Des.path.conf=/repo/qa/full-cluster-restart/build/testrun/v8.19.0_bwcTest/temp/test-cluster7528365894742041216/test-cluster-1/config, -Des.distribution.type=tar, -cp, /repo/distribution/archives/linux-tar/build/install/elasticsearch-8.19.0-SNAPSHOT/lib/*:/repo/distribution/archives/linux-tar/build/install/elasticsearch-8.19.0-SNAPSHOT/lib/cli-launcher/*, org.elasticsearch.launcher.CliToolLauncher], startTime: Optional[2025-12-04T07:31:50.850Z], totalTime: Optional[PT5.24S]]
[2025-12-04T00:32:28,429][INFO ][o.e.n.Node               ] [test-cluster-1] stopping ...
[2025-12-04T00:32:28,429][INFO ][o.e.n.Node               ] [test-cluster-0] stopping ...
[2025-12-04T00:32:29,408][INFO ][o.e.t.c.u.ProcessUtils   ] [[test-cluster-node-executor-0]] Terminating Elasticsearch process  forcibly : [user: Optional[gradle], cmd: /home/gradle/.gradle/jdks/oracle_corporation-24-amd64-linux.2/bin/java, args: [-Des.networkaddress.cache.ttl=60, -Des.networkaddress.cache.negative.ttl=10, -XX:+AlwaysPreTouch, -Xss1m, -Djava.awt.headless=true, -Dfile.encoding=UTF-8, -Djna.nosys=true, -XX:-OmitStackTraceInFastThrow, -Dio.netty.noUnsafe=true, -Dio.netty.noKeySetOptimization=true, -Dio.netty.recycler.maxCapacityPerThread=0, -Dlog4j.shutdownHookEnabled=false, -Dlog4j2.disable.jmx=true, -Dlog4j2.formatMsgNoLookups=true, -Djava.locale.providers=CLDR, -Dorg.apache.lucene.vectorization.upperJavaFeatureVersion=24, -Des.distribution.type=tar, -Des.java.type=null, --enable-native-access=org.elasticsearch.nativeaccess,org.apache.lucene.core, --enable-native-access=ALL-UNNAMED, --illegal-native-access=deny, -XX:ReplayDataFile=logs/replay_pid%p.log, -Des.entitlements.enabled=true, -XX:+EnableDynamicAgentLoading, -Djdk.attach.allowAttachSelf=true, --patch-module=java.base=lib/entitlement-bridge/elasticsearch-entitlement-bridge-8.19.0-SNAPSHOT.jar, --add-exports=java.base/org.elasticsearch.entitlement.bridge=org.elasticsearch.entitlement,java.logging,java.net.http,java.naming,jdk.net, -XX:+UseG1GC, -Djava.io.tmpdir=/repo/qa/full-cluster-restart/build/testrun/v8.19.0_bwcTest/temp/test-cluster7528365894742041216/test-cluster-1/tmp, --add-modules=jdk.incubator.vector, -XX:+HeapDumpOnOutOfMemoryError, -XX:+ExitOnOutOfMemoryError, -XX:HeapDumpPath=/repo/qa/full-cluster-restart/build/testrun/v8.19.0_bwcTest/temp/test-cluster7528365894742041216/test-cluster-1/logs, -XX:ErrorFile=/repo/qa/full-cluster-restart/build/testrun/v8.19.0_bwcTest/temp/test-cluster7528365894742041216/test-cluster-1/logs/hs_err_pid%p.log, -Xlog:gc*,gc+age=trace,safepoint:file=/repo/qa/full-cluster-restart/build/testrun/v8.19.0_bwcTest/temp/test-cluster7528365894742041216/test-cluster-1/logs/gc.log:utctime,level,pid,tags:filecount=32,filesize=64m, -Xms512m, -Xmx512m, -ea, -esa, -Dtests.testfeatures.enabled=true, -Dingest.geoip.downloader.enabled.default=false, -XX:MaxDirectMemorySize=268435456, -XX:G1HeapRegionSize=4m, -XX:InitiatingHeapOccupancyPercent=30, -XX:G1ReservePercent=15, --module-path, /repo/distribution/archives/linux-tar/build/install/elasticsearch-8.19.0-SNAPSHOT/lib, --add-modules=jdk.net, --add-modules=jdk.management.agent, --add-modules=ALL-MODULE-PATH, -m, org.elasticsearch.server/org.elasticsearch.bootstrap.Elasticsearch], startTime: Optional[2025-12-04T07:31:52.860Z], totalTime: Optional[PT1M3.69S]]
[2025-12-04T00:32:29,409][INFO ][o.e.t.c.u.ProcessUtils   ] [[test-cluster-node-executor-3]] Terminating Elasticsearch process  forcibly : [user: Optional[gradle], cmd: /home/gradle/.gradle/jdks/oracle_corporation-24-amd64-linux.2/bin/java, args: [-Des.networkaddress.cache.ttl=60, -Des.networkaddress.cache.negative.ttl=10, -XX:+AlwaysPreTouch, -Xss1m, -Djava.awt.headless=true, -Dfile.encoding=UTF-8, -Djna.nosys=true, -XX:-OmitStackTraceInFastThrow, -Dio.netty.noUnsafe=true, -Dio.netty.noKeySetOptimization=true, -Dio.netty.recycler.maxCapacityPerThread=0, -Dlog4j.shutdownHookEnabled=false, -Dlog4j2.disable.jmx=true, -Dlog4j2.formatMsgNoLookups=true, -Djava.locale.providers=CLDR, -Dorg.apache.lucene.vectorization.upperJavaFeatureVersion=24, -Des.distribution.type=tar, -Des.java.type=null, --enable-native-access=org.elasticsearch.nativeaccess,org.apache.lucene.core, --enable-native-access=ALL-UNNAMED, --illegal-native-access=deny, -XX:ReplayDataFile=logs/replay_pid%p.log, -Des.entitlements.enabled=true, -XX:+EnableDynamicAgentLoading, -Djdk.attach.allowAttachSelf=true, --patch-module=java.base=lib/entitlement-bridge/elasticsearch-entitlement-bridge-8.19.0-SNAPSHOT.jar, --add-exports=java.base/org.elasticsearch.entitlement.bridge=org.elasticsearch.entitlement,java.logging,java.net.http,java.naming,jdk.net, -XX:+UseG1GC, -Djava.io.tmpdir=/repo/qa/full-cluster-restart/build/testrun/v8.19.0_bwcTest/temp/test-cluster7528365894742041216/test-cluster-0/tmp, --add-modules=jdk.incubator.vector, -XX:+HeapDumpOnOutOfMemoryError, -XX:+ExitOnOutOfMemoryError, -XX:HeapDumpPath=/repo/qa/full-cluster-restart/build/testrun/v8.19.0_bwcTest/temp/test-cluster7528365894742041216/test-cluster-0/logs, -XX:ErrorFile=/repo/qa/full-cluster-restart/build/testrun/v8.19.0_bwcTest/temp/test-cluster7528365894742041216/test-cluster-0/logs/hs_err_pid%p.log, -Xlog:gc*,gc+age=trace,safepoint:file=/repo/qa/full-cluster-restart/build/testrun/v8.19.0_bwcTest/temp/test-cluster7528365894742041216/test-cluster-0/logs/gc.log:utctime,level,pid,tags:filecount=32,filesize=64m, -Xms512m, -Xmx512m, -ea, -esa, -Dtests.testfeatures.enabled=true, -Dingest.geoip.downloader.enabled.default=false, -XX:MaxDirectMemorySize=268435456, -XX:G1HeapRegionSize=4m, -XX:InitiatingHeapOccupancyPercent=30, -XX:G1ReservePercent=15, --module-path, /repo/distribution/archives/linux-tar/build/install/elasticsearch-8.19.0-SNAPSHOT/lib, --add-modules=jdk.net, --add-modules=jdk.management.agent, --add-modules=ALL-MODULE-PATH, -m, org.elasticsearch.server/org.elasticsearch.bootstrap.Elasticsearch], startTime: Optional[2025-12-04T07:31:52.740Z], totalTime: Optional[PT1M3.83S]]
]]></system-out>
  <system-err><![CDATA[Dec 04, 2025 7:31:14 AM org.apache.lucene.internal.vectorization.VectorizationProvider lookup
WARNING: You are running with Java 23 or later. To make full use of the Vector API, please update Apache Lucene.
]]></system-err>
</testsuite>
