<?xml version="1.0" encoding="UTF-8"?>
<testsuite name="org.elasticsearch.upgrades.FullClusterRestartDownsampleIT" tests="2" skipped="0" failures="0" errors="0" timestamp="2025-12-04T07:50:59.773Z" hostname="2e00de7d0d73" time="59.25">
  <properties/>
  <testcase name="testRollupIndex {cluster=OLD}" classname="org.elasticsearch.upgrades.FullClusterRestartDownsampleIT" time="4.564"/>
  <testcase name="testRollupIndex {cluster=UPGRADED}" classname="org.elasticsearch.upgrades.FullClusterRestartDownsampleIT" time="54.684"/>
  <system-out><![CDATA[[2025-12-04T07:50:23,553][INFO ][o.e.n.j.JdkVectorLibrary ] [[Test worker]] vec_caps=1
[2025-12-04T07:50:23,566][INFO ][o.e.n.NativeAccess       ] [[Test worker]] Using native vector library; to disable start with -Dorg.elasticsearch.nativeaccess.enableVectorLibrary=false
[2025-12-04T07:50:23,585][INFO ][o.e.n.NativeAccess       ] [[Test worker]] Using [jdk] native provider and native methods for [Linux]
[2025-12-04T07:50:23,646][INFO ][o.e.c.t.DateFormatters   ] [[Test worker]] Using java.time datetime parsers only
[2025-12-04T07:50:24,571][INFO ][o.e.t.c.l.DefaultLocalClusterHandle] [suite] Starting Elasticsearch test cluster 'test-cluster'
[2025-12-04T07:50:24,582][INFO ][o.e.t.c.l.AbstractLocalClusterFactory] [[test-cluster-node-executor-0]] Starting Elasticsearch node 'test-cluster-1'
[2025-12-04T07:50:24,582][INFO ][o.e.t.c.l.AbstractLocalClusterFactory] [[test-cluster-node-executor-0]] Creating installation for node 'test-cluster-1' in /repo/qa/full-cluster-restart/build/testrun/v8.19.0_bwcTest/temp/test-cluster3724648714045455545/test-cluster-1
[2025-12-04T07:50:24,582][INFO ][o.e.t.c.l.AbstractLocalClusterFactory] [[test-cluster-node-executor-1]] Starting Elasticsearch node 'test-cluster-0'
[2025-12-04T07:50:24,583][INFO ][o.e.t.c.l.AbstractLocalClusterFactory] [[test-cluster-node-executor-1]] Creating installation for node 'test-cluster-0' in /repo/qa/full-cluster-restart/build/testrun/v8.19.0_bwcTest/temp/test-cluster3724648714045455545/test-cluster-0
[2025-12-04T07:50:24,585][INFO ][o.e.t.c.l.AbstractLocalClusterFactory] [[test-cluster-node-executor-0]] Distribution for node 'test-cluster-1': DefaultDistributionDescriptor{version=8.19.0, snapshot=true, distributionDir=/repo/distribution/archives/linux-tar/build/install, type=DEFAULT}
[2025-12-04T07:50:24,585][INFO ][o.e.t.c.l.AbstractLocalClusterFactory] [[test-cluster-node-executor-1]] Distribution for node 'test-cluster-0': DefaultDistributionDescriptor{version=8.19.0, snapshot=true, distributionDir=/repo/distribution/archives/linux-tar/build/install, type=DEFAULT}
[2025-12-04T07:50:26,610][INFO ][process-output           ] [[elasticsearch-keystore-log-forwarder]] Created elasticsearch keystore in /repo/qa/full-cluster-restart/build/testrun/v8.19.0_bwcTest/temp/test-cluster3724648714045455545/test-cluster-0/config/elasticsearch.keystore
[2025-12-04T07:50:26,654][INFO ][o.e.t.c.u.ProcessReaper  ] [[test-cluster-node-executor-1]] Launching reaper: /home/gradle/.gradle/jdks/oracle_corporation-24-amd64-linux.2/bin/java -Xms4m -Xmx16m -jar /repo/build-tools/reaper/build/libs/reaper.jar /repo/qa/full-cluster-restart/build/testrun/v8.19.0_bwcTest/temp/reaper-12985947902812378279
[2025-12-04T07:50:26,767][INFO ][process-output           ] [[elasticsearch-keystore-log-forwarder]] Created elasticsearch keystore in /repo/qa/full-cluster-restart/build/testrun/v8.19.0_bwcTest/temp/test-cluster3724648714045455545/test-cluster-1/config/elasticsearch.keystore
[2025-12-04T07:50:31,299][INFO ][o.e.n.j.JdkVectorLibrary ] [test-cluster-0] vec_caps=1
[2025-12-04T07:50:31,336][INFO ][o.e.n.NativeAccess       ] [test-cluster-0] Using native vector library; to disable start with -Dorg.elasticsearch.nativeaccess.enableVectorLibrary=false
[2025-12-04T07:50:31,358][INFO ][o.e.n.NativeAccess       ] [test-cluster-0] Using [jdk] native provider and native methods for [Linux]
[2025-12-04T07:50:31,431][INFO ][o.e.n.j.JdkVectorLibrary ] [test-cluster-1] vec_caps=1
[2025-12-04T07:50:31,461][INFO ][o.a.l.i.v.PanamaVectorizationProvider] [test-cluster-0] Java vector incubator API enabled; uses preferredBitSize=256; FMA enabled
[2025-12-04T07:50:31,468][INFO ][o.e.n.NativeAccess       ] [test-cluster-1] Using native vector library; to disable start with -Dorg.elasticsearch.nativeaccess.enableVectorLibrary=false
[2025-12-04T07:50:31,489][INFO ][o.e.n.NativeAccess       ] [test-cluster-1] Using [jdk] native provider and native methods for [Linux]
[2025-12-04T07:50:31,541][INFO ][o.e.b.Elasticsearch      ] [test-cluster-0] Bootstrapping Entitlements
[2025-12-04T07:50:31,601][INFO ][o.a.l.i.v.PanamaVectorizationProvider] [test-cluster-1] Java vector incubator API enabled; uses preferredBitSize=256; FMA enabled
[2025-12-04T07:50:31,689][INFO ][o.e.b.Elasticsearch      ] [test-cluster-1] Bootstrapping Entitlements
[2025-12-04T07:50:34,553][INFO ][o.e.n.Node               ] [test-cluster-0] version[8.19.0-SNAPSHOT], pid[1506], build[tar/57c0a50d90c304e9833a5df0b2ea72ef38d73be1/2025-12-04T07:48:23.506545838Z], OS[Linux/6.8.0-1039-oracle/amd64], JVM[Oracle Corporation/OpenJDK 64-Bit Server VM/24/24+36-3646]
[2025-12-04T07:50:34,554][INFO ][o.e.n.Node               ] [test-cluster-0] JVM home [/home/gradle/.gradle/jdks/oracle_corporation-24-amd64-linux.2], using bundled JDK [false]
[2025-12-04T07:50:34,554][INFO ][o.e.n.Node               ] [test-cluster-0] JVM arguments [-Des.networkaddress.cache.ttl=60, -Des.networkaddress.cache.negative.ttl=10, -XX:+AlwaysPreTouch, -Xss1m, -Djava.awt.headless=true, -Dfile.encoding=UTF-8, -Djna.nosys=true, -XX:-OmitStackTraceInFastThrow, -Dio.netty.noUnsafe=true, -Dio.netty.noKeySetOptimization=true, -Dio.netty.recycler.maxCapacityPerThread=0, -Dlog4j.shutdownHookEnabled=false, -Dlog4j2.disable.jmx=true, -Dlog4j2.formatMsgNoLookups=true, -Djava.locale.providers=CLDR, -Dorg.apache.lucene.vectorization.upperJavaFeatureVersion=24, -Des.distribution.type=tar, -Des.java.type=null, --enable-native-access=org.elasticsearch.nativeaccess,org.apache.lucene.core, --enable-native-access=ALL-UNNAMED, --illegal-native-access=deny, -XX:ReplayDataFile=logs/replay_pid%p.log, -Des.entitlements.enabled=true, -XX:+EnableDynamicAgentLoading, -Djdk.attach.allowAttachSelf=true, --patch-module=java.base=lib/entitlement-bridge/elasticsearch-entitlement-bridge-8.19.0-SNAPSHOT.jar, --add-exports=java.base/org.elasticsearch.entitlement.bridge=org.elasticsearch.entitlement,java.logging,java.net.http,java.naming,jdk.net, -XX:+UseG1GC, -Djava.io.tmpdir=/repo/qa/full-cluster-restart/build/testrun/v8.19.0_bwcTest/temp/test-cluster3724648714045455545/test-cluster-0/tmp, --add-modules=jdk.incubator.vector, -XX:+HeapDumpOnOutOfMemoryError, -XX:+ExitOnOutOfMemoryError, -XX:HeapDumpPath=/repo/qa/full-cluster-restart/build/testrun/v8.19.0_bwcTest/temp/test-cluster3724648714045455545/test-cluster-0/logs, -XX:ErrorFile=/repo/qa/full-cluster-restart/build/testrun/v8.19.0_bwcTest/temp/test-cluster3724648714045455545/test-cluster-0/logs/hs_err_pid%p.log, -Xlog:gc*,gc+age=trace,safepoint:file=/repo/qa/full-cluster-restart/build/testrun/v8.19.0_bwcTest/temp/test-cluster3724648714045455545/test-cluster-0/logs/gc.log:utctime,level,pid,tags:filecount=32,filesize=64m, -Xms512m, -Xmx512m, -ea, -esa, -Dtests.testfeatures.enabled=true, -Dingest.geoip.downloader.enabled.default=false, -XX:MaxDirectMemorySize=268435456, -XX:G1HeapRegionSize=4m, -XX:InitiatingHeapOccupancyPercent=30, -XX:G1ReservePercent=15, --module-path=/repo/distribution/archives/linux-tar/build/install/elasticsearch-8.19.0-SNAPSHOT/lib, --add-modules=jdk.net, --add-modules=jdk.management.agent, --add-modules=ALL-MODULE-PATH, -Djdk.module.main=org.elasticsearch.server]
[2025-12-04T07:50:34,555][INFO ][o.e.n.Node               ] [test-cluster-0] Default Locale [en_US]
[2025-12-04T07:50:34,556][WARN ][o.e.n.Node               ] [test-cluster-0] version [8.19.0-SNAPSHOT] is a pre-release version of Elasticsearch and is not suitable for production
[2025-12-04T07:50:34,723][INFO ][o.e.n.Node               ] [test-cluster-1] version[8.19.0-SNAPSHOT], pid[1529], build[tar/57c0a50d90c304e9833a5df0b2ea72ef38d73be1/2025-12-04T07:48:23.506545838Z], OS[Linux/6.8.0-1039-oracle/amd64], JVM[Oracle Corporation/OpenJDK 64-Bit Server VM/24/24+36-3646]
[2025-12-04T07:50:34,725][INFO ][o.e.n.Node               ] [test-cluster-1] JVM home [/home/gradle/.gradle/jdks/oracle_corporation-24-amd64-linux.2], using bundled JDK [false]
[2025-12-04T07:50:34,725][INFO ][o.e.n.Node               ] [test-cluster-1] JVM arguments [-Des.networkaddress.cache.ttl=60, -Des.networkaddress.cache.negative.ttl=10, -XX:+AlwaysPreTouch, -Xss1m, -Djava.awt.headless=true, -Dfile.encoding=UTF-8, -Djna.nosys=true, -XX:-OmitStackTraceInFastThrow, -Dio.netty.noUnsafe=true, -Dio.netty.noKeySetOptimization=true, -Dio.netty.recycler.maxCapacityPerThread=0, -Dlog4j.shutdownHookEnabled=false, -Dlog4j2.disable.jmx=true, -Dlog4j2.formatMsgNoLookups=true, -Djava.locale.providers=CLDR, -Dorg.apache.lucene.vectorization.upperJavaFeatureVersion=24, -Des.distribution.type=tar, -Des.java.type=null, --enable-native-access=org.elasticsearch.nativeaccess,org.apache.lucene.core, --enable-native-access=ALL-UNNAMED, --illegal-native-access=deny, -XX:ReplayDataFile=logs/replay_pid%p.log, -Des.entitlements.enabled=true, -XX:+EnableDynamicAgentLoading, -Djdk.attach.allowAttachSelf=true, --patch-module=java.base=lib/entitlement-bridge/elasticsearch-entitlement-bridge-8.19.0-SNAPSHOT.jar, --add-exports=java.base/org.elasticsearch.entitlement.bridge=org.elasticsearch.entitlement,java.logging,java.net.http,java.naming,jdk.net, -XX:+UseG1GC, -Djava.io.tmpdir=/repo/qa/full-cluster-restart/build/testrun/v8.19.0_bwcTest/temp/test-cluster3724648714045455545/test-cluster-1/tmp, --add-modules=jdk.incubator.vector, -XX:+HeapDumpOnOutOfMemoryError, -XX:+ExitOnOutOfMemoryError, -XX:HeapDumpPath=/repo/qa/full-cluster-restart/build/testrun/v8.19.0_bwcTest/temp/test-cluster3724648714045455545/test-cluster-1/logs, -XX:ErrorFile=/repo/qa/full-cluster-restart/build/testrun/v8.19.0_bwcTest/temp/test-cluster3724648714045455545/test-cluster-1/logs/hs_err_pid%p.log, -Xlog:gc*,gc+age=trace,safepoint:file=/repo/qa/full-cluster-restart/build/testrun/v8.19.0_bwcTest/temp/test-cluster3724648714045455545/test-cluster-1/logs/gc.log:utctime,level,pid,tags:filecount=32,filesize=64m, -Xms512m, -Xmx512m, -ea, -esa, -Dtests.testfeatures.enabled=true, -Dingest.geoip.downloader.enabled.default=false, -XX:MaxDirectMemorySize=268435456, -XX:G1HeapRegionSize=4m, -XX:InitiatingHeapOccupancyPercent=30, -XX:G1ReservePercent=15, --module-path=/repo/distribution/archives/linux-tar/build/install/elasticsearch-8.19.0-SNAPSHOT/lib, --add-modules=jdk.net, --add-modules=jdk.management.agent, --add-modules=ALL-MODULE-PATH, -Djdk.module.main=org.elasticsearch.server]
[2025-12-04T07:50:34,727][INFO ][o.e.n.Node               ] [test-cluster-1] Default Locale [en_US]
[2025-12-04T07:50:34,727][WARN ][o.e.n.Node               ] [test-cluster-1] version [8.19.0-SNAPSHOT] is a pre-release version of Elasticsearch and is not suitable for production
[2025-12-04T07:50:35,333][INFO ][o.e.c.u.FeatureFlag      ] [test-cluster-0] The current build is a snapshot, feature flag [esql_semantic_text] is enabled
[2025-12-04T07:50:35,337][INFO ][o.e.c.u.FeatureFlag      ] [test-cluster-0] The current build is a snapshot, feature flag [esql_aggregate_metric_double] is enabled
[2025-12-04T07:50:35,508][INFO ][o.e.c.u.FeatureFlag      ] [test-cluster-1] The current build is a snapshot, feature flag [esql_semantic_text] is enabled
[2025-12-04T07:50:35,508][INFO ][o.e.c.u.FeatureFlag      ] [test-cluster-1] The current build is a snapshot, feature flag [esql_aggregate_metric_double] is enabled
[2025-12-04T07:50:35,680][INFO ][o.e.c.u.FeatureFlag      ] [test-cluster-0] The current build is a snapshot, feature flag [esql_inlinestats] is enabled
[2025-12-04T07:50:35,886][INFO ][o.e.c.u.FeatureFlag      ] [test-cluster-1] The current build is a snapshot, feature flag [esql_inlinestats] is enabled
[2025-12-04T07:50:36,689][INFO ][o.e.p.PluginsService     ] [test-cluster-0] loaded module [repository-url]
[2025-12-04T07:50:36,693][INFO ][o.e.p.PluginsService     ] [test-cluster-0] loaded module [rest-root]
[2025-12-04T07:50:36,693][INFO ][o.e.p.PluginsService     ] [test-cluster-0] loaded module [x-pack-core]
[2025-12-04T07:50:36,694][INFO ][o.e.p.PluginsService     ] [test-cluster-0] loaded module [x-pack-redact]
[2025-12-04T07:50:36,694][INFO ][o.e.p.PluginsService     ] [test-cluster-0] loaded module [ingest-user-agent]
[2025-12-04T07:50:36,694][INFO ][o.e.p.PluginsService     ] [test-cluster-0] loaded module [x-pack-async-search]
[2025-12-04T07:50:36,694][INFO ][o.e.p.PluginsService     ] [test-cluster-0] loaded module [test-error-query]
[2025-12-04T07:50:36,697][INFO ][o.e.p.PluginsService     ] [test-cluster-0] loaded module [x-pack-monitoring]
[2025-12-04T07:50:36,698][INFO ][o.e.p.PluginsService     ] [test-cluster-0] loaded module [repository-s3]
[2025-12-04T07:50:36,698][INFO ][o.e.p.PluginsService     ] [test-cluster-0] loaded module [x-pack-analytics]
[2025-12-04T07:50:36,698][INFO ][o.e.p.PluginsService     ] [test-cluster-0] loaded module [x-pack-esql-core]
[2025-12-04T07:50:36,699][INFO ][o.e.p.PluginsService     ] [test-cluster-0] loaded module [x-pack-ent-search]
[2025-12-04T07:50:36,699][INFO ][o.e.p.PluginsService     ] [test-cluster-0] loaded module [x-pack-autoscaling]
[2025-12-04T07:50:36,699][INFO ][o.e.p.PluginsService     ] [test-cluster-0] loaded module [lang-painless]
[2025-12-04T07:50:36,700][INFO ][o.e.p.PluginsService     ] [test-cluster-0] loaded module [x-pack-ml]
[2025-12-04T07:50:36,701][INFO ][o.e.p.PluginsService     ] [test-cluster-0] loaded module [test-die-with-dignity]
[2025-12-04T07:50:36,701][INFO ][o.e.p.PluginsService     ] [test-cluster-0] loaded module [legacy-geo]
[2025-12-04T07:50:36,701][INFO ][o.e.p.PluginsService     ] [test-cluster-0] loaded module [lang-mustache]
[2025-12-04T07:50:36,702][INFO ][o.e.p.PluginsService     ] [test-cluster-0] loaded module [logsdb]
[2025-12-04T07:50:36,702][INFO ][o.e.p.PluginsService     ] [test-cluster-0] loaded module [x-pack-ql]
[2025-12-04T07:50:36,702][INFO ][o.e.p.PluginsService     ] [test-cluster-0] loaded module [rank-rrf]
[2025-12-04T07:50:36,702][INFO ][o.e.p.PluginsService     ] [test-cluster-0] loaded module [analysis-common]
[2025-12-04T07:50:36,705][INFO ][o.e.p.PluginsService     ] [test-cluster-0] loaded module [health-shards-availability]
[2025-12-04T07:50:36,706][INFO ][o.e.p.PluginsService     ] [test-cluster-0] loaded module [transport-netty4]
[2025-12-04T07:50:36,706][INFO ][o.e.p.PluginsService     ] [test-cluster-0] loaded module [aggregations]
[2025-12-04T07:50:36,707][INFO ][o.e.p.PluginsService     ] [test-cluster-0] loaded module [ingest-common]
[2025-12-04T07:50:36,707][INFO ][o.e.p.PluginsService     ] [test-cluster-0] loaded module [frozen-indices]
[2025-12-04T07:50:36,708][INFO ][o.e.p.PluginsService     ] [test-cluster-0] loaded module [x-pack-identity-provider]
[2025-12-04T07:50:36,708][INFO ][o.e.p.PluginsService     ] [test-cluster-0] loaded module [x-pack-text-structure]
[2025-12-04T07:50:36,709][INFO ][o.e.p.PluginsService     ] [test-cluster-0] loaded module [x-pack-shutdown]
[2025-12-04T07:50:36,711][INFO ][o.e.p.PluginsService     ] [test-cluster-0] loaded module [snapshot-repo-test-kit]
[2025-12-04T07:50:36,712][INFO ][o.e.p.PluginsService     ] [test-cluster-0] loaded module [test-delayed-aggs]
[2025-12-04T07:50:36,712][INFO ][o.e.p.PluginsService     ] [test-cluster-0] loaded module [ml-package-loader]
[2025-12-04T07:50:36,712][INFO ][o.e.p.PluginsService     ] [test-cluster-0] loaded module [kibana]
[2025-12-04T07:50:36,713][INFO ][o.e.p.PluginsService     ] [test-cluster-0] loaded module [test-esql-heap-attack]
[2025-12-04T07:50:36,713][INFO ][o.e.p.PluginsService     ] [test-cluster-0] loaded module [constant-keyword]
[2025-12-04T07:50:36,714][INFO ][o.e.p.PluginsService     ] [test-cluster-0] loaded module [x-pack-logstash]
[2025-12-04T07:50:36,714][INFO ][o.e.p.PluginsService     ] [test-cluster-0] loaded module [x-pack-graph]
[2025-12-04T07:50:36,722][INFO ][o.e.p.PluginsService     ] [test-cluster-0] loaded module [x-pack-ccr]
[2025-12-04T07:50:36,723][INFO ][o.e.p.PluginsService     ] [test-cluster-0] loaded module [rank-vectors]
[2025-12-04T07:50:36,723][INFO ][o.e.p.PluginsService     ] [test-cluster-0] loaded module [x-pack-esql]
[2025-12-04T07:50:36,723][INFO ][o.e.p.PluginsService     ] [test-cluster-0] loaded module [parent-join]
[2025-12-04T07:50:36,723][INFO ][o.e.p.PluginsService     ] [test-cluster-0] loaded module [counted-keyword]
[2025-12-04T07:50:36,723][INFO ][o.e.p.PluginsService     ] [test-cluster-0] loaded module [x-pack-enrich]
[2025-12-04T07:50:36,724][INFO ][o.e.p.PluginsService     ] [test-cluster-0] loaded module [repositories-metering-api]
[2025-12-04T07:50:36,724][INFO ][o.e.p.PluginsService     ] [test-cluster-0] loaded module [transform]
[2025-12-04T07:50:36,724][INFO ][o.e.p.PluginsService     ] [test-cluster-0] loaded module [repository-azure]
[2025-12-04T07:50:36,724][INFO ][o.e.p.PluginsService     ] [test-cluster-0] loaded module [dot-prefix-validation]
[2025-12-04T07:50:36,725][INFO ][o.e.p.PluginsService     ] [test-cluster-0] loaded module [repository-gcs]
[2025-12-04T07:50:36,724][INFO ][o.e.p.PluginsService     ] [test-cluster-1] loaded module [repository-url]
[2025-12-04T07:50:36,725][INFO ][o.e.p.PluginsService     ] [test-cluster-0] loaded module [x-pack-otel-data]
[2025-12-04T07:50:36,725][INFO ][o.e.p.PluginsService     ] [test-cluster-1] loaded module [rest-root]
[2025-12-04T07:50:36,725][INFO ][o.e.p.PluginsService     ] [test-cluster-0] loaded module [spatial]
[2025-12-04T07:50:36,725][INFO ][o.e.p.PluginsService     ] [test-cluster-1] loaded module [x-pack-core]
[2025-12-04T07:50:36,725][INFO ][o.e.p.PluginsService     ] [test-cluster-1] loaded module [x-pack-redact]
[2025-12-04T07:50:36,726][INFO ][o.e.p.PluginsService     ] [test-cluster-1] loaded module [ingest-user-agent]
[2025-12-04T07:50:36,726][INFO ][o.e.p.PluginsService     ] [test-cluster-1] loaded module [x-pack-async-search]
[2025-12-04T07:50:36,726][INFO ][o.e.p.PluginsService     ] [test-cluster-1] loaded module [test-error-query]
[2025-12-04T07:50:36,726][INFO ][o.e.p.PluginsService     ] [test-cluster-0] loaded module [mapper-version]
[2025-12-04T07:50:36,726][INFO ][o.e.p.PluginsService     ] [test-cluster-0] loaded module [apm]
[2025-12-04T07:50:36,726][INFO ][o.e.p.PluginsService     ] [test-cluster-0] loaded module [mapper-extras]
[2025-12-04T07:50:36,727][INFO ][o.e.p.PluginsService     ] [test-cluster-1] loaded module [x-pack-monitoring]
[2025-12-04T07:50:36,727][INFO ][o.e.p.PluginsService     ] [test-cluster-1] loaded module [repository-s3]
[2025-12-04T07:50:36,727][INFO ][o.e.p.PluginsService     ] [test-cluster-1] loaded module [x-pack-analytics]
[2025-12-04T07:50:36,727][INFO ][o.e.p.PluginsService     ] [test-cluster-0] loaded module [test-jvm-crash]
[2025-12-04T07:50:36,728][INFO ][o.e.p.PluginsService     ] [test-cluster-1] loaded module [x-pack-esql-core]
[2025-12-04T07:50:36,728][INFO ][o.e.p.PluginsService     ] [test-cluster-0] loaded module [x-pack-rollup]
[2025-12-04T07:50:36,728][INFO ][o.e.p.PluginsService     ] [test-cluster-0] loaded module [percolator]
[2025-12-04T07:50:36,728][INFO ][o.e.p.PluginsService     ] [test-cluster-0] loaded module [x-pack-migrate]
[2025-12-04T07:50:36,728][INFO ][o.e.p.PluginsService     ] [test-cluster-1] loaded module [x-pack-ent-search]
[2025-12-04T07:50:36,728][INFO ][o.e.p.PluginsService     ] [test-cluster-1] loaded module [x-pack-autoscaling]
[2025-12-04T07:50:36,728][INFO ][o.e.p.PluginsService     ] [test-cluster-0] loaded module [data-streams]
[2025-12-04T07:50:36,728][INFO ][o.e.p.PluginsService     ] [test-cluster-0] loaded module [x-pack-stack]
[2025-12-04T07:50:36,729][INFO ][o.e.p.PluginsService     ] [test-cluster-0] loaded module [rank-eval]
[2025-12-04T07:50:36,729][INFO ][o.e.p.PluginsService     ] [test-cluster-1] loaded module [lang-painless]
[2025-12-04T07:50:36,730][INFO ][o.e.p.PluginsService     ] [test-cluster-0] loaded module [reindex]
[2025-12-04T07:50:36,730][INFO ][o.e.p.PluginsService     ] [test-cluster-0] loaded module [test-apm-integration]
[2025-12-04T07:50:36,730][INFO ][o.e.p.PluginsService     ] [test-cluster-0] loaded module [x-pack-security]
[2025-12-04T07:50:36,730][INFO ][o.e.p.PluginsService     ] [test-cluster-0] loaded module [blob-cache]
[2025-12-04T07:50:36,731][INFO ][o.e.p.PluginsService     ] [test-cluster-0] loaded module [searchable-snapshots]
[2025-12-04T07:50:36,731][INFO ][o.e.p.PluginsService     ] [test-cluster-0] loaded module [x-pack-slm]
[2025-12-04T07:50:36,731][INFO ][o.e.p.PluginsService     ] [test-cluster-0] loaded module [x-pack-geoip-enterprise-downloader]
[2025-12-04T07:50:36,731][INFO ][o.e.p.PluginsService     ] [test-cluster-0] loaded module [snapshot-based-recoveries]
[2025-12-04T07:50:36,731][INFO ][o.e.p.PluginsService     ] [test-cluster-0] loaded module [test-latency-simulating-directory]
[2025-12-04T07:50:36,732][INFO ][o.e.p.PluginsService     ] [test-cluster-0] loaded module [x-pack-watcher]
[2025-12-04T07:50:36,733][INFO ][o.e.p.PluginsService     ] [test-cluster-1] loaded module [x-pack-ml]
[2025-12-04T07:50:36,733][INFO ][o.e.p.PluginsService     ] [test-cluster-1] loaded module [test-die-with-dignity]
[2025-12-04T07:50:36,733][INFO ][o.e.p.PluginsService     ] [test-cluster-1] loaded module [legacy-geo]
[2025-12-04T07:50:36,734][INFO ][o.e.p.PluginsService     ] [test-cluster-1] loaded module [lang-mustache]
[2025-12-04T07:50:36,734][INFO ][o.e.p.PluginsService     ] [test-cluster-1] loaded module [logsdb]
[2025-12-04T07:50:36,734][INFO ][o.e.p.PluginsService     ] [test-cluster-1] loaded module [x-pack-ql]
[2025-12-04T07:50:36,735][INFO ][o.e.p.PluginsService     ] [test-cluster-1] loaded module [rank-rrf]
[2025-12-04T07:50:36,735][INFO ][o.e.p.PluginsService     ] [test-cluster-1] loaded module [analysis-common]
[2025-12-04T07:50:36,735][INFO ][o.e.p.PluginsService     ] [test-cluster-1] loaded module [health-shards-availability]
[2025-12-04T07:50:36,735][INFO ][o.e.p.PluginsService     ] [test-cluster-1] loaded module [transport-netty4]
[2025-12-04T07:50:36,736][INFO ][o.e.p.PluginsService     ] [test-cluster-1] loaded module [aggregations]
[2025-12-04T07:50:36,736][INFO ][o.e.p.PluginsService     ] [test-cluster-1] loaded module [ingest-common]
[2025-12-04T07:50:36,736][INFO ][o.e.p.PluginsService     ] [test-cluster-1] loaded module [frozen-indices]
[2025-12-04T07:50:36,736][INFO ][o.e.p.PluginsService     ] [test-cluster-1] loaded module [x-pack-identity-provider]
[2025-12-04T07:50:36,737][INFO ][o.e.p.PluginsService     ] [test-cluster-1] loaded module [x-pack-text-structure]
[2025-12-04T07:50:36,737][INFO ][o.e.p.PluginsService     ] [test-cluster-1] loaded module [x-pack-shutdown]
[2025-12-04T07:50:36,735][INFO ][o.e.p.PluginsService     ] [test-cluster-0] loaded module [old-lucene-versions]
[2025-12-04T07:50:36,738][INFO ][o.e.p.PluginsService     ] [test-cluster-1] loaded module [snapshot-repo-test-kit]
[2025-12-04T07:50:36,738][INFO ][o.e.p.PluginsService     ] [test-cluster-1] loaded module [test-delayed-aggs]
[2025-12-04T07:50:36,738][INFO ][o.e.p.PluginsService     ] [test-cluster-1] loaded module [ml-package-loader]
[2025-12-04T07:50:36,738][INFO ][o.e.p.PluginsService     ] [test-cluster-1] loaded module [kibana]
[2025-12-04T07:50:36,738][INFO ][o.e.p.PluginsService     ] [test-cluster-1] loaded module [test-esql-heap-attack]
[2025-12-04T07:50:36,739][INFO ][o.e.p.PluginsService     ] [test-cluster-1] loaded module [constant-keyword]
[2025-12-04T07:50:36,739][INFO ][o.e.p.PluginsService     ] [test-cluster-1] loaded module [x-pack-logstash]
[2025-12-04T07:50:36,739][INFO ][o.e.p.PluginsService     ] [test-cluster-1] loaded module [x-pack-graph]
[2025-12-04T07:50:36,740][INFO ][o.e.p.PluginsService     ] [test-cluster-1] loaded module [x-pack-ccr]
[2025-12-04T07:50:36,740][INFO ][o.e.p.PluginsService     ] [test-cluster-1] loaded module [rank-vectors]
[2025-12-04T07:50:36,740][INFO ][o.e.p.PluginsService     ] [test-cluster-1] loaded module [x-pack-esql]
[2025-12-04T07:50:36,740][INFO ][o.e.p.PluginsService     ] [test-cluster-1] loaded module [parent-join]
[2025-12-04T07:50:36,741][INFO ][o.e.p.PluginsService     ] [test-cluster-1] loaded module [counted-keyword]
[2025-12-04T07:50:36,741][INFO ][o.e.p.PluginsService     ] [test-cluster-1] loaded module [x-pack-enrich]
[2025-12-04T07:50:36,740][INFO ][o.e.p.PluginsService     ] [test-cluster-0] loaded module [x-pack-ilm]
[2025-12-04T07:50:36,741][INFO ][o.e.p.PluginsService     ] [test-cluster-1] loaded module [repositories-metering-api]
[2025-12-04T07:50:36,741][INFO ][o.e.p.PluginsService     ] [test-cluster-1] loaded module [transform]
[2025-12-04T07:50:36,741][INFO ][o.e.p.PluginsService     ] [test-cluster-1] loaded module [repository-azure]
[2025-12-04T07:50:36,741][INFO ][o.e.p.PluginsService     ] [test-cluster-1] loaded module [dot-prefix-validation]
[2025-12-04T07:50:36,742][INFO ][o.e.p.PluginsService     ] [test-cluster-1] loaded module [repository-gcs]
[2025-12-04T07:50:36,742][INFO ][o.e.p.PluginsService     ] [test-cluster-0] loaded module [x-pack-voting-only-node]
[2025-12-04T07:50:36,742][INFO ][o.e.p.PluginsService     ] [test-cluster-1] loaded module [x-pack-otel-data]
[2025-12-04T07:50:36,743][INFO ][o.e.p.PluginsService     ] [test-cluster-0] loaded module [x-pack-inference]
[2025-12-04T07:50:36,743][INFO ][o.e.p.PluginsService     ] [test-cluster-0] loaded module [x-pack-deprecation]
[2025-12-04T07:50:36,743][INFO ][o.e.p.PluginsService     ] [test-cluster-0] loaded module [x-pack-fleet]
[2025-12-04T07:50:36,743][INFO ][o.e.p.PluginsService     ] [test-cluster-0] loaded module [x-pack-profiling]
[2025-12-04T07:50:36,743][INFO ][o.e.p.PluginsService     ] [test-cluster-0] loaded module [x-pack-aggregate-metric]
[2025-12-04T07:50:36,743][INFO ][o.e.p.PluginsService     ] [test-cluster-0] loaded module [x-pack-downsample]
[2025-12-04T07:50:36,744][INFO ][o.e.p.PluginsService     ] [test-cluster-0] loaded module [ingest-geoip]
[2025-12-04T07:50:36,744][INFO ][o.e.p.PluginsService     ] [test-cluster-0] loaded module [x-pack-write-load-forecaster]
[2025-12-04T07:50:36,744][INFO ][o.e.p.PluginsService     ] [test-cluster-0] loaded module [search-business-rules]
[2025-12-04T07:50:36,744][INFO ][o.e.p.PluginsService     ] [test-cluster-0] loaded module [ingest-attachment]
[2025-12-04T07:50:36,743][INFO ][o.e.p.PluginsService     ] [test-cluster-1] loaded module [spatial]
[2025-12-04T07:50:36,744][INFO ][o.e.p.PluginsService     ] [test-cluster-1] loaded module [mapper-version]
[2025-12-04T07:50:36,744][INFO ][o.e.p.PluginsService     ] [test-cluster-0] loaded module [wildcard]
[2025-12-04T07:50:36,744][INFO ][o.e.p.PluginsService     ] [test-cluster-0] loaded module [x-pack-apm-data]
[2025-12-04T07:50:36,745][INFO ][o.e.p.PluginsService     ] [test-cluster-1] loaded module [apm]
[2025-12-04T07:50:36,745][INFO ][o.e.p.PluginsService     ] [test-cluster-1] loaded module [mapper-extras]
[2025-12-04T07:50:36,745][INFO ][o.e.p.PluginsService     ] [test-cluster-1] loaded module [test-jvm-crash]
[2025-12-04T07:50:36,745][INFO ][o.e.p.PluginsService     ] [test-cluster-1] loaded module [x-pack-rollup]
[2025-12-04T07:50:36,745][INFO ][o.e.p.PluginsService     ] [test-cluster-1] loaded module [percolator]
[2025-12-04T07:50:36,745][INFO ][o.e.p.PluginsService     ] [test-cluster-1] loaded module [x-pack-migrate]
[2025-12-04T07:50:36,746][INFO ][o.e.p.PluginsService     ] [test-cluster-1] loaded module [data-streams]
[2025-12-04T07:50:36,745][INFO ][o.e.p.PluginsService     ] [test-cluster-0] loaded module [x-pack-sql]
[2025-12-04T07:50:36,745][INFO ][o.e.p.PluginsService     ] [test-cluster-0] loaded module [unsigned-long]
[2025-12-04T07:50:36,745][INFO ][o.e.p.PluginsService     ] [test-cluster-0] loaded module [runtime-fields-common]
[2025-12-04T07:50:36,746][INFO ][o.e.p.PluginsService     ] [test-cluster-0] loaded module [x-pack-async]
[2025-12-04T07:50:36,747][INFO ][o.e.p.PluginsService     ] [test-cluster-0] loaded module [vector-tile]
[2025-12-04T07:50:36,746][INFO ][o.e.p.PluginsService     ] [test-cluster-1] loaded module [x-pack-stack]
[2025-12-04T07:50:36,746][INFO ][o.e.p.PluginsService     ] [test-cluster-1] loaded module [rank-eval]
[2025-12-04T07:50:36,747][INFO ][o.e.p.PluginsService     ] [test-cluster-1] loaded module [reindex]
[2025-12-04T07:50:36,747][INFO ][o.e.p.PluginsService     ] [test-cluster-1] loaded module [test-apm-integration]
[2025-12-04T07:50:36,747][INFO ][o.e.p.PluginsService     ] [test-cluster-1] loaded module [x-pack-security]
[2025-12-04T07:50:36,747][INFO ][o.e.p.PluginsService     ] [test-cluster-1] loaded module [blob-cache]
[2025-12-04T07:50:36,747][INFO ][o.e.p.PluginsService     ] [test-cluster-1] loaded module [searchable-snapshots]
[2025-12-04T07:50:36,748][INFO ][o.e.p.PluginsService     ] [test-cluster-1] loaded module [x-pack-slm]
[2025-12-04T07:50:36,748][INFO ][o.e.p.PluginsService     ] [test-cluster-1] loaded module [x-pack-geoip-enterprise-downloader]
[2025-12-04T07:50:36,748][INFO ][o.e.p.PluginsService     ] [test-cluster-1] loaded module [snapshot-based-recoveries]
[2025-12-04T07:50:36,748][INFO ][o.e.p.PluginsService     ] [test-cluster-1] loaded module [test-latency-simulating-directory]
[2025-12-04T07:50:36,748][INFO ][o.e.p.PluginsService     ] [test-cluster-1] loaded module [x-pack-watcher]
[2025-12-04T07:50:36,749][INFO ][o.e.p.PluginsService     ] [test-cluster-1] loaded module [old-lucene-versions]
[2025-12-04T07:50:36,749][INFO ][o.e.p.PluginsService     ] [test-cluster-1] loaded module [x-pack-ilm]
[2025-12-04T07:50:36,749][INFO ][o.e.p.PluginsService     ] [test-cluster-1] loaded module [x-pack-voting-only-node]
[2025-12-04T07:50:36,749][INFO ][o.e.p.PluginsService     ] [test-cluster-1] loaded module [x-pack-inference]
[2025-12-04T07:50:36,749][INFO ][o.e.p.PluginsService     ] [test-cluster-1] loaded module [x-pack-deprecation]
[2025-12-04T07:50:36,749][INFO ][o.e.p.PluginsService     ] [test-cluster-1] loaded module [x-pack-fleet]
[2025-12-04T07:50:36,750][INFO ][o.e.p.PluginsService     ] [test-cluster-1] loaded module [x-pack-profiling]
[2025-12-04T07:50:36,750][INFO ][o.e.p.PluginsService     ] [test-cluster-1] loaded module [x-pack-aggregate-metric]
[2025-12-04T07:50:36,750][INFO ][o.e.p.PluginsService     ] [test-cluster-1] loaded module [x-pack-downsample]
[2025-12-04T07:50:36,750][INFO ][o.e.p.PluginsService     ] [test-cluster-1] loaded module [ingest-geoip]
[2025-12-04T07:50:36,750][INFO ][o.e.p.PluginsService     ] [test-cluster-1] loaded module [x-pack-write-load-forecaster]
[2025-12-04T07:50:36,750][INFO ][o.e.p.PluginsService     ] [test-cluster-1] loaded module [search-business-rules]
[2025-12-04T07:50:36,751][INFO ][o.e.p.PluginsService     ] [test-cluster-1] loaded module [ingest-attachment]
[2025-12-04T07:50:36,751][INFO ][o.e.p.PluginsService     ] [test-cluster-1] loaded module [wildcard]
[2025-12-04T07:50:36,751][INFO ][o.e.p.PluginsService     ] [test-cluster-1] loaded module [x-pack-apm-data]
[2025-12-04T07:50:36,751][INFO ][o.e.p.PluginsService     ] [test-cluster-1] loaded module [x-pack-sql]
[2025-12-04T07:50:36,751][INFO ][o.e.p.PluginsService     ] [test-cluster-1] loaded module [unsigned-long]
[2025-12-04T07:50:36,751][INFO ][o.e.p.PluginsService     ] [test-cluster-1] loaded module [runtime-fields-common]
[2025-12-04T07:50:36,752][INFO ][o.e.p.PluginsService     ] [test-cluster-1] loaded module [x-pack-async]
[2025-12-04T07:50:36,752][INFO ][o.e.p.PluginsService     ] [test-cluster-1] loaded module [vector-tile]
[2025-12-04T07:50:36,749][INFO ][o.e.p.PluginsService     ] [test-cluster-0] loaded module [x-pack-kql]
[2025-12-04T07:50:36,752][INFO ][o.e.p.PluginsService     ] [test-cluster-1] loaded module [x-pack-kql]
[2025-12-04T07:50:36,753][INFO ][o.e.p.PluginsService     ] [test-cluster-1] loaded module [lang-expression]
[2025-12-04T07:50:36,753][INFO ][o.e.p.PluginsService     ] [test-cluster-1] loaded module [x-pack-eql]
[2025-12-04T07:50:36,749][INFO ][o.e.p.PluginsService     ] [test-cluster-0] loaded module [lang-expression]
[2025-12-04T07:50:36,749][INFO ][o.e.p.PluginsService     ] [test-cluster-0] loaded module [x-pack-eql]
[2025-12-04T07:50:37,013][INFO ][o.e.c.u.FeatureFlag      ] [test-cluster-0] The current build is a snapshot, feature flag [failure_store] is enabled
[2025-12-04T07:50:37,018][INFO ][o.e.c.u.FeatureFlag      ] [test-cluster-1] The current build is a snapshot, feature flag [failure_store] is enabled
[2025-12-04T07:50:38,848][INFO ][o.e.e.NodeEnvironment    ] [test-cluster-0] using [1] data paths, mounts [[/ (overlay)]], net usable_space [887.2gb], net total_space [968.9gb], types [overlay]
[2025-12-04T07:50:38,848][INFO ][o.e.e.NodeEnvironment    ] [test-cluster-1] using [1] data paths, mounts [[/ (overlay)]], net usable_space [887.2gb], net total_space [968.9gb], types [overlay]
[2025-12-04T07:50:38,849][INFO ][o.e.e.NodeEnvironment    ] [test-cluster-0] heap size [512mb], compressed ordinary object pointers [true]
[2025-12-04T07:50:38,849][INFO ][o.e.e.NodeEnvironment    ] [test-cluster-1] heap size [512mb], compressed ordinary object pointers [true]
[2025-12-04T07:50:38,882][INFO ][o.e.n.Node               ] [test-cluster-0] node name [test-cluster-0], node ID [z70q47cgQUqQy0FQCUDK6Q], cluster name [test-cluster], roles [data, remote_cluster_client, master, data_warm, data_content, transform, data_hot, ml, data_frozen, ingest, data_cold]
[2025-12-04T07:50:38,885][INFO ][o.e.n.Node               ] [test-cluster-1] node name [test-cluster-1], node ID [p0zDPGvuRO6z9nuk0Fo6lw], cluster name [test-cluster], roles [data_frozen, ml, data_hot, transform, data_content, data_warm, master, remote_cluster_client, data, data_cold, ingest]
[2025-12-04T07:50:42,213][INFO ][o.e.c.u.FeatureFlag      ] [test-cluster-0] The current build is a snapshot, feature flag [connector_secrets] is enabled
[2025-12-04T07:50:42,471][INFO ][o.e.c.u.FeatureFlag      ] [test-cluster-1] The current build is a snapshot, feature flag [connector_secrets] is enabled
[2025-12-04T07:50:43,695][INFO ][o.e.i.r.RecoverySettings ] [test-cluster-0] using rate limit [40mb] with [default=40mb, read=0b, write=0b, max=0b]
[2025-12-04T07:50:43,931][WARN ][o.e.f.FeatureData        ] [test-cluster-0] WARNING: Test features are enabled. This should ONLY be used in automated tests.
[2025-12-04T07:50:43,951][INFO ][o.e.c.u.FeatureFlag      ] [test-cluster-0] The current build is a snapshot, feature flag [sub_objects_auto] is enabled
[2025-12-04T07:50:44,023][INFO ][o.e.f.FeatureService     ] [test-cluster-0] Registered local node features [cluster.stats.source_modes, data_stream.auto_sharding, data_stream.downsample.default_aggregate_metric_fix, data_stream.failure_store.tsdb_fix, data_stream.lifecycle.global_retention, data_stream.rollover.lazy, desired_node.version_deprecated, esql.agg_values, esql.async_query, esql.base64_decode_encode, esql.casting_operator, esql.counter_types, esql.disable_nullable_opts, esql.from_options, esql.metadata_fields, esql.metrics_counter_fields, esql.metrics_syntax, esql.mv_ordering_sorted_ascending, esql.mv_sort, esql.resolve_fields_api, esql.spatial_points_from_source, esql.spatial_shapes, esql.st_centroid_agg, esql.st_contains_within, esql.st_disjoint, esql.st_intersects, esql.st_x_y, esql.string_literal_auto_casting, esql.string_literal_auto_casting_extended, esql.timespan_abbreviations, features_supported, file_settings, flattened.ignore_above_support, geoip.downloader.database.configuration, get_database_configuration_action.multi_node, health.dsl.info, health.extended_repository_indicator, index.logsdb_no_host_name_field, inner_retrievers_filter_support, knn_retriever_supported, license-trial-independent-version, linear_retriever_supported, logsdb_telemetry, logsdb_telemetry_stats, mapper.boolean_dimension, mapper.constant_keyword.synthetic_source_write_fix, mapper.copy_to.dynamic_handling, mapper.counted_keyword.synthetic_source_native_support, mapper.fix_parsing_subobjects_false_dynamic_false, mapper.flattened.ignore_above_with_arrays_support, mapper.ignore_above_index_level_setting, mapper.ignored_source.always_store_object_arrays_in_nested, mapper.ignored_source.dont_expand_dots, mapper.index_sorting_on_nested, mapper.keyword_dimension_ignore_above, mapper.keyword_normalizer_synthetic_source, mapper.logsdb_default_ignore_dynamic_beyond_limit, mapper.nested.sorting_fields_check_fix, mapper.pass_through_priority, mapper.query_index_mode, mapper.range.date_range_indexing_fix, mapper.range.null_values_off_by_one_fix, mapper.segment_level_fields_stats, mapper.source.mode_from_index_setting, mapper.source.remove_synthetic_source_only_validation, mapper.source.synthetic_source_copy_to_fix, mapper.source.synthetic_source_copy_to_inside_objects_fix, mapper.source.synthetic_source_fallback, mapper.source.synthetic_source_stored_fields_advance_fix, mapper.source.synthetic_source_with_copy_to_and_doc_values_false, mapper.sparse_vector.store_support, mapper.subobjects_auto, mapper.subobjects_auto_fixes, mapper.subobjects_false_mapping_update_fix, mapper.synthetic_recovery_source, mapper.synthetic_source_keep, mapper.track_ignored_source, mapper.tsdb_nested_field_support, mapper.unknown_field_mapping_update_error_message, mapper.vectors.bbq, mapper.vectors.bit_vectors, mapper.vectors.int4_quantization, meta_fetch_fields_error_code_changed, put_database_configuration_action.ipinfo, query_rule_list_types, query_rule_retriever_supported, query_rules.numeric_validation, query_rules.test, random_reranker_retriever_supported, rank_vectors, repositories.supports_usage_stats, rest.capabilities_action, rest.local_only_capabilities, retrievers_supported, routing.boolean_routing_path, routing.logsb_route_on_sort_fields, routing.multi_value_routing_path, rrf_retriever_composition_supported, rrf_retriever_supported, script.hamming, script.term_stats, search.completion_field.duplicate.support, search.retriever.rescorer.enabled, search.semantic_knn_filter_fix, search.semantic_knn_vector_query_rewrite_interception_supported, search.semantic_match_query_rewrite_interception_supported, search.semantic_sparse_vector_query_rewrite_interception_supported, search.vectors.k_param_supported, security.migration_framework, security.queryable_built_in_roles, security.role_mapping_cleanup, security.roles_metadata_flattened, semantic_text.always_emit_inference_id_fix, semantic_text.bit_vector_support, semantic_text.default_elser_2, semantic_text.delete_fix, semantic_text.handle_empty_input, semantic_text.highlighter, semantic_text.highlighter.default, semantic_text.in_object_field_fix, semantic_text.inference_metadata_fields.enabled_by_default, semantic_text.inference_metadata_fields.explicit_null_fixes, semantic_text.search_inference_id, semantic_text.single_field_update_fix, semantic_text.skip_inference_fields, semantic_text.zero_size_fix, simulate.component.template.substitutions, simulate.ignored.fields, simulate.index.template.substitutions, simulate.mapping.addition, simulate.mapping.validation, simulate.mapping.validation.templates, simulate.support.non.template.mapping, slm.interval_schedule, snapshot.repository_verify_integrity, standard_retriever_supported, stats.include_disk_thresholds, test_features_enabled, test_reranking_service.parse_text_as_score, text_similarity_reranker_alias_handling_fix, text_similarity_reranker_retriever_composition_supported, text_similarity_reranker_retriever_supported, tsdb.ts_routing_hash_doc_value_parse_byte_ref, unified_highlighter_matched_fields, usage.data_tiers.precalculate_stats]
[2025-12-04T07:50:44,088][INFO ][o.e.c.m.DataStreamGlobalRetentionSettings] [test-cluster-0] Updated default factory retention to [null]
[2025-12-04T07:50:44,089][INFO ][o.e.c.m.DataStreamGlobalRetentionSettings] [test-cluster-0] Updated max factory retention to [null]
[2025-12-04T07:50:44,090][INFO ][o.e.c.m.DataStreamFailureStoreSettings] [test-cluster-0] Updated data stream name patterns for enabling failure store to [[]]
[2025-12-04T07:50:44,426][INFO ][o.e.i.r.RecoverySettings ] [test-cluster-1] using rate limit [40mb] with [default=40mb, read=0b, write=0b, max=0b]
[2025-12-04T07:50:44,463][INFO ][o.e.x.m.p.l.CppLogMessageHandler] [test-cluster-0] [controller/1595] [Main.cc@123] controller (64 bit): Version 8.19.0-SNAPSHOT (Build b81eec921bbb2f) Copyright (c) 2025 Elasticsearch BV
[2025-12-04T07:50:44,676][WARN ][o.e.f.FeatureData        ] [test-cluster-1] WARNING: Test features are enabled. This should ONLY be used in automated tests.
[2025-12-04T07:50:44,692][INFO ][o.e.c.u.FeatureFlag      ] [test-cluster-1] The current build is a snapshot, feature flag [sub_objects_auto] is enabled
[2025-12-04T07:50:44,793][INFO ][o.e.f.FeatureService     ] [test-cluster-1] Registered local node features [cluster.stats.source_modes, data_stream.auto_sharding, data_stream.downsample.default_aggregate_metric_fix, data_stream.failure_store.tsdb_fix, data_stream.lifecycle.global_retention, data_stream.rollover.lazy, desired_node.version_deprecated, esql.agg_values, esql.async_query, esql.base64_decode_encode, esql.casting_operator, esql.counter_types, esql.disable_nullable_opts, esql.from_options, esql.metadata_fields, esql.metrics_counter_fields, esql.metrics_syntax, esql.mv_ordering_sorted_ascending, esql.mv_sort, esql.resolve_fields_api, esql.spatial_points_from_source, esql.spatial_shapes, esql.st_centroid_agg, esql.st_contains_within, esql.st_disjoint, esql.st_intersects, esql.st_x_y, esql.string_literal_auto_casting, esql.string_literal_auto_casting_extended, esql.timespan_abbreviations, features_supported, file_settings, flattened.ignore_above_support, geoip.downloader.database.configuration, get_database_configuration_action.multi_node, health.dsl.info, health.extended_repository_indicator, index.logsdb_no_host_name_field, inner_retrievers_filter_support, knn_retriever_supported, license-trial-independent-version, linear_retriever_supported, logsdb_telemetry, logsdb_telemetry_stats, mapper.boolean_dimension, mapper.constant_keyword.synthetic_source_write_fix, mapper.copy_to.dynamic_handling, mapper.counted_keyword.synthetic_source_native_support, mapper.fix_parsing_subobjects_false_dynamic_false, mapper.flattened.ignore_above_with_arrays_support, mapper.ignore_above_index_level_setting, mapper.ignored_source.always_store_object_arrays_in_nested, mapper.ignored_source.dont_expand_dots, mapper.index_sorting_on_nested, mapper.keyword_dimension_ignore_above, mapper.keyword_normalizer_synthetic_source, mapper.logsdb_default_ignore_dynamic_beyond_limit, mapper.nested.sorting_fields_check_fix, mapper.pass_through_priority, mapper.query_index_mode, mapper.range.date_range_indexing_fix, mapper.range.null_values_off_by_one_fix, mapper.segment_level_fields_stats, mapper.source.mode_from_index_setting, mapper.source.remove_synthetic_source_only_validation, mapper.source.synthetic_source_copy_to_fix, mapper.source.synthetic_source_copy_to_inside_objects_fix, mapper.source.synthetic_source_fallback, mapper.source.synthetic_source_stored_fields_advance_fix, mapper.source.synthetic_source_with_copy_to_and_doc_values_false, mapper.sparse_vector.store_support, mapper.subobjects_auto, mapper.subobjects_auto_fixes, mapper.subobjects_false_mapping_update_fix, mapper.synthetic_recovery_source, mapper.synthetic_source_keep, mapper.track_ignored_source, mapper.tsdb_nested_field_support, mapper.unknown_field_mapping_update_error_message, mapper.vectors.bbq, mapper.vectors.bit_vectors, mapper.vectors.int4_quantization, meta_fetch_fields_error_code_changed, put_database_configuration_action.ipinfo, query_rule_list_types, query_rule_retriever_supported, query_rules.numeric_validation, query_rules.test, random_reranker_retriever_supported, rank_vectors, repositories.supports_usage_stats, rest.capabilities_action, rest.local_only_capabilities, retrievers_supported, routing.boolean_routing_path, routing.logsb_route_on_sort_fields, routing.multi_value_routing_path, rrf_retriever_composition_supported, rrf_retriever_supported, script.hamming, script.term_stats, search.completion_field.duplicate.support, search.retriever.rescorer.enabled, search.semantic_knn_filter_fix, search.semantic_knn_vector_query_rewrite_interception_supported, search.semantic_match_query_rewrite_interception_supported, search.semantic_sparse_vector_query_rewrite_interception_supported, search.vectors.k_param_supported, security.migration_framework, security.queryable_built_in_roles, security.role_mapping_cleanup, security.roles_metadata_flattened, semantic_text.always_emit_inference_id_fix, semantic_text.bit_vector_support, semantic_text.default_elser_2, semantic_text.delete_fix, semantic_text.handle_empty_input, semantic_text.highlighter, semantic_text.highlighter.default, semantic_text.in_object_field_fix, semantic_text.inference_metadata_fields.enabled_by_default, semantic_text.inference_metadata_fields.explicit_null_fixes, semantic_text.search_inference_id, semantic_text.single_field_update_fix, semantic_text.skip_inference_fields, semantic_text.zero_size_fix, simulate.component.template.substitutions, simulate.ignored.fields, simulate.index.template.substitutions, simulate.mapping.addition, simulate.mapping.validation, simulate.mapping.validation.templates, simulate.support.non.template.mapping, slm.interval_schedule, snapshot.repository_verify_integrity, standard_retriever_supported, stats.include_disk_thresholds, test_features_enabled, test_reranking_service.parse_text_as_score, text_similarity_reranker_alias_handling_fix, text_similarity_reranker_retriever_composition_supported, text_similarity_reranker_retriever_supported, tsdb.ts_routing_hash_doc_value_parse_byte_ref, unified_highlighter_matched_fields, usage.data_tiers.precalculate_stats]
[2025-12-04T07:50:44,833][INFO ][o.e.c.m.DataStreamGlobalRetentionSettings] [test-cluster-1] Updated default factory retention to [null]
[2025-12-04T07:50:44,833][INFO ][o.e.c.m.DataStreamGlobalRetentionSettings] [test-cluster-1] Updated max factory retention to [null]
[2025-12-04T07:50:44,834][INFO ][o.e.c.m.DataStreamFailureStoreSettings] [test-cluster-1] Updated data stream name patterns for enabling failure store to [[]]
[2025-12-04T07:50:44,936][INFO ][o.e.x.o.OTelPlugin       ] [test-cluster-0] OTel ingest plugin is enabled
[2025-12-04T07:50:44,974][INFO ][o.e.x.c.t.YamlTemplateRegistry] [test-cluster-0] OpenTelemetry index template registry is enabled
[2025-12-04T07:50:44,983][INFO ][o.e.t.a.APM              ] [test-cluster-0] Sending apm metrics is disabled
[2025-12-04T07:50:44,983][INFO ][o.e.t.a.APM              ] [test-cluster-0] Sending apm tracing is disabled
[2025-12-04T07:50:45,023][INFO ][o.e.x.s.Security         ] [test-cluster-0] Security is disabled
[2025-12-04T07:50:45,154][INFO ][o.e.x.m.p.l.CppLogMessageHandler] [test-cluster-1] [controller/1602] [Main.cc@123] controller (64 bit): Version 8.19.0-SNAPSHOT (Build b81eec921bbb2f) Copyright (c) 2025 Elasticsearch BV
[2025-12-04T07:50:45,343][INFO ][o.e.x.w.Watcher          ] [test-cluster-0] Watcher initialized components at 2025-12-04T07:50:45.343Z
[2025-12-04T07:50:45,451][INFO ][o.e.c.u.FeatureFlag      ] [test-cluster-0] The current build is a snapshot, feature flag [inference_cluster_aware_rate_limiting] is enabled
[2025-12-04T07:50:45,463][INFO ][o.e.x.p.ProfilingPlugin  ] [test-cluster-0] Profiling is enabled
[2025-12-04T07:50:45,500][INFO ][o.e.x.p.ProfilingPlugin  ] [test-cluster-0] profiling index templates will not be installed or reinstalled
[2025-12-04T07:50:45,523][INFO ][o.e.x.a.APMPlugin        ] [test-cluster-0] APM ingest plugin is enabled
[2025-12-04T07:50:45,591][INFO ][o.e.x.c.t.YamlTemplateRegistry] [test-cluster-0] apm index template registry is enabled
[2025-12-04T07:50:45,624][INFO ][o.e.x.o.OTelPlugin       ] [test-cluster-1] OTel ingest plugin is enabled
[2025-12-04T07:50:45,703][INFO ][o.e.x.c.t.YamlTemplateRegistry] [test-cluster-1] OpenTelemetry index template registry is enabled
[2025-12-04T07:50:45,720][INFO ][o.e.t.a.APM              ] [test-cluster-1] Sending apm metrics is disabled
[2025-12-04T07:50:45,721][INFO ][o.e.t.a.APM              ] [test-cluster-1] Sending apm tracing is disabled
[2025-12-04T07:50:45,785][INFO ][o.e.x.s.Security         ] [test-cluster-1] Security is disabled
[2025-12-04T07:50:45,915][INFO ][o.e.c.u.FeatureFlag      ] [test-cluster-0] The current build is a snapshot, feature flag [connector_api] is enabled
[2025-12-04T07:50:46,080][INFO ][o.e.x.w.Watcher          ] [test-cluster-1] Watcher initialized components at 2025-12-04T07:50:46.079Z
[2025-12-04T07:50:46,140][INFO ][o.e.t.n.NettyAllocator   ] [test-cluster-0] creating NettyAllocator with the following configs: [name=unpooled, suggested_max_allocation_size=1mb, factors={es.unsafe.use_unpooled_allocator=null, g1gc_enabled=true, g1gc_region_size=4mb, heap_size=512mb}]
[2025-12-04T07:50:46,163][INFO ][o.e.c.u.FeatureFlag      ] [test-cluster-1] The current build is a snapshot, feature flag [inference_cluster_aware_rate_limiting] is enabled
[2025-12-04T07:50:46,172][INFO ][o.e.x.p.ProfilingPlugin  ] [test-cluster-1] Profiling is enabled
[2025-12-04T07:50:46,199][INFO ][o.e.x.p.ProfilingPlugin  ] [test-cluster-1] profiling index templates will not be installed or reinstalled
[2025-12-04T07:50:46,197][INFO ][o.e.d.DiscoveryModule    ] [test-cluster-0] using discovery type [multi-node] and seed hosts providers [settings, file]
[2025-12-04T07:50:46,217][INFO ][o.e.x.a.APMPlugin        ] [test-cluster-1] APM ingest plugin is enabled
[2025-12-04T07:50:46,321][INFO ][o.e.x.c.t.YamlTemplateRegistry] [test-cluster-1] apm index template registry is enabled
[2025-12-04T07:50:46,674][INFO ][o.e.c.u.FeatureFlag      ] [test-cluster-1] The current build is a snapshot, feature flag [connector_api] is enabled
[2025-12-04T07:50:46,952][INFO ][o.e.t.n.NettyAllocator   ] [test-cluster-1] creating NettyAllocator with the following configs: [name=unpooled, suggested_max_allocation_size=1mb, factors={es.unsafe.use_unpooled_allocator=null, g1gc_enabled=true, g1gc_region_size=4mb, heap_size=512mb}]
[2025-12-04T07:50:47,018][INFO ][o.e.d.DiscoveryModule    ] [test-cluster-1] using discovery type [multi-node] and seed hosts providers [settings, file]
[2025-12-04T07:50:48,000][INFO ][o.e.n.Node               ] [test-cluster-0] initialized
[2025-12-04T07:50:48,001][INFO ][o.e.n.Node               ] [test-cluster-0] starting ...
[2025-12-04T07:50:48,051][INFO ][o.e.x.s.c.f.PersistentCache] [test-cluster-0] persistent cache index loaded
[2025-12-04T07:50:48,052][INFO ][o.e.x.d.l.DeprecationIndexingComponent] [test-cluster-0] deprecation component started
[2025-12-04T07:50:48,159][INFO ][o.e.t.TransportService   ] [test-cluster-0] publish_address {127.0.0.1:37105}, bound_addresses {[::1]:37469}, {127.0.0.1:37105}
[2025-12-04T07:50:48,341][WARN ][o.e.b.BootstrapChecks    ] [test-cluster-0] max virtual memory areas vm.max_map_count [65530] is too low, increase to at least [262144]; for more information see [https://www.elastic.co/guide/en/elasticsearch/reference/master/bootstrap-checks-max-map-count.html]
[2025-12-04T07:50:48,343][INFO ][o.e.c.c.ClusterBootstrapService] [test-cluster-0] this node has not joined a bootstrapped cluster yet; [cluster.initial_master_nodes] is set to [test-cluster-0, test-cluster-1]
[2025-12-04T07:50:48,352][WARN ][o.e.d.FileBasedSeedHostsProvider] [test-cluster-0] expected, but did not find, a dynamic hosts list at [/repo/qa/full-cluster-restart/build/testrun/v8.19.0_bwcTest/temp/test-cluster3724648714045455545/test-cluster-0/config/unicast_hosts.txt]
[2025-12-04T07:50:48,363][INFO ][o.e.h.AbstractHttpServerTransport] [test-cluster-0] publish_address {127.0.0.1:36893}, bound_addresses {[::1]:42707}, {127.0.0.1:36893}
[2025-12-04T07:50:48,387][INFO ][o.e.n.Node               ] [test-cluster-0] started {test-cluster-0}{z70q47cgQUqQy0FQCUDK6Q}{SKCqOqOMQm2ZydNgz_mkNQ}{test-cluster-0}{127.0.0.1}{127.0.0.1:37105}{cdfhilmrstw}{8.19.0}{7000099-8527000}{testattr=test, transform.config_version=10.0.0, xpack.installed=true, ml.allocated_processors=16, ml.max_jvm_size=536870912, ml.config_version=12.0.0, ml.machine_memory=135065120768, ml.allocated_processors_double=16.0}
[2025-12-04T07:50:48,425][WARN ][o.e.x.i.s.e.a.ElasticInferenceServiceAuthorizationHandler] [test-cluster-0] Failed to revoke access to default inference endpoint IDs: [rainbow-sprinkles, elser-v2], error: org.elasticsearch.cluster.block.ClusterBlockException: blocked by: [SERVICE_UNAVAILABLE/1/state not recovered / initialized];
[2025-12-04T07:50:48,866][INFO ][o.e.n.Node               ] [test-cluster-1] initialized
[2025-12-04T07:50:48,867][INFO ][o.e.n.Node               ] [test-cluster-1] starting ...
[2025-12-04T07:50:48,909][INFO ][o.e.x.s.c.f.PersistentCache] [test-cluster-1] persistent cache index loaded
[2025-12-04T07:50:48,910][INFO ][o.e.x.d.l.DeprecationIndexingComponent] [test-cluster-1] deprecation component started
[2025-12-04T07:50:49,006][INFO ][o.e.t.TransportService   ] [test-cluster-1] publish_address {127.0.0.1:46265}, bound_addresses {[::1]:35961}, {127.0.0.1:46265}
[2025-12-04T07:50:49,219][WARN ][o.e.b.BootstrapChecks    ] [test-cluster-1] max virtual memory areas vm.max_map_count [65530] is too low, increase to at least [262144]; for more information see [https://www.elastic.co/guide/en/elasticsearch/reference/master/bootstrap-checks-max-map-count.html]
[2025-12-04T07:50:49,221][INFO ][o.e.c.c.ClusterBootstrapService] [test-cluster-1] this node has not joined a bootstrapped cluster yet; [cluster.initial_master_nodes] is set to [test-cluster-0, test-cluster-1]
[2025-12-04T07:50:49,236][WARN ][o.e.d.FileBasedSeedHostsProvider] [test-cluster-1] expected, but did not find, a dynamic hosts list at [/repo/qa/full-cluster-restart/build/testrun/v8.19.0_bwcTest/temp/test-cluster3724648714045455545/test-cluster-1/config/unicast_hosts.txt]
[2025-12-04T07:50:49,249][INFO ][o.e.h.AbstractHttpServerTransport] [test-cluster-1] publish_address {127.0.0.1:43013}, bound_addresses {[::1]:44821}, {127.0.0.1:43013}
[2025-12-04T07:50:49,275][INFO ][o.e.n.Node               ] [test-cluster-1] started {test-cluster-1}{p0zDPGvuRO6z9nuk0Fo6lw}{LSJuTjBZRkOxQuEFZmiHmw}{test-cluster-1}{127.0.0.1}{127.0.0.1:46265}{cdfhilmrstw}{8.19.0}{7000099-8527000}{xpack.installed=true, transform.config_version=10.0.0, testattr=test, ml.allocated_processors_double=16.0, ml.machine_memory=135065120768, ml.config_version=12.0.0, ml.max_jvm_size=536870912, ml.allocated_processors=16}
[2025-12-04T07:50:49,305][WARN ][o.e.x.i.s.e.a.ElasticInferenceServiceAuthorizationHandler] [test-cluster-1] Failed to revoke access to default inference endpoint IDs: [rainbow-sprinkles, elser-v2], error: org.elasticsearch.cluster.block.ClusterBlockException: blocked by: [SERVICE_UNAVAILABLE/1/state not recovered / initialized];
[2025-12-04T07:50:49,333][INFO ][o.e.t.c.l.DefaultLocalClusterHandle] [[test-cluster-node-executor-0]] Writing unicast hosts file /repo/qa/full-cluster-restart/build/testrun/v8.19.0_bwcTest/temp/test-cluster3724648714045455545/test-cluster-1/config/unicast_hosts.txt for node test-cluster-1
[2025-12-04T07:50:49,333][INFO ][o.e.t.c.l.DefaultLocalClusterHandle] [[test-cluster-node-executor-1]] Writing unicast hosts file /repo/qa/full-cluster-restart/build/testrun/v8.19.0_bwcTest/temp/test-cluster3724648714045455545/test-cluster-0/config/unicast_hosts.txt for node test-cluster-0
[2025-12-04T07:50:49,478][INFO ][o.e.c.c.Coordinator      ] [test-cluster-0] setting initial configuration to VotingConfiguration{p0zDPGvuRO6z9nuk0Fo6lw,z70q47cgQUqQy0FQCUDK6Q}
[2025-12-04T07:50:49,559][INFO ][o.e.c.c.Coordinator      ] [test-cluster-1] setting initial configuration to VotingConfiguration{p0zDPGvuRO6z9nuk0Fo6lw,z70q47cgQUqQy0FQCUDK6Q}
[2025-12-04T07:50:49,790][INFO ][o.e.c.s.MasterService    ] [test-cluster-1] elected-as-master ([2] nodes joined in term 2)[_FINISH_ELECTION_, {test-cluster-1}{p0zDPGvuRO6z9nuk0Fo6lw}{LSJuTjBZRkOxQuEFZmiHmw}{test-cluster-1}{127.0.0.1}{127.0.0.1:46265}{cdfhilmrstw}{8.19.0}{7000099-8527000} completing election, {test-cluster-0}{z70q47cgQUqQy0FQCUDK6Q}{SKCqOqOMQm2ZydNgz_mkNQ}{test-cluster-0}{127.0.0.1}{127.0.0.1:37105}{cdfhilmrstw}{8.19.0}{7000099-8527000} completing election], term: 2, version: 1, delta: master node changed {previous [], current [{test-cluster-1}{p0zDPGvuRO6z9nuk0Fo6lw}{LSJuTjBZRkOxQuEFZmiHmw}{test-cluster-1}{127.0.0.1}{127.0.0.1:46265}{cdfhilmrstw}{8.19.0}{7000099-8527000}]}, added {{test-cluster-0}{z70q47cgQUqQy0FQCUDK6Q}{SKCqOqOMQm2ZydNgz_mkNQ}{test-cluster-0}{127.0.0.1}{127.0.0.1:37105}{cdfhilmrstw}{8.19.0}{7000099-8527000}}
[2025-12-04T07:50:49,897][INFO ][o.e.c.c.CoordinationState] [test-cluster-1] cluster UUID set to [gQ-PoITbSzuQyyY1FY11sQ]
[2025-12-04T07:50:49,903][INFO ][o.e.c.c.CoordinationState] [test-cluster-0] cluster UUID set to [gQ-PoITbSzuQyyY1FY11sQ]
[2025-12-04T07:50:49,964][INFO ][o.e.c.s.ClusterApplierService] [test-cluster-0] master node changed {previous [], current [{test-cluster-1}{p0zDPGvuRO6z9nuk0Fo6lw}{LSJuTjBZRkOxQuEFZmiHmw}{test-cluster-1}{127.0.0.1}{127.0.0.1:46265}{cdfhilmrstw}{8.19.0}{7000099-8527000}]}, added {{test-cluster-1}{p0zDPGvuRO6z9nuk0Fo6lw}{LSJuTjBZRkOxQuEFZmiHmw}{test-cluster-1}{127.0.0.1}{127.0.0.1:46265}{cdfhilmrstw}{8.19.0}{7000099-8527000}}, term: 2, version: 1, reason: ApplyCommitRequest{term=2, version=1, sourceNode={test-cluster-1}{p0zDPGvuRO6z9nuk0Fo6lw}{LSJuTjBZRkOxQuEFZmiHmw}{test-cluster-1}{127.0.0.1}{127.0.0.1:46265}{cdfhilmrstw}{8.19.0}{7000099-8527000}{testattr=test, transform.config_version=10.0.0, xpack.installed=true, ml.allocated_processors=16, ml.max_jvm_size=536870912, ml.config_version=12.0.0, ml.machine_memory=135065120768, ml.allocated_processors_double=16.0}}
[2025-12-04T07:50:50,007][INFO ][o.e.c.s.ClusterApplierService] [test-cluster-1] master node changed {previous [], current [{test-cluster-1}{p0zDPGvuRO6z9nuk0Fo6lw}{LSJuTjBZRkOxQuEFZmiHmw}{test-cluster-1}{127.0.0.1}{127.0.0.1:46265}{cdfhilmrstw}{8.19.0}{7000099-8527000}]}, added {{test-cluster-0}{z70q47cgQUqQy0FQCUDK6Q}{SKCqOqOMQm2ZydNgz_mkNQ}{test-cluster-0}{127.0.0.1}{127.0.0.1:37105}{cdfhilmrstw}{8.19.0}{7000099-8527000}}, term: 2, version: 1, reason: Publication{term=2, version=1}
[2025-12-04T07:50:50,058][INFO ][o.e.c.c.NodeJoinExecutor ] [test-cluster-1] node-join: [{test-cluster-1}{p0zDPGvuRO6z9nuk0Fo6lw}{LSJuTjBZRkOxQuEFZmiHmw}{test-cluster-1}{127.0.0.1}{127.0.0.1:46265}{cdfhilmrstw}{8.19.0}{7000099-8527000}] with reason [completing election]
[2025-12-04T07:50:50,059][INFO ][o.e.c.c.NodeJoinExecutor ] [test-cluster-1] node-join: [{test-cluster-0}{z70q47cgQUqQy0FQCUDK6Q}{SKCqOqOMQm2ZydNgz_mkNQ}{test-cluster-0}{127.0.0.1}{127.0.0.1:37105}{cdfhilmrstw}{8.19.0}{7000099-8527000}] with reason [completing election]
[2025-12-04T07:50:50,396][INFO ][o.e.x.m.MlIndexRollover  ] [test-cluster-1] ML legacy indices rolled over
[2025-12-04T07:50:50,397][INFO ][o.e.x.m.MlAnomaliesIndexUpdate] [test-cluster-1] legacy ml anomalies indices rolled over and aliases updated
[2025-12-04T07:50:50,424][INFO ][o.e.c.f.AbstractFileWatchingService] [test-cluster-1] starting file watcher ...
[2025-12-04T07:50:50,441][INFO ][o.e.c.f.AbstractFileWatchingService] [test-cluster-1] file settings service up and running [tid=111]
[2025-12-04T07:50:50,447][INFO ][o.e.r.s.FileSettingsService] [test-cluster-1] setting file [/repo/qa/full-cluster-restart/build/testrun/v8.19.0_bwcTest/temp/test-cluster3724648714045455545/test-cluster-1/config/operator/settings.json] not found, initializing [file_settings] as empty
[2025-12-04T07:50:50,451][INFO ][o.e.g.GatewayService     ] [test-cluster-1] recovered [0] indices into cluster_state
[2025-12-04T07:50:50,692][INFO ][o.e.c.m.MetadataIndexTemplateService] [test-cluster-1] adding template [.monitoring-kibana] for index patterns [.monitoring-kibana-7-*]
[2025-12-04T07:50:50,830][INFO ][o.e.c.m.MetadataIndexTemplateService] [test-cluster-1] adding template [.monitoring-beats] for index patterns [.monitoring-beats-7-*]
[2025-12-04T07:50:50,879][INFO ][o.e.c.m.MetadataIndexTemplateService] [test-cluster-1] adding template [.monitoring-logstash] for index patterns [.monitoring-logstash-7-*]
[2025-12-04T07:50:50,906][INFO ][o.e.c.m.MetadataIndexTemplateService] [test-cluster-1] adding template [.monitoring-alerts-7] for index patterns [.monitoring-alerts-7]
[2025-12-04T07:50:50,989][INFO ][o.e.c.m.MetadataIndexTemplateService] [test-cluster-1] adding template [.monitoring-es] for index patterns [.monitoring-es-7-*]
[2025-12-04T07:50:51,049][INFO ][o.e.c.m.MetadataIndexTemplateService] [test-cluster-1] adding index template [.monitoring-ent-search-mb] for index patterns [.monitoring-ent-search-8-*]
[2025-12-04T07:50:51,096][INFO ][o.e.c.m.MetadataIndexTemplateService] [test-cluster-1] adding index template [.monitoring-logstash-mb] for index patterns [.monitoring-logstash-8-*]
[2025-12-04T07:50:51,159][INFO ][o.e.c.m.MetadataIndexTemplateService] [test-cluster-1] adding index template [.monitoring-es-mb] for index patterns [.monitoring-es-8-*]
[2025-12-04T07:50:51,194][INFO ][o.e.c.m.MetadataIndexTemplateService] [test-cluster-1] adding component template [behavioral_analytics-events-mappings]
[2025-12-04T07:50:51,201][INFO ][o.e.c.m.MetadataIndexTemplateService] [test-cluster-1] adding component template [elastic-connectors-sync-jobs-settings]
[2025-12-04T07:50:51,217][INFO ][o.e.c.m.MetadataIndexTemplateService] [test-cluster-1] adding component template [elastic-connectors-sync-jobs-mappings]
[2025-12-04T07:50:51,222][INFO ][o.e.c.m.MetadataIndexTemplateService] [test-cluster-1] adding component template [elastic-connectors-settings]
[2025-12-04T07:50:51,233][INFO ][o.e.c.m.MetadataIndexTemplateService] [test-cluster-1] adding index template [search-acl-filter] for index patterns [.search-acl-filter-*]
[2025-12-04T07:50:51,268][INFO ][o.e.c.m.MetadataIndexTemplateService] [test-cluster-1] adding index template [.monitoring-kibana-mb] for index patterns [.monitoring-kibana-8-*]
[2025-12-04T07:50:51,278][INFO ][o.e.c.m.MetadataIndexTemplateService] [test-cluster-1] adding index template [.ml-state] for index patterns [.ml-state*]
[2025-12-04T07:50:51,296][INFO ][o.e.c.m.MetadataIndexTemplateService] [test-cluster-1] adding component template [elastic-connectors-mappings]
[2025-12-04T07:50:51,314][INFO ][o.e.c.m.MetadataIndexTemplateService] [test-cluster-1] adding index template [.ml-notifications-000002] for index patterns [.ml-notifications-*]
[2025-12-04T07:50:51,373][INFO ][o.e.c.m.MetadataIndexTemplateService] [test-cluster-1] adding index template [.ml-anomalies-] for index patterns [.ml-anomalies-*]
[2025-12-04T07:50:51,388][INFO ][o.e.c.m.MetadataIndexTemplateService] [test-cluster-1] adding index template [.ml-stats] for index patterns [.ml-stats-*]
[2025-12-04T07:50:51,445][INFO ][o.e.c.m.MetadataIndexTemplateService] [test-cluster-1] adding index template [.monitoring-beats-mb] for index patterns [.monitoring-beats-8-*]
[2025-12-04T07:50:51,475][INFO ][o.e.c.m.MetadataIndexTemplateService] [test-cluster-1] adding component template [traces-otel@mappings]
[2025-12-04T07:50:51,540][INFO ][o.e.c.m.MetadataIndexTemplateService] [test-cluster-1] adding component template [otel@mappings]
[2025-12-04T07:50:51,549][INFO ][o.e.c.m.MetadataIndexTemplateService] [test-cluster-1] adding component template [metrics-otel@mappings]
[2025-12-04T07:50:51,564][INFO ][o.e.c.m.MetadataIndexTemplateService] [test-cluster-1] adding component template [logs-otel@mappings]
[2025-12-04T07:50:51,574][INFO ][o.e.c.m.MetadataIndexTemplateService] [test-cluster-1] adding component template [semconv-resource-to-ecs@mappings]
[2025-12-04T07:50:51,580][INFO ][o.e.c.m.MetadataIndexTemplateService] [test-cluster-1] adding component template [ecs-tsdb@mappings]
[2025-12-04T07:50:51,586][INFO ][o.e.c.m.MetadataIndexTemplateService] [test-cluster-1] adding component template [synthetics-mappings]
[2025-12-04T07:50:51,597][INFO ][o.e.c.m.MetadataIndexTemplateService] [test-cluster-1] adding component template [ecs@dynamic_templates]
[2025-12-04T07:50:51,606][INFO ][o.e.c.m.MetadataIndexTemplateService] [test-cluster-1] adding component template [data-streams-mappings]
[2025-12-04T07:50:51,612][INFO ][o.e.c.m.MetadataIndexTemplateService] [test-cluster-1] adding component template [logs-mappings]
[2025-12-04T07:50:51,616][INFO ][o.e.c.m.MetadataIndexTemplateService] [test-cluster-1] adding component template [metrics-settings]
[2025-12-04T07:50:51,625][INFO ][o.e.c.m.MetadataIndexTemplateService] [test-cluster-1] adding component template [metrics-mappings]
[2025-12-04T07:50:51,628][INFO ][o.e.c.m.MetadataIndexTemplateService] [test-cluster-1] adding component template [synthetics-settings]
[2025-12-04T07:50:51,631][INFO ][o.e.c.m.MetadataIndexTemplateService] [test-cluster-1] adding component template [synthetics@settings]
[2025-12-04T07:50:51,646][INFO ][o.e.c.m.MetadataIndexTemplateService] [test-cluster-1] adding component template [metrics@mappings]
[2025-12-04T07:50:51,651][INFO ][o.e.c.m.MetadataIndexTemplateService] [test-cluster-1] adding component template [metrics-tsdb-settings]
[2025-12-04T07:50:51,655][INFO ][o.e.c.m.MetadataIndexTemplateService] [test-cluster-1] adding component template [kibana-reporting@settings]
[2025-12-04T07:50:51,667][INFO ][o.e.c.m.MetadataIndexTemplateService] [test-cluster-1] adding component template [data-streams@mappings]
[2025-12-04T07:50:51,670][INFO ][o.e.c.m.MetadataIndexTemplateService] [test-cluster-1] adding component template [metrics@tsdb-settings]
[2025-12-04T07:50:51,677][INFO ][o.e.c.m.MetadataIndexTemplateService] [test-cluster-1] adding component template [logs@mappings]
[2025-12-04T07:50:51,682][INFO ][o.e.c.m.MetadataIndexTemplateService] [test-cluster-1] adding component template [traces@mappings]
[2025-12-04T07:50:51,694][INFO ][o.e.c.m.MetadataIndexTemplateService] [test-cluster-1] adding component template [agentless@mappings]
[2025-12-04T07:50:51,697][INFO ][o.e.c.m.MetadataIndexTemplateService] [test-cluster-1] adding component template [traces@settings]
[2025-12-04T07:50:51,700][INFO ][o.e.c.m.MetadataIndexTemplateService] [test-cluster-1] adding component template [metrics@settings]
[2025-12-04T07:50:51,703][INFO ][o.e.c.m.MetadataIndexTemplateService] [test-cluster-1] adding component template [agentless@settings]
[2025-12-04T07:50:51,708][INFO ][o.e.c.m.MetadataIndexTemplateService] [test-cluster-1] adding component template [synthetics@mappings]
[2025-12-04T07:50:51,722][INFO ][o.e.c.m.MetadataIndexTemplateService] [test-cluster-1] adding component template [ecs@mappings]
[2025-12-04T07:50:51,732][INFO ][o.e.c.m.MetadataIndexTemplateService] [test-cluster-1] adding index template [.slm-history-7] for index patterns [.slm-history-7*]
[2025-12-04T07:50:51,759][INFO ][o.e.c.m.MetadataIndexTemplateService] [test-cluster-1] adding index template [.watch-history-17] for index patterns [.watcher-history-17*]
[2025-12-04T07:50:51,771][INFO ][o.e.c.m.MetadataIndexTemplateService] [test-cluster-1] adding index template [.fleet-fileds-tohost-data] for index patterns [.fleet-fileds-tohost-data-*]
[2025-12-04T07:50:51,786][INFO ][o.e.c.m.MetadataIndexTemplateService] [test-cluster-1] adding index template [ilm-history-7] for index patterns [ilm-history-7*]
[2025-12-04T07:50:51,790][INFO ][o.e.c.m.MetadataIndexTemplateService] [test-cluster-1] adding component template [.deprecation-indexing-settings]
[2025-12-04T07:50:51,804][INFO ][o.e.c.m.MetadataIndexTemplateService] [test-cluster-1] adding index template [.fleet-fileds-tohost-meta] for index patterns [.fleet-fileds-tohost-meta-*]
[2025-12-04T07:50:51,829][INFO ][o.e.c.m.MetadataIndexTemplateService] [test-cluster-1] adding index template [.fleet-fileds-fromhost-data] for index patterns [.fleet-fileds-fromhost-data-*]
[2025-12-04T07:50:51,842][INFO ][o.e.c.m.MetadataIndexTemplateService] [test-cluster-1] adding index template [.fleet-fileds-fromhost-meta] for index patterns [.fleet-fileds-fromhost-meta-*]
[2025-12-04T07:50:51,851][INFO ][o.e.c.m.MetadataIndexTemplateService] [test-cluster-1] adding component template [.deprecation-indexing-mappings]
[2025-12-04T07:50:51,866][INFO ][o.e.c.m.MetadataIndexTemplateService] [test-cluster-1] adding component template [metrics-apm.service_destination@mappings]
[2025-12-04T07:50:51,870][INFO ][o.e.c.m.MetadataIndexTemplateService] [test-cluster-1] adding component template [apm@settings]
[2025-12-04T07:50:51,878][INFO ][o.e.c.m.MetadataIndexTemplateService] [test-cluster-1] adding component template [traces-apm.sampled-fallback@ilm]
[2025-12-04T07:50:51,880][INFO ][o.e.c.m.MetadataIndexTemplateService] [test-cluster-1] adding component template [metrics-apm.service_destination.10m-fallback@ilm]
[2025-12-04T07:50:51,884][INFO ][o.e.c.m.MetadataIndexTemplateService] [test-cluster-1] adding component template [metrics-apm.service_summary.1m-fallback@ilm]
[2025-12-04T07:50:51,893][INFO ][o.e.c.m.MetadataIndexTemplateService] [test-cluster-1] adding component template [metrics-apm.service_destination.60m-fallback@ilm]
[2025-12-04T07:50:51,895][INFO ][o.e.c.m.MetadataIndexTemplateService] [test-cluster-1] adding component template [apm-90d@lifecycle]
[2025-12-04T07:50:51,898][INFO ][o.e.c.m.MetadataIndexTemplateService] [test-cluster-1] adding component template [apm-10d@lifecycle]
[2025-12-04T07:50:51,905][INFO ][o.e.c.m.MetadataIndexTemplateService] [test-cluster-1] adding component template [traces-apm.rum-fallback@ilm]
[2025-12-04T07:50:51,908][INFO ][o.e.c.m.MetadataIndexTemplateService] [test-cluster-1] adding component template [metrics-apm@mappings]
[2025-12-04T07:50:51,911][INFO ][o.e.c.m.MetadataIndexTemplateService] [test-cluster-1] adding component template [metrics-apm.internal-fallback@ilm]
[2025-12-04T07:50:51,918][INFO ][o.e.c.m.MetadataIndexTemplateService] [test-cluster-1] adding component template [metrics-apm.transaction.10m-fallback@ilm]
[2025-12-04T07:50:51,939][INFO ][o.e.c.m.MetadataIndexTemplateService] [test-cluster-1] adding component template [traces-apm@mappings]
[2025-12-04T07:50:51,944][INFO ][o.e.c.m.MetadataIndexTemplateService] [test-cluster-1] adding component template [traces-apm.rum@mappings]
[2025-12-04T07:50:51,947][INFO ][o.e.c.m.MetadataIndexTemplateService] [test-cluster-1] adding component template [metrics-apm.service_destination.1m-fallback@ilm]
[2025-12-04T07:50:51,956][INFO ][o.e.c.m.MetadataIndexTemplateService] [test-cluster-1] adding component template [metrics-apm.service_transaction@mappings]
[2025-12-04T07:50:51,959][INFO ][o.e.c.m.MetadataIndexTemplateService] [test-cluster-1] adding component template [metrics-apm.transaction.1m-fallback@ilm]
[2025-12-04T07:50:51,961][INFO ][o.e.c.m.MetadataIndexTemplateService] [test-cluster-1] adding component template [metrics-apm.service_transaction.60m-fallback@ilm]
[2025-12-04T07:50:51,966][INFO ][o.e.c.m.MetadataIndexTemplateService] [test-cluster-1] adding component template [metrics-apm.service_summary@mappings]
[2025-12-04T07:50:51,969][INFO ][o.e.c.m.MetadataIndexTemplateService] [test-cluster-1] adding component template [metrics-apm.service_transaction.10m-fallback@ilm]
[2025-12-04T07:50:51,972][INFO ][o.e.c.m.MetadataIndexTemplateService] [test-cluster-1] adding component template [logs-apm.app-fallback@ilm]
[2025-12-04T07:50:51,974][INFO ][o.e.c.m.MetadataIndexTemplateService] [test-cluster-1] adding component template [apm-180d@lifecycle]
[2025-12-04T07:50:51,983][INFO ][o.e.c.m.MetadataIndexTemplateService] [test-cluster-1] adding component template [metrics-apm.service_transaction.1m-fallback@ilm]
[2025-12-04T07:50:51,986][INFO ][o.e.c.m.MetadataIndexTemplateService] [test-cluster-1] adding component template [metrics-apm.app-fallback@ilm]
[2025-12-04T07:50:51,988][INFO ][o.e.c.m.MetadataIndexTemplateService] [test-cluster-1] adding component template [traces-apm-fallback@ilm]
[2025-12-04T07:50:51,990][INFO ][o.e.c.m.MetadataIndexTemplateService] [test-cluster-1] adding component template [metrics-apm.service_summary.10m-fallback@ilm]
[2025-12-04T07:50:51,994][INFO ][o.e.c.m.MetadataIndexTemplateService] [test-cluster-1] adding component template [metrics-apm@settings]
[2025-12-04T07:50:51,997][INFO ][o.e.c.m.MetadataIndexTemplateService] [test-cluster-1] adding component template [metrics-apm.service_summary.60m-fallback@ilm]
[2025-12-04T07:50:52,003][INFO ][o.e.c.m.MetadataIndexTemplateService] [test-cluster-1] adding component template [apm-390d@lifecycle]
[2025-12-04T07:50:52,008][INFO ][o.e.c.m.MetadataIndexTemplateService] [test-cluster-1] adding component template [logs-apm.error-fallback@ilm]
[2025-12-04T07:50:52,010][INFO ][o.e.c.m.MetadataIndexTemplateService] [test-cluster-1] adding component template [logs-apm@settings]
[2025-12-04T07:50:52,015][INFO ][o.e.c.m.MetadataIndexTemplateService] [test-cluster-1] adding component template [metrics-apm.transaction@mappings]
[2025-12-04T07:50:52,022][INFO ][o.e.c.m.MetadataIndexTemplateService] [test-cluster-1] adding component template [apm@mappings]
[2025-12-04T07:50:52,025][INFO ][o.e.c.m.MetadataIndexTemplateService] [test-cluster-1] adding component template [metrics-apm.transaction.60m-fallback@ilm]
[2025-12-04T07:50:52,106][INFO ][o.e.c.m.MetadataIndexTemplateService] [test-cluster-1] adding component template [logs-apm.error@mappings]
[2025-12-04T07:50:52,463][INFO ][o.e.c.m.MetadataIndexTemplateService] [test-cluster-1] adding index template [elastic-connectors-sync-jobs] for index patterns [.elastic-connectors-sync-jobs-v1]
[2025-12-04T07:50:52,482][INFO ][o.e.c.m.MetadataIndexTemplateService] [test-cluster-1] adding index template [elastic-connectors] for index patterns [.elastic-connectors-v1]
[2025-12-04T07:50:52,574][INFO ][o.e.c.m.MetadataIndexTemplateService] [test-cluster-1] adding index template [metrics-service_summary.60m.otel@template] for index patterns [metrics-service_summary.60m.otel-*]
[2025-12-04T07:50:52,647][INFO ][o.e.c.m.MetadataIndexTemplateService] [test-cluster-1] adding index template [metrics-service_destination.10m@template] for index patterns [metrics-service_destination.10m.otel-*]
[2025-12-04T07:50:52,682][INFO ][o.e.c.m.MetadataIndexTemplateService] [test-cluster-1] adding index template [metrics-service_destination.1m@template] for index patterns [metrics-service_destination.1m.otel-*]
[2025-12-04T07:50:52,717][INFO ][o.e.c.m.MetadataIndexTemplateService] [test-cluster-1] adding index template [metrics-service_summary.10m.otel@template] for index patterns [metrics-service_summary.10m.otel-*]
[2025-12-04T07:50:52,762][INFO ][o.e.c.m.MetadataIndexTemplateService] [test-cluster-1] adding index template [metrics-service_transaction.10m.otel@template] for index patterns [metrics-service_transaction.10m.otel-*]
[2025-12-04T07:50:52,779][INFO ][o.e.c.m.MetadataIndexTemplateService] [test-cluster-1] adding index template [traces-otel@template] for index patterns [traces-*.otel-*]
[2025-12-04T07:50:52,809][INFO ][o.e.c.m.MetadataIndexTemplateService] [test-cluster-1] adding index template [metrics-service_destination.60m@template] for index patterns [metrics-service_destination.60m.otel-*]
[2025-12-04T07:50:52,851][INFO ][o.e.c.m.MetadataIndexTemplateService] [test-cluster-1] adding index template [metrics-service_summary.1m.otel@template] for index patterns [metrics-service_summary.1m.otel-*]
[2025-12-04T07:50:52,883][INFO ][o.e.c.m.MetadataIndexTemplateService] [test-cluster-1] adding index template [metrics-transaction.60m.otel@template] for index patterns [metrics-transaction.60m.otel-*]
[2025-12-04T07:50:52,915][INFO ][o.e.c.m.MetadataIndexTemplateService] [test-cluster-1] adding index template [metrics-service_transaction.60m.otel@template] for index patterns [metrics-service_transaction.60m.otel-*]
[2025-12-04T07:50:52,950][INFO ][o.e.c.m.MetadataIndexTemplateService] [test-cluster-1] adding index template [metrics-transaction.10m.otel@template] for index patterns [metrics-transaction.10m.otel-*]
[2025-12-04T07:50:52,980][INFO ][o.e.c.m.MetadataIndexTemplateService] [test-cluster-1] adding index template [metrics-service_transaction.1m.otel@template] for index patterns [metrics-service_transaction.1m.otel-*]
[2025-12-04T07:50:52,987][INFO ][o.e.c.m.MetadataIndexTemplateService] [test-cluster-1] adding index template [agentless] for index patterns [agentless-*-*]
[2025-12-04T07:50:52,993][INFO ][o.e.c.m.MetadataIndexTemplateService] [test-cluster-1] adding index template [synthetics] for index patterns [synthetics-*-*]
[2025-12-04T07:50:53,021][INFO ][o.e.c.m.MetadataIndexTemplateService] [test-cluster-1] adding index template [metrics-transaction.1m.otel@template] for index patterns [metrics-transaction.1m.otel-*]
[2025-12-04T07:50:53,029][INFO ][o.e.c.m.MetadataIndexTemplateService] [test-cluster-1] adding index template [metrics] for index patterns [metrics-*-*]
[2025-12-04T07:50:53,061][INFO ][o.e.c.m.MetadataIndexTemplateService] [test-cluster-1] adding index template [metrics-otel@template] for index patterns [metrics-*.otel-*]
[2025-12-04T07:50:53,077][INFO ][o.e.c.m.MetadataIndexTemplateService] [test-cluster-1] adding index template [.kibana-reporting] for index patterns [.kibana-reporting*]
[2025-12-04T07:50:53,104][INFO ][o.e.c.m.MetadataIndexTemplateService] [test-cluster-1] adding index template [metrics-apm.transaction.10m@template] for index patterns [metrics-apm.transaction.10m-*]
[2025-12-04T07:50:53,117][INFO ][o.e.c.m.MetadataIndexTemplateService] [test-cluster-1] adding index template [metrics-apm.service_summary.1m@template] for index patterns [metrics-apm.service_summary.1m-*]
[2025-12-04T07:50:53,129][INFO ][o.e.c.m.MetadataIndexTemplateService] [test-cluster-1] adding index template [metrics-apm.service_transaction.10m@template] for index patterns [metrics-apm.service_transaction.10m-*]
[2025-12-04T07:50:53,143][INFO ][o.e.c.m.MetadataIndexTemplateService] [test-cluster-1] adding index template [metrics-apm.service_summary.10m@template] for index patterns [metrics-apm.service_summary.10m-*]
[2025-12-04T07:50:53,155][INFO ][o.e.c.m.MetadataIndexTemplateService] [test-cluster-1] adding index template [metrics-apm.service_transaction.60m@template] for index patterns [metrics-apm.service_transaction.60m-*]
[2025-12-04T07:50:53,168][INFO ][o.e.c.m.MetadataIndexTemplateService] [test-cluster-1] adding index template [metrics-apm.transaction.1m@template] for index patterns [metrics-apm.transaction.1m-*]
[2025-12-04T07:50:53,180][INFO ][o.e.c.m.MetadataIndexTemplateService] [test-cluster-1] adding index template [metrics-apm.service_destination.1m@template] for index patterns [metrics-apm.service_destination.1m-*]
[2025-12-04T07:50:53,191][INFO ][o.e.c.m.MetadataIndexTemplateService] [test-cluster-1] adding index template [.deprecation-indexing-template] for index patterns [.logs-deprecation.*]
[2025-12-04T07:50:53,203][INFO ][o.e.c.m.MetadataIndexTemplateService] [test-cluster-1] adding index template [traces-apm.sampled@template] for index patterns [traces-apm.sampled-*]
[2025-12-04T07:50:53,215][INFO ][o.e.c.m.MetadataIndexTemplateService] [test-cluster-1] adding index template [logs-apm.error@template] for index patterns [logs-apm.error-*]
[2025-12-04T07:50:53,225][INFO ][o.e.c.m.MetadataIndexTemplateService] [test-cluster-1] adding index template [traces-apm@template] for index patterns [traces-apm-*]
[...]
[2025-12-04T07:51:44,277][WARN ][o.e.u.FullClusterRestartDownsampleIT] [testRollupIndex] --> No matching rollup name for path [/downsample-1h-.ds-ds-eetahobwxb-*/?expand_wildcards=all]
[2025-12-04T07:51:45,282][WARN ][o.e.u.FullClusterRestartDownsampleIT] [testRollupIndex] --> No matching rollup name for path [/downsample-1h-.ds-ds-eetahobwxb-*/?expand_wildcards=all]
[2025-12-04T07:51:45,931][WARN ][o.e.x.c.i.WaitForRolloverReadyStep] [test-cluster-1] index [.ds-ds-eetahobwxb-2025.12.04-000001] is not the write index for data stream [ds-eetahobwxb]. skipping rollover for policy [policy-uHTgX]
[2025-12-04T07:51:45,936][INFO ][o.e.x.i.IndexLifecycleTransition] [test-cluster-1] moving index [.ds-ds-eetahobwxb-2025.12.04-000001] from [{"phase":"hot","action":"rollover","name":"check-rollover-ready"}] to [{"phase":"hot","action":"rollover","name":"attempt-rollover"}] in policy [policy-uHTgX]
[2025-12-04T07:51:46,140][WARN ][o.e.x.c.i.RolloverStep   ] [test-cluster-1] index [.ds-ds-eetahobwxb-2025.12.04-000001] is not the write index for data stream [ds-eetahobwxb]. skipping rollover for policy [policy-uHTgX]
[2025-12-04T07:51:46,141][INFO ][o.e.x.i.IndexLifecycleTransition] [test-cluster-1] moving index [.ds-ds-eetahobwxb-2025.12.04-000001] from [{"phase":"hot","action":"rollover","name":"attempt-rollover"}] to [{"phase":"hot","action":"rollover","name":"wait-for-active-shards"}] in policy [policy-uHTgX]
[2025-12-04T07:51:46,288][INFO ][o.e.x.i.IndexLifecycleTransition] [test-cluster-1] moving index [.ds-ds-eetahobwxb-2025.12.04-000001] from [{"phase":"hot","action":"rollover","name":"wait-for-active-shards"}] to [{"phase":"hot","action":"rollover","name":"update-rollover-lifecycle-date"}] in policy [policy-uHTgX]
[2025-12-04T07:51:46,290][WARN ][o.e.u.FullClusterRestartDownsampleIT] [testRollupIndex] --> No matching rollup name for path [/downsample-1h-.ds-ds-eetahobwxb-*/?expand_wildcards=all]
[2025-12-04T07:51:46,290][INFO ][o.e.x.i.IndexLifecycleTransition] [test-cluster-1] moving index [.ds-ds-eetahobwxb-2025.12.04-000001] from [{"phase":"hot","action":"rollover","name":"update-rollover-lifecycle-date"}] to [{"phase":"hot","action":"rollover","name":"set-indexing-complete"}] in policy [policy-uHTgX]
[2025-12-04T07:51:46,634][INFO ][o.e.x.i.IndexLifecycleTransition] [test-cluster-1] moving index [.ds-ds-eetahobwxb-2025.12.04-000001] from [{"phase":"hot","action":"rollover","name":"set-indexing-complete"}] to [{"phase":"hot","action":"downsample","name":"branch-on-timeseries-check"}] in policy [policy-uHTgX]
[2025-12-04T07:51:46,800][INFO ][o.e.x.i.IndexLifecycleTransition] [test-cluster-1] moving index [.ds-ds-eetahobwxb-2025.12.04-000001] from [{"phase":"hot","action":"downsample","name":"branch-on-timeseries-check"}] to [{"phase":"hot","action":"downsample","name":"check-not-write-index"}] in policy [policy-uHTgX]
[2025-12-04T07:51:46,802][INFO ][o.e.x.i.IndexLifecycleTransition] [test-cluster-1] moving index [.ds-ds-eetahobwxb-2025.12.04-000001] from [{"phase":"hot","action":"downsample","name":"check-not-write-index"}] to [{"phase":"hot","action":"downsample","name":"wait-for-shard-history-leases"}] in policy [policy-uHTgX]
[2025-12-04T07:51:47,296][WARN ][o.e.u.FullClusterRestartDownsampleIT] [testRollupIndex] --> No matching rollup name for path [/downsample-1h-.ds-ds-eetahobwxb-*/?expand_wildcards=all]
[2025-12-04T07:51:48,306][WARN ][o.e.u.FullClusterRestartDownsampleIT] [testRollupIndex] --> No matching rollup name for path [/downsample-1h-.ds-ds-eetahobwxb-*/?expand_wildcards=all]
[2025-12-04T07:51:49,312][WARN ][o.e.u.FullClusterRestartDownsampleIT] [testRollupIndex] --> No matching rollup name for path [/downsample-1h-.ds-ds-eetahobwxb-*/?expand_wildcards=all]
[2025-12-04T07:51:50,321][WARN ][o.e.u.FullClusterRestartDownsampleIT] [testRollupIndex] --> No matching rollup name for path [/downsample-1h-.ds-ds-eetahobwxb-*/?expand_wildcards=all]
[2025-12-04T07:51:50,938][INFO ][o.e.x.i.IndexLifecycleTransition] [test-cluster-1] moving index [.ds-ds-eetahobwxb-2025.12.04-000001] from [{"phase":"hot","action":"downsample","name":"wait-for-shard-history-leases"}] to [{"phase":"hot","action":"downsample","name":"check-ts-end-time-passed"}] in policy [policy-uHTgX]
[2025-12-04T07:51:51,200][INFO ][o.e.c.m.MetadataCreateIndexService] [test-cluster-1] [.ds-ilm-history-7-2025.12.04-000001] creating index, cause [initialize_data_stream], templates [ilm-history-7], shards [1]/[1]
[2025-12-04T07:51:51,204][INFO ][o.e.c.m.MetadataCreateDataStreamService] [test-cluster-1] adding data stream [ilm-history-7] with write index [.ds-ilm-history-7-2025.12.04-000001], backing indices [], and aliases []
[2025-12-04T07:51:51,331][WARN ][o.e.u.FullClusterRestartDownsampleIT] [testRollupIndex] --> No matching rollup name for path [/downsample-1h-.ds-ds-eetahobwxb-*/?expand_wildcards=all]
[2025-12-04T07:51:52,341][WARN ][o.e.u.FullClusterRestartDownsampleIT] [testRollupIndex] --> No matching rollup name for path [/downsample-1h-.ds-ds-eetahobwxb-*/?expand_wildcards=all]
[2025-12-04T07:51:52,872][INFO ][o.e.c.r.a.AllocationService] [test-cluster-1] current.health="GREEN" message="Cluster health status changed from [YELLOW] to [GREEN] (reason: [shards started [[.ds-ilm-history-7-2025.12.04-000001][0]]])." previous.health="YELLOW" reason="shards started [[.ds-ilm-history-7-2025.12.04-000001][0]]"
[2025-12-04T07:51:53,356][WARN ][o.e.u.FullClusterRestartDownsampleIT] [testRollupIndex] --> No matching rollup name for path [/downsample-1h-.ds-ds-eetahobwxb-*/?expand_wildcards=all]
[2025-12-04T07:51:54,370][WARN ][o.e.u.FullClusterRestartDownsampleIT] [testRollupIndex] --> No matching rollup name for path [/downsample-1h-.ds-ds-eetahobwxb-*/?expand_wildcards=all]
[2025-12-04T07:51:55,376][WARN ][o.e.u.FullClusterRestartDownsampleIT] [testRollupIndex] --> No matching rollup name for path [/downsample-1h-.ds-ds-eetahobwxb-*/?expand_wildcards=all]
[2025-12-04T07:51:55,936][INFO ][o.e.x.i.IndexLifecycleTransition] [test-cluster-1] moving index [.ds-ds-eetahobwxb-2025.12.04-000001] from [{"phase":"hot","action":"downsample","name":"check-ts-end-time-passed"}] to [{"phase":"hot","action":"downsample","name":"readonly"}] in policy [policy-uHTgX]
[2025-12-04T07:51:56,118][INFO ][o.e.c.m.MetadataIndexStateService] [test-cluster-1] adding [index.blocks.write] block to indices [[.ds-ds-eetahobwxb-2025.12.04-000001/QKfj9CiKSPitW3cdfFeIoQ]]
[2025-12-04T07:51:56,321][INFO ][o.e.c.m.MetadataIndexStateService] [test-cluster-1] completed adding [index.blocks.write] block to indices [.ds-ds-eetahobwxb-2025.12.04-000001]
[2025-12-04T07:51:56,395][WARN ][o.e.u.FullClusterRestartDownsampleIT] [testRollupIndex] --> No matching rollup name for path [/downsample-1h-.ds-ds-eetahobwxb-*/?expand_wildcards=all]
[2025-12-04T07:51:56,441][INFO ][o.e.x.i.IndexLifecycleTransition] [test-cluster-1] moving index [.ds-ds-eetahobwxb-2025.12.04-000001] from [{"phase":"hot","action":"downsample","name":"readonly"}] to [{"phase":"hot","action":"downsample","name":"generate-downsampled-index-name"}] in policy [policy-uHTgX]
[2025-12-04T07:51:56,578][INFO ][o.e.x.i.IndexLifecycleTransition] [test-cluster-1] moving index [.ds-ds-eetahobwxb-2025.12.04-000001] from [{"phase":"hot","action":"downsample","name":"generate-downsampled-index-name"}] to [{"phase":"hot","action":"downsample","name":"rollup"}] in policy [policy-uHTgX]
[2025-12-04T07:51:57,411][INFO ][o.e.u.FullClusterRestartDownsampleIT] [testRollupIndex] --> original index name is [.ds-ds-eetahobwxb], rollup index name is [downsample-1h-.ds-ds-eetahobwxb-2025.12.04-000001]
[2025-12-04T07:51:57,401][INFO ][o.e.c.r.a.AllocationService] [test-cluster-1] current.health="GREEN" message="Cluster health status changed from [YELLOW] to [GREEN] (reason: [shards started [[downsample-1h-.ds-ds-eetahobwxb-2025.12.04-000001][0]]])." previous.health="YELLOW" reason="shards started [[downsample-1h-.ds-ds-eetahobwxb-2025.12.04-000001][0]]"
[2025-12-04T07:51:57,475][INFO ][o.e.x.d.DownsampleShardIndexer] [test-cluster-0] Downsampling task [downsample-downsample-1h-.ds-ds-eetahobwxb-2025.12.04-000001-0-1h on shard [.ds-ds-eetahobwxb-2025.12.04-000001][0] started
[2025-12-04T07:51:57,501][INFO ][o.e.x.d.DownsampleShardIndexer] [test-cluster-0] Shard [.ds-ds-eetahobwxb-2025.12.04-000001][0] processed [8] docs, created [4] downsample buckets
[2025-12-04T07:51:57,615][INFO ][o.e.x.d.DownsampleShardIndexer] [test-cluster-0] Shard [[.ds-ds-eetahobwxb-2025.12.04-000001][0]] successfully sent [8], received source doc [4], indexed downsampled doc [4], failed [0], took [200ms]
[2025-12-04T07:51:57,616][INFO ][o.e.x.d.DownsampleShardIndexer] [test-cluster-0] Downsampling task [downsample-downsample-1h-.ds-ds-eetahobwxb-2025.12.04-000001-0-1h on shard [.ds-ds-eetahobwxb-2025.12.04-000001][0] completed
[2025-12-04T07:51:57,848][INFO ][o.e.x.d.TransportDownsampleAction] [test-cluster-1] Downsampling task [downsample-downsample-1h-.ds-ds-eetahobwxb-2025.12.04-000001-0-1h completed for shard [.ds-ds-eetahobwxb-2025.12.04-000001][0]
[2025-12-04T07:51:57,854][INFO ][o.e.x.d.TransportDownsampleAction] [test-cluster-1] All downsampling tasks completed [1]
[2025-12-04T07:51:58,307][INFO ][o.e.x.i.IndexLifecycleTransition] [test-cluster-1] moving index [.ds-ds-eetahobwxb-2025.12.04-000001] from [{"phase":"hot","action":"downsample","name":"rollup"}] to [{"phase":"hot","action":"downsample","name":"wait-for-index-color"}] in policy [policy-uHTgX]
[2025-12-04T07:51:58,386][INFO ][o.e.x.i.IndexLifecycleTransition] [test-cluster-1] moving index [.ds-ds-eetahobwxb-2025.12.04-000001] from [{"phase":"hot","action":"downsample","name":"wait-for-index-color"}] to [{"phase":"hot","action":"downsample","name":"copy-execution-state"}] in policy [policy-uHTgX]
[2025-12-04T07:51:58,388][INFO ][o.e.x.i.IndexLifecycleTransition] [test-cluster-1] moving index [.ds-ds-eetahobwxb-2025.12.04-000001] from [{"phase":"hot","action":"downsample","name":"copy-execution-state"}] to [{"phase":"hot","action":"downsample","name":"copy-settings"}] in policy [policy-uHTgX]
[2025-12-04T07:51:58,390][INFO ][o.e.x.i.IndexLifecycleTransition] [test-cluster-1] moving index [.ds-ds-eetahobwxb-2025.12.04-000001] from [{"phase":"hot","action":"downsample","name":"copy-settings"}] to [{"phase":"hot","action":"downsample","name":"branch-on-datastream-check"}] in policy [policy-uHTgX]
[2025-12-04T07:51:58,392][INFO ][o.e.x.i.IndexLifecycleTransition] [test-cluster-1] moving index [.ds-ds-eetahobwxb-2025.12.04-000001] from [{"phase":"hot","action":"downsample","name":"branch-on-datastream-check"}] to [{"phase":"hot","action":"downsample","name":"replace-datastream-backing-index"}] in policy [policy-uHTgX]
[2025-12-04T07:51:58,396][INFO ][o.e.x.i.IndexLifecycleTransition] [test-cluster-1] moving index [.ds-ds-eetahobwxb-2025.12.04-000001] from [{"phase":"hot","action":"downsample","name":"replace-datastream-backing-index"}] to [{"phase":"hot","action":"downsample","name":"delete"}] in policy [policy-uHTgX]
[2025-12-04T07:51:58,502][INFO ][o.e.c.m.MetadataDeleteIndexService] [test-cluster-1] [.ds-ds-eetahobwxb-2025.12.04-000001/QKfj9CiKSPitW3cdfFeIoQ] deleting index
[2025-12-04T07:51:59,023][INFO ][o.e.u.FullClusterRestartDownsampleIT] [testRollupIndex] [cluster=UPGRADED] after test
[2025-12-04T07:51:59,032][INFO ][o.e.t.c.l.DefaultLocalClusterHandle] [suite] Stopping Elasticsearch test cluster 'test-cluster', forcibly: true
[2025-12-04T07:51:59,033][INFO ][o.e.t.c.l.AbstractLocalClusterFactory] [[test-cluster-node-executor-0]] Shutting down node 'test-cluster-1'
[2025-12-04T07:51:59,033][INFO ][o.e.t.c.l.AbstractLocalClusterFactory] [[test-cluster-node-executor-1]] Shutting down node 'test-cluster-0'
[2025-12-04T07:51:59,035][INFO ][o.e.t.c.u.ProcessUtils   ] [[test-cluster-node-executor-1]] Terminating Elasticsearch process  forcibly : [user: Optional[gradle], cmd: /home/gradle/.gradle/jdks/oracle_corporation-24-amd64-linux.2/bin/java, args: [-Xms4m, -Xmx64m, -XX:+UseSerialGC, -ea, -esa, -Dtests.testfeatures.enabled=true, -Dingest.geoip.downloader.enabled.default=false, -Dcli.name=server, -Dcli.script=../../../../../../../../distribution/archives/linux-tar/build/install/elasticsearch-8.19.0-SNAPSHOT/bin/elasticsearch, -Dcli.libs=lib/tools/server-cli, -Des.path.home=/repo/distribution/archives/linux-tar/build/install/elasticsearch-8.19.0-SNAPSHOT, -Des.path.conf=/repo/qa/full-cluster-restart/build/testrun/v8.19.0_bwcTest/temp/test-cluster3724648714045455545/test-cluster-0/config, -Des.distribution.type=tar, -cp, /repo/distribution/archives/linux-tar/build/install/elasticsearch-8.19.0-SNAPSHOT/lib/*:/repo/distribution/archives/linux-tar/build/install/elasticsearch-8.19.0-SNAPSHOT/lib/cli-launcher/*, org.elasticsearch.launcher.CliToolLauncher], startTime: Optional[2025-12-04T07:51:09.680Z], totalTime: Optional[PT6.7S]]
[2025-12-04T07:51:59,035][INFO ][o.e.t.c.u.ProcessUtils   ] [[test-cluster-node-executor-0]] Terminating Elasticsearch process  forcibly : [user: Optional[gradle], cmd: /home/gradle/.gradle/jdks/oracle_corporation-24-amd64-linux.2/bin/java, args: [-Xms4m, -Xmx64m, -XX:+UseSerialGC, -ea, -esa, -Dtests.testfeatures.enabled=true, -Dingest.geoip.downloader.enabled.default=false, -Dcli.name=server, -Dcli.script=../../../../../../../../distribution/archives/linux-tar/build/install/elasticsearch-8.19.0-SNAPSHOT/bin/elasticsearch, -Dcli.libs=lib/tools/server-cli, -Des.path.home=/repo/distribution/archives/linux-tar/build/install/elasticsearch-8.19.0-SNAPSHOT, -Des.path.conf=/repo/qa/full-cluster-restart/build/testrun/v8.19.0_bwcTest/temp/test-cluster3724648714045455545/test-cluster-1/config, -Des.distribution.type=tar, -cp, /repo/distribution/archives/linux-tar/build/install/elasticsearch-8.19.0-SNAPSHOT/lib/*:/repo/distribution/archives/linux-tar/build/install/elasticsearch-8.19.0-SNAPSHOT/lib/cli-launcher/*, org.elasticsearch.launcher.CliToolLauncher], startTime: Optional[2025-12-04T07:51:09.640Z], totalTime: Optional[PT6.74S]]
[2025-12-04T07:51:59,054][INFO ][o.e.n.Node               ] [test-cluster-0] stopping ...
[2025-12-04T07:51:59,057][INFO ][o.e.n.Node               ] [test-cluster-1] stopping ...
[2025-12-04T07:51:59,058][INFO ][o.e.c.f.AbstractFileWatchingService] [test-cluster-1] shutting down watcher thread
[2025-12-04T07:52:00,038][INFO ][o.e.t.c.u.ProcessUtils   ] [[test-cluster-node-executor-1]] Terminating Elasticsearch process  forcibly : [user: Optional[gradle], cmd: /home/gradle/.gradle/jdks/oracle_corporation-24-amd64-linux.2/bin/java, args: [-Des.networkaddress.cache.ttl=60, -Des.networkaddress.cache.negative.ttl=10, -XX:+AlwaysPreTouch, -Xss1m, -Djava.awt.headless=true, -Dfile.encoding=UTF-8, -Djna.nosys=true, -XX:-OmitStackTraceInFastThrow, -Dio.netty.noUnsafe=true, -Dio.netty.noKeySetOptimization=true, -Dio.netty.recycler.maxCapacityPerThread=0, -Dlog4j.shutdownHookEnabled=false, -Dlog4j2.disable.jmx=true, -Dlog4j2.formatMsgNoLookups=true, -Djava.locale.providers=CLDR, -Dorg.apache.lucene.vectorization.upperJavaFeatureVersion=24, -Des.distribution.type=tar, -Des.java.type=null, --enable-native-access=org.elasticsearch.nativeaccess,org.apache.lucene.core, --enable-native-access=ALL-UNNAMED, --illegal-native-access=deny, -XX:ReplayDataFile=logs/replay_pid%p.log, -Des.entitlements.enabled=true, -XX:+EnableDynamicAgentLoading, -Djdk.attach.allowAttachSelf=true, --patch-module=java.base=lib/entitlement-bridge/elasticsearch-entitlement-bridge-8.19.0-SNAPSHOT.jar, --add-exports=java.base/org.elasticsearch.entitlement.bridge=org.elasticsearch.entitlement,java.logging,java.net.http,java.naming,jdk.net, -XX:+UseG1GC, -Djava.io.tmpdir=/repo/qa/full-cluster-restart/build/testrun/v8.19.0_bwcTest/temp/test-cluster3724648714045455545/test-cluster-0/tmp, --add-modules=jdk.incubator.vector, -XX:+HeapDumpOnOutOfMemoryError, -XX:+ExitOnOutOfMemoryError, -XX:HeapDumpPath=/repo/qa/full-cluster-restart/build/testrun/v8.19.0_bwcTest/temp/test-cluster3724648714045455545/test-cluster-0/logs, -XX:ErrorFile=/repo/qa/full-cluster-restart/build/testrun/v8.19.0_bwcTest/temp/test-cluster3724648714045455545/test-cluster-0/logs/hs_err_pid%p.log, -Xlog:gc*,gc+age=trace,safepoint:file=/repo/qa/full-cluster-restart/build/testrun/v8.19.0_bwcTest/temp/test-cluster3724648714045455545/test-cluster-0/logs/gc.log:utctime,level,pid,tags:filecount=32,filesize=64m, -Xms512m, -Xmx512m, -ea, -esa, -Dtests.testfeatures.enabled=true, -Dingest.geoip.downloader.enabled.default=false, -XX:MaxDirectMemorySize=268435456, -XX:G1HeapRegionSize=4m, -XX:InitiatingHeapOccupancyPercent=30, -XX:G1ReservePercent=15, --module-path, /repo/distribution/archives/linux-tar/build/install/elasticsearch-8.19.0-SNAPSHOT/lib, --add-modules=jdk.net, --add-modules=jdk.management.agent, --add-modules=ALL-MODULE-PATH, -m, org.elasticsearch.server/org.elasticsearch.bootstrap.Elasticsearch], startTime: Optional[2025-12-04T07:51:13.970Z], totalTime: Optional[PT1M11.05S]]
[2025-12-04T07:52:00,038][INFO ][o.e.t.c.u.ProcessUtils   ] [[test-cluster-node-executor-0]] Terminating Elasticsearch process  forcibly : [user: Optional[gradle], cmd: /home/gradle/.gradle/jdks/oracle_corporation-24-amd64-linux.2/bin/java, args: [-Des.networkaddress.cache.ttl=60, -Des.networkaddress.cache.negative.ttl=10, -XX:+AlwaysPreTouch, -Xss1m, -Djava.awt.headless=true, -Dfile.encoding=UTF-8, -Djna.nosys=true, -XX:-OmitStackTraceInFastThrow, -Dio.netty.noUnsafe=true, -Dio.netty.noKeySetOptimization=true, -Dio.netty.recycler.maxCapacityPerThread=0, -Dlog4j.shutdownHookEnabled=false, -Dlog4j2.disable.jmx=true, -Dlog4j2.formatMsgNoLookups=true, -Djava.locale.providers=CLDR, -Dorg.apache.lucene.vectorization.upperJavaFeatureVersion=24, -Des.distribution.type=tar, -Des.java.type=null, --enable-native-access=org.elasticsearch.nativeaccess,org.apache.lucene.core, --enable-native-access=ALL-UNNAMED, --illegal-native-access=deny, -XX:ReplayDataFile=logs/replay_pid%p.log, -Des.entitlements.enabled=true, -XX:+EnableDynamicAgentLoading, -Djdk.attach.allowAttachSelf=true, --patch-module=java.base=lib/entitlement-bridge/elasticsearch-entitlement-bridge-8.19.0-SNAPSHOT.jar, --add-exports=java.base/org.elasticsearch.entitlement.bridge=org.elasticsearch.entitlement,java.logging,java.net.http,java.naming,jdk.net, -XX:+UseG1GC, -Djava.io.tmpdir=/repo/qa/full-cluster-restart/build/testrun/v8.19.0_bwcTest/temp/test-cluster3724648714045455545/test-cluster-1/tmp, --add-modules=jdk.incubator.vector, -XX:+HeapDumpOnOutOfMemoryError, -XX:+ExitOnOutOfMemoryError, -XX:HeapDumpPath=/repo/qa/full-cluster-restart/build/testrun/v8.19.0_bwcTest/temp/test-cluster3724648714045455545/test-cluster-1/logs, -XX:ErrorFile=/repo/qa/full-cluster-restart/build/testrun/v8.19.0_bwcTest/temp/test-cluster3724648714045455545/test-cluster-1/logs/hs_err_pid%p.log, -Xlog:gc*,gc+age=trace,safepoint:file=/repo/qa/full-cluster-restart/build/testrun/v8.19.0_bwcTest/temp/test-cluster3724648714045455545/test-cluster-1/logs/gc.log:utctime,level,pid,tags:filecount=32,filesize=64m, -Xms512m, -Xmx512m, -ea, -esa, -Dtests.testfeatures.enabled=true, -Dingest.geoip.downloader.enabled.default=false, -XX:MaxDirectMemorySize=268435456, -XX:G1HeapRegionSize=4m, -XX:InitiatingHeapOccupancyPercent=30, -XX:G1ReservePercent=15, --module-path, /repo/distribution/archives/linux-tar/build/install/elasticsearch-8.19.0-SNAPSHOT/lib, --add-modules=jdk.net, --add-modules=jdk.management.agent, --add-modules=ALL-MODULE-PATH, -m, org.elasticsearch.server/org.elasticsearch.bootstrap.Elasticsearch], startTime: Optional[2025-12-04T07:51:14.100Z], totalTime: Optional[PT1M10.74S]]
]]></system-out>
  <system-err><![CDATA[Dec 04, 2025 7:50:24 AM org.apache.lucene.internal.vectorization.VectorizationProvider lookup
WARNING: You are running with Java 23 or later. To make full use of the Vector API, please update Apache Lucene.
]]></system-err>
</testsuite>
